2025-04-02 22:42:11,590 DEBUG <input> - Connected to the PostgreSQL database successfully.
2025-04-02 22:42:11,591 INFO <input> - Found 23 sightings with valid location and event date.
2025-04-02 22:42:11,591 INFO <input> - Fetching flight data for sighting 1 (lat: 38.390597711713916, lon: -86.93148192268099)
2025-04-02 22:42:11,593 DEBUG connectionpool - Starting new HTTPS connection (1): adsbexchange-com1.p.rapidapi.com:443
2025-04-02 22:42:12,066 DEBUG connectionpool - https://adsbexchange-com1.p.rapidapi.com:443 "GET /v2/lat/38.390597711713916/lon/-86.93148192268099/dist/25/ HTTP/1.1" 200 None
2025-04-02 22:42:12,066 INFO <input> - Fetched 2 flight records for location (38.390598, -86.931482)
2025-04-02 22:42:12,093 DEBUG <input> - Connected to the PostgreSQL database successfully.
2025-04-02 22:42:12,100 INFO <input> - Inserted 2 flight records for uap_source 1
2025-04-02 22:42:12,102 INFO <input> - Fetching flight data for sighting 2 (lat: 32.250448254515796, lon: -110.98845165348575)
2025-04-02 22:42:12,103 DEBUG connectionpool - Starting new HTTPS connection (1): adsbexchange-com1.p.rapidapi.com:443
2025-04-02 22:42:12,516 DEBUG connectionpool - https://adsbexchange-com1.p.rapidapi.com:443 "GET /v2/lat/32.250448254515796/lon/-110.98845165348575/dist/25/ HTTP/1.1" 200 None
2025-04-02 22:42:12,516 INFO <input> - Fetched 3 flight records for location (32.250448, -110.988452)
2025-04-02 22:42:12,548 DEBUG <input> - Connected to the PostgreSQL database successfully.
2025-04-02 22:42:12,554 INFO <input> - Inserted 3 flight records for uap_source 2
2025-04-02 22:42:12,556 INFO <input> - Fetching flight data for sighting 3 (lat: 33.697105038423075, lon: -117.18538066119046)
2025-04-02 22:42:12,557 DEBUG connectionpool - Starting new HTTPS connection (1): adsbexchange-com1.p.rapidapi.com:443
2025-04-02 22:42:12,984 DEBUG connectionpool - https://adsbexchange-com1.p.rapidapi.com:443 "GET /v2/lat/33.697105038423075/lon/-117.18538066119046/dist/25/ HTTP/1.1" 200 None
2025-04-02 22:42:12,985 INFO <input> - Fetched 4 flight records for location (33.697105, -117.185381)
2025-04-02 22:42:13,012 DEBUG <input> - Connected to the PostgreSQL database successfully.
2025-04-02 22:42:13,018 INFO <input> - Inserted 4 flight records for uap_source 3
2025-04-02 22:42:13,020 INFO <input> - Fetching flight data for sighting 11 (lat: 41.08940419253974, lon: -85.34777035096441)
2025-04-02 22:42:13,021 DEBUG connectionpool - Starting new HTTPS connection (1): adsbexchange-com1.p.rapidapi.com:443
2025-04-02 22:42:13,439 DEBUG connectionpool - https://adsbexchange-com1.p.rapidapi.com:443 "GET /v2/lat/41.08940419253974/lon/-85.34777035096441/dist/25/ HTTP/1.1" 200 None
2025-04-02 22:42:13,439 INFO <input> - Fetched 2 flight records for location (41.089404, -85.347770)
2025-04-02 22:42:13,468 DEBUG <input> - Connected to the PostgreSQL database successfully.
2025-04-02 22:42:13,474 INFO <input> - Inserted 2 flight records for uap_source 11
2025-04-02 22:42:13,476 INFO <input> - Fetching flight data for sighting 4 (lat: 53.364599030623936, lon: -2.283372539434854)
2025-04-02 22:42:13,476 DEBUG connectionpool - Starting new HTTPS connection (1): adsbexchange-com1.p.rapidapi.com:443
2025-04-02 22:42:13,887 DEBUG connectionpool - https://adsbexchange-com1.p.rapidapi.com:443 "GET /v2/lat/53.364599030623936/lon/-2.283372539434854/dist/25/ HTTP/1.1" 200 None
2025-04-02 22:42:13,888 INFO <input> - Fetched 26 flight records for location (53.364599, -2.283373)
2025-04-02 22:42:13,916 DEBUG <input> - Connected to the PostgreSQL database successfully.
2025-04-02 22:42:13,924 INFO <input> - Inserted 26 flight records for uap_source 4
2025-04-02 22:42:13,926 INFO <input> - Fetching flight data for sighting 5 (lat: 54.444543498827635, lon: -1.6157472711448821)
2025-04-02 22:42:13,927 DEBUG connectionpool - Starting new HTTPS connection (1): adsbexchange-com1.p.rapidapi.com:443
2025-04-02 22:42:14,333 DEBUG connectionpool - https://adsbexchange-com1.p.rapidapi.com:443 "GET /v2/lat/54.444543498827635/lon/-1.6157472711448821/dist/25/ HTTP/1.1" 200 None
2025-04-02 22:42:14,334 INFO <input> - Fetched 2 flight records for location (54.444543, -1.615747)
2025-04-02 22:42:14,362 DEBUG <input> - Connected to the PostgreSQL database successfully.
2025-04-02 22:42:14,368 INFO <input> - Inserted 2 flight records for uap_source 5
2025-04-02 22:42:14,370 INFO <input> - Fetching flight data for sighting 6 (lat: 52.44589994516685, lon: 0.6229185047244249)
2025-04-02 22:42:14,370 DEBUG connectionpool - Starting new HTTPS connection (1): adsbexchange-com1.p.rapidapi.com:443
2025-04-02 22:42:14,799 DEBUG connectionpool - https://adsbexchange-com1.p.rapidapi.com:443 "GET /v2/lat/52.44589994516685/lon/0.6229185047244249/dist/25/ HTTP/1.1" 200 None
2025-04-02 22:42:14,799 INFO <input> - Fetched 2 flight records for location (52.445900, 0.622919)
2025-04-02 22:42:14,827 DEBUG <input> - Connected to the PostgreSQL database successfully.
2025-04-02 22:42:14,833 INFO <input> - Inserted 2 flight records for uap_source 6
2025-04-02 22:42:14,834 INFO <input> - Fetching flight data for sighting 9 (lat: 53.5563035, lon: -3.0656565)
2025-04-02 22:42:14,835 DEBUG connectionpool - Starting new HTTPS connection (1): adsbexchange-com1.p.rapidapi.com:443
2025-04-02 22:42:15,266 DEBUG connectionpool - https://adsbexchange-com1.p.rapidapi.com:443 "GET /v2/lat/53.5563035/lon/-3.0656565/dist/25/ HTTP/1.1" 200 None
2025-04-02 22:42:15,266 INFO <input> - Fetched 7 flight records for location (53.556303, -3.065656)
2025-04-02 22:42:15,296 DEBUG <input> - Connected to the PostgreSQL database successfully.
2025-04-02 22:42:15,302 INFO <input> - Inserted 7 flight records for uap_source 9
2025-04-02 22:42:15,305 INFO <input> - Fetching flight data for sighting 10 (lat: 36.275938499999995, lon: -97.2969140904745)
2025-04-02 22:42:15,305 DEBUG connectionpool - Starting new HTTPS connection (1): adsbexchange-com1.p.rapidapi.com:443
2025-04-02 22:42:15,718 DEBUG connectionpool - https://adsbexchange-com1.p.rapidapi.com:443 "GET /v2/lat/36.275938499999995/lon/-97.2969140904745/dist/25/ HTTP/1.1" 200 None
2025-04-02 22:42:15,718 INFO <input> - Fetched 0 flight records for location (36.275938, -97.296914)
2025-04-02 22:42:15,719 WARNING <input> - No flight data returned for sighting 10
2025-04-02 22:42:15,719 INFO <input> - Fetching flight data for sighting 13 (lat: 32.257877013495886, lon: -109.83584019766857)
2025-04-02 22:42:15,720 DEBUG connectionpool - Starting new HTTPS connection (1): adsbexchange-com1.p.rapidapi.com:443
2025-04-02 22:42:16,145 DEBUG connectionpool - https://adsbexchange-com1.p.rapidapi.com:443 "GET /v2/lat/32.257877013495886/lon/-109.83584019766857/dist/25/ HTTP/1.1" 200 None
2025-04-02 22:42:16,145 INFO <input> - Fetched 2 flight records for location (32.257877, -109.835840)
2025-04-02 22:42:16,277 DEBUG <input> - Connected to the PostgreSQL database successfully.
2025-04-02 22:42:16,284 INFO <input> - Inserted 2 flight records for uap_source 13
2025-04-02 22:42:16,286 INFO <input> - Fetching flight data for sighting 8 (lat: 33.4151005, lon: -111.831455)
2025-04-02 22:42:16,286 DEBUG connectionpool - Starting new HTTPS connection (1): adsbexchange-com1.p.rapidapi.com:443
2025-04-02 22:42:16,701 DEBUG connectionpool - https://adsbexchange-com1.p.rapidapi.com:443 "GET /v2/lat/33.4151005/lon/-111.831455/dist/25/ HTTP/1.1" 200 None
2025-04-02 22:42:16,701 INFO <input> - Fetched 61 flight records for location (33.415101, -111.831455)
2025-04-02 22:42:16,731 DEBUG <input> - Connected to the PostgreSQL database successfully.
2025-04-02 22:42:16,740 INFO <input> - Inserted 61 flight records for uap_source 8
2025-04-02 22:42:16,743 INFO <input> - Fetching flight data for sighting 15 (lat: 23.4559809, lon: 85.2557301)
2025-04-02 22:42:16,743 DEBUG connectionpool - Starting new HTTPS connection (1): adsbexchange-com1.p.rapidapi.com:443
2025-04-02 22:42:17,166 DEBUG connectionpool - https://adsbexchange-com1.p.rapidapi.com:443 "GET /v2/lat/23.4559809/lon/85.2557301/dist/25/ HTTP/1.1" 200 None
2025-04-02 22:42:17,167 INFO <input> - Fetched 0 flight records for location (23.455981, 85.255730)
2025-04-02 22:42:17,167 WARNING <input> - No flight data returned for sighting 15
2025-04-02 22:42:17,168 INFO <input> - Fetching flight data for sighting 12 (lat: 51.6722151, lon: -4.139608801647599)
2025-04-02 22:42:17,168 DEBUG connectionpool - Starting new HTTPS connection (1): adsbexchange-com1.p.rapidapi.com:443
2025-04-02 22:42:17,574 DEBUG connectionpool - https://adsbexchange-com1.p.rapidapi.com:443 "GET /v2/lat/51.6722151/lon/-4.139608801647599/dist/25/ HTTP/1.1" 200 None
2025-04-02 22:42:17,574 INFO <input> - Fetched 4 flight records for location (51.672215, -4.139609)
2025-04-02 22:42:17,605 DEBUG <input> - Connected to the PostgreSQL database successfully.
2025-04-02 22:42:17,612 INFO <input> - Inserted 4 flight records for uap_source 12
2025-04-02 22:42:17,614 INFO <input> - Fetching flight data for sighting 26 (lat: 40.7263208, lon: -73.986456)
2025-04-02 22:42:17,615 DEBUG connectionpool - Starting new HTTPS connection (1): adsbexchange-com1.p.rapidapi.com:443
2025-04-02 22:42:18,046 DEBUG connectionpool - https://adsbexchange-com1.p.rapidapi.com:443 "GET /v2/lat/40.7263208/lon/-73.986456/dist/25/ HTTP/1.1" 200 None
2025-04-02 22:42:18,046 INFO <input> - Fetched 61 flight records for location (40.726321, -73.986456)
2025-04-02 22:42:18,078 DEBUG <input> - Connected to the PostgreSQL database successfully.
2025-04-02 22:42:18,087 INFO <input> - Inserted 61 flight records for uap_source 26
2025-04-02 22:42:18,091 INFO <input> - Fetching flight data for sighting 27 (lat: 19.3498606, lon: -99.1619751)
2025-04-02 22:42:18,091 DEBUG connectionpool - Starting new HTTPS connection (1): adsbexchange-com1.p.rapidapi.com:443
2025-04-02 22:42:18,527 DEBUG connectionpool - https://adsbexchange-com1.p.rapidapi.com:443 "GET /v2/lat/19.3498606/lon/-99.1619751/dist/25/ HTTP/1.1" 200 None
2025-04-02 22:42:18,528 INFO <input> - Fetched 9 flight records for location (19.349861, -99.161975)
2025-04-02 22:42:18,556 DEBUG <input> - Connected to the PostgreSQL database successfully.
2025-04-02 22:42:18,563 INFO <input> - Inserted 9 flight records for uap_source 27
2025-04-02 22:42:18,565 INFO <input> - Fetching flight data for sighting 28 (lat: 41.9426657, lon: -70.7618592)
2025-04-02 22:42:18,566 DEBUG connectionpool - Starting new HTTPS connection (1): adsbexchange-com1.p.rapidapi.com:443
2025-04-02 22:42:18,984 DEBUG connectionpool - https://adsbexchange-com1.p.rapidapi.com:443 "GET /v2/lat/41.9426657/lon/-70.7618592/dist/25/ HTTP/1.1" 200 None
2025-04-02 22:42:18,985 INFO <input> - Fetched 1 flight records for location (41.942666, -70.761859)
2025-04-02 22:42:19,014 DEBUG <input> - Connected to the PostgreSQL database successfully.
2025-04-02 22:42:19,021 INFO <input> - Inserted 1 flight records for uap_source 28
2025-04-02 22:42:19,023 INFO <input> - Fetching flight data for sighting 29 (lat: 26.9606125, lon: -82.3576323996642)
2025-04-02 22:42:19,023 DEBUG connectionpool - Starting new HTTPS connection (1): adsbexchange-com1.p.rapidapi.com:443
2025-04-02 22:42:19,434 DEBUG connectionpool - https://adsbexchange-com1.p.rapidapi.com:443 "GET /v2/lat/26.9606125/lon/-82.3576323996642/dist/25/ HTTP/1.1" 200 None
2025-04-02 22:42:19,435 INFO <input> - Fetched 1 flight records for location (26.960612, -82.357632)
2025-04-02 22:42:19,570 DEBUG <input> - Connected to the PostgreSQL database successfully.
2025-04-02 22:42:19,576 INFO <input> - Inserted 1 flight records for uap_source 29
2025-04-02 22:42:19,577 INFO <input> - Fetching flight data for sighting 30 (lat: 45.4371908, lon: 12.3345898)
2025-04-02 22:42:19,578 DEBUG connectionpool - Starting new HTTPS connection (1): adsbexchange-com1.p.rapidapi.com:443
2025-04-02 22:42:19,990 DEBUG connectionpool - https://adsbexchange-com1.p.rapidapi.com:443 "GET /v2/lat/45.4371908/lon/12.3345898/dist/25/ HTTP/1.1" 200 None
2025-04-02 22:42:19,990 INFO <input> - Fetched 3 flight records for location (45.437191, 12.334590)
2025-04-02 22:42:20,131 DEBUG <input> - Connected to the PostgreSQL database successfully.
2025-04-02 22:42:20,138 INFO <input> - Inserted 3 flight records for uap_source 30
2025-04-02 22:42:20,140 INFO <input> - Fetching flight data for sighting 31 (lat: 21.2094892, lon: 72.8317058)
2025-04-02 22:42:20,140 DEBUG connectionpool - Starting new HTTPS connection (1): adsbexchange-com1.p.rapidapi.com:443
2025-04-02 22:42:20,543 DEBUG connectionpool - https://adsbexchange-com1.p.rapidapi.com:443 "GET /v2/lat/21.2094892/lon/72.8317058/dist/25/ HTTP/1.1" 200 None
2025-04-02 22:42:20,544 INFO <input> - Fetched 0 flight records for location (21.209489, 72.831706)
2025-04-02 22:42:20,544 WARNING <input> - No flight data returned for sighting 31
2025-04-02 22:42:20,544 INFO <input> - Fetching flight data for sighting 32 (lat: 19.3498606, lon: -99.1619751)
2025-04-02 22:42:20,545 DEBUG connectionpool - Starting new HTTPS connection (1): adsbexchange-com1.p.rapidapi.com:443
2025-04-02 22:42:20,958 DEBUG connectionpool - https://adsbexchange-com1.p.rapidapi.com:443 "GET /v2/lat/19.3498606/lon/-99.1619751/dist/25/ HTTP/1.1" 200 None
2025-04-02 22:42:20,958 INFO <input> - Fetched 9 flight records for location (19.349861, -99.161975)
2025-04-02 22:42:20,987 DEBUG <input> - Connected to the PostgreSQL database successfully.
2025-04-02 22:42:20,993 INFO <input> - Inserted 9 flight records for uap_source 32
2025-04-02 22:42:20,995 INFO <input> - Fetching flight data for sighting 33 (lat: 52.3895031, lon: -2.2518119)
2025-04-02 22:42:20,996 DEBUG connectionpool - Starting new HTTPS connection (1): adsbexchange-com1.p.rapidapi.com:443
2025-04-02 22:42:21,413 DEBUG connectionpool - https://adsbexchange-com1.p.rapidapi.com:443 "GET /v2/lat/52.3895031/lon/-2.2518119/dist/25/ HTTP/1.1" 200 None
2025-04-02 22:42:21,413 INFO <input> - Fetched 6 flight records for location (52.389503, -2.251812)
2025-04-02 22:42:21,455 DEBUG <input> - Connected to the PostgreSQL database successfully.
2025-04-02 22:42:21,461 INFO <input> - Inserted 6 flight records for uap_source 33
2025-04-02 22:42:21,463 INFO <input> - Fetching flight data for sighting 34 (lat: 39.447770899999995, lon: -76.41912556678145)
2025-04-02 22:42:21,464 DEBUG connectionpool - Starting new HTTPS connection (1): adsbexchange-com1.p.rapidapi.com:443
2025-04-02 22:42:21,897 DEBUG connectionpool - https://adsbexchange-com1.p.rapidapi.com:443 "GET /v2/lat/39.447770899999995/lon/-76.41912556678145/dist/25/ HTTP/1.1" 200 None
2025-04-02 22:42:21,897 INFO <input> - Fetched 0 flight records for location (39.447771, -76.419126)
2025-04-02 22:42:21,898 WARNING <input> - No flight data returned for sighting 34
2025-04-02 22:42:21,898 INFO <input> - Fetching flight data for sighting 37 (lat: -29.902631, lon: -71.2520253)
2025-04-02 22:42:21,898 DEBUG connectionpool - Starting new HTTPS connection (1): adsbexchange-com1.p.rapidapi.com:443
2025-04-02 22:42:22,314 DEBUG connectionpool - https://adsbexchange-com1.p.rapidapi.com:443 "GET /v2/lat/-29.902631/lon/-71.2520253/dist/25/ HTTP/1.1" 200 None
2025-04-02 22:42:22,314 INFO <input> - Fetched 0 flight records for location (-29.902631, -71.252025)
2025-04-02 22:42:22,315 WARNING <input> - No flight data returned for sighting 37
2025-04-02 22:42:22,315 INFO <input> - Finished updating flight data for existing sightings.
