2025-04-02 22:34:40,858 DEBUG <input> - Connected to the PostgreSQL database successfully.
2025-04-02 22:34:40,859 INFO <input> - Found 23 sightings with valid location and event date.
2025-04-02 22:34:40,859 INFO <input> - Fetching flight data for sighting 1 (lat: 38.390597711713916, lon: -86.93148192268099)
2025-04-02 22:34:40,861 DEBUG connectionpool - Starting new HTTPS connection (1): adsbexchange-com1.p.rapidapi.com:443
2025-04-02 22:34:41,525 DEBUG connectionpool - https://adsbexchange-com1.p.rapidapi.com:443 "GET /v2/lat/38.390597711713916/lon/-86.93148192268099/dist/25/ HTTP/1.1" 200 None
2025-04-02 22:34:41,526 INFO <input> - Fetched 3 flight records for location (38.390598, -86.931482)
2025-04-02 22:34:41,554 DEBUG <input> - Connected to the PostgreSQL database successfully.
2025-04-02 22:34:41,556 ERROR <input> - Error inserting flight data: permission denied for table flight_data

2025-04-02 22:34:41,556 INFO <input> - Fetching flight data for sighting 2 (lat: 32.250448254515796, lon: -110.98845165348575)
2025-04-02 22:34:41,557 DEBUG connectionpool - Starting new HTTPS connection (1): adsbexchange-com1.p.rapidapi.com:443
2025-04-02 22:34:41,997 DEBUG connectionpool - https://adsbexchange-com1.p.rapidapi.com:443 "GET /v2/lat/32.250448254515796/lon/-110.98845165348575/dist/25/ HTTP/1.1" 200 None
2025-04-02 22:34:41,997 INFO <input> - Fetched 6 flight records for location (32.250448, -110.988452)
2025-04-02 22:34:42,026 DEBUG <input> - Connected to the PostgreSQL database successfully.
2025-04-02 22:34:42,027 ERROR <input> - Error inserting flight data: permission denied for table flight_data

2025-04-02 22:34:42,028 INFO <input> - Fetching flight data for sighting 3 (lat: 33.697105038423075, lon: -117.18538066119046)
2025-04-02 22:34:42,028 DEBUG connectionpool - Starting new HTTPS connection (1): adsbexchange-com1.p.rapidapi.com:443
2025-04-02 22:34:42,456 DEBUG connectionpool - https://adsbexchange-com1.p.rapidapi.com:443 "GET /v2/lat/33.697105038423075/lon/-117.18538066119046/dist/25/ HTTP/1.1" 200 None
2025-04-02 22:34:42,456 INFO <input> - Fetched 8 flight records for location (33.697105, -117.185381)
2025-04-02 22:34:42,484 DEBUG <input> - Connected to the PostgreSQL database successfully.
2025-04-02 22:34:42,485 ERROR <input> - Error inserting flight data: permission denied for table flight_data

2025-04-02 22:34:42,486 INFO <input> - Fetching flight data for sighting 11 (lat: 41.08940419253974, lon: -85.34777035096441)
2025-04-02 22:34:42,486 DEBUG connectionpool - Starting new HTTPS connection (1): adsbexchange-com1.p.rapidapi.com:443
2025-04-02 22:34:42,911 DEBUG connectionpool - https://adsbexchange-com1.p.rapidapi.com:443 "GET /v2/lat/41.08940419253974/lon/-85.34777035096441/dist/25/ HTTP/1.1" 200 None
2025-04-02 22:34:42,912 INFO <input> - Fetched 2 flight records for location (41.089404, -85.347770)
2025-04-02 22:34:42,941 DEBUG <input> - Connected to the PostgreSQL database successfully.
2025-04-02 22:34:42,942 ERROR <input> - Error inserting flight data: permission denied for table flight_data

2025-04-02 22:34:42,943 INFO <input> - Fetching flight data for sighting 4 (lat: 53.364599030623936, lon: -2.283372539434854)
2025-04-02 22:34:42,943 DEBUG connectionpool - Starting new HTTPS connection (1): adsbexchange-com1.p.rapidapi.com:443
2025-04-02 22:34:43,362 DEBUG connectionpool - https://adsbexchange-com1.p.rapidapi.com:443 "GET /v2/lat/53.364599030623936/lon/-2.283372539434854/dist/25/ HTTP/1.1" 200 None
2025-04-02 22:34:43,362 INFO <input> - Fetched 26 flight records for location (53.364599, -2.283373)
2025-04-02 22:34:43,391 DEBUG <input> - Connected to the PostgreSQL database successfully.
2025-04-02 22:34:43,393 ERROR <input> - Error inserting flight data: permission denied for table flight_data

2025-04-02 22:34:43,394 INFO <input> - Fetching flight data for sighting 5 (lat: 54.444543498827635, lon: -1.6157472711448821)
2025-04-02 22:34:43,394 DEBUG connectionpool - Starting new HTTPS connection (1): adsbexchange-com1.p.rapidapi.com:443
2025-04-02 22:34:43,803 DEBUG connectionpool - https://adsbexchange-com1.p.rapidapi.com:443 "GET /v2/lat/54.444543498827635/lon/-1.6157472711448821/dist/25/ HTTP/1.1" 200 None
2025-04-02 22:34:43,804 INFO <input> - Fetched 2 flight records for location (54.444543, -1.615747)
2025-04-02 22:34:43,831 DEBUG <input> - Connected to the PostgreSQL database successfully.
2025-04-02 22:34:43,832 ERROR <input> - Error inserting flight data: permission denied for table flight_data

2025-04-02 22:34:43,833 INFO <input> - Fetching flight data for sighting 6 (lat: 52.44589994516685, lon: 0.6229185047244249)
2025-04-02 22:34:43,834 DEBUG connectionpool - Starting new HTTPS connection (1): adsbexchange-com1.p.rapidapi.com:443
2025-04-02 22:34:44,246 DEBUG connectionpool - https://adsbexchange-com1.p.rapidapi.com:443 "GET /v2/lat/52.44589994516685/lon/0.6229185047244249/dist/25/ HTTP/1.1" 200 None
2025-04-02 22:34:44,246 INFO <input> - Fetched 3 flight records for location (52.445900, 0.622919)
2025-04-02 22:34:44,274 DEBUG <input> - Connected to the PostgreSQL database successfully.
2025-04-02 22:34:44,275 ERROR <input> - Error inserting flight data: permission denied for table flight_data

2025-04-02 22:34:44,276 INFO <input> - Fetching flight data for sighting 9 (lat: 53.5563035, lon: -3.0656565)
2025-04-02 22:34:44,276 DEBUG connectionpool - Starting new HTTPS connection (1): adsbexchange-com1.p.rapidapi.com:443
2025-04-02 22:34:44,725 DEBUG connectionpool - https://adsbexchange-com1.p.rapidapi.com:443 "GET /v2/lat/53.5563035/lon/-3.0656565/dist/25/ HTTP/1.1" 200 None
2025-04-02 22:34:44,726 INFO <input> - Fetched 8 flight records for location (53.556303, -3.065656)
2025-04-02 22:34:44,756 DEBUG <input> - Connected to the PostgreSQL database successfully.
2025-04-02 22:34:44,757 ERROR <input> - Error inserting flight data: permission denied for table flight_data

2025-04-02 22:34:44,757 INFO <input> - Fetching flight data for sighting 10 (lat: 36.275938499999995, lon: -97.2969140904745)
2025-04-02 22:34:44,758 DEBUG connectionpool - Starting new HTTPS connection (1): adsbexchange-com1.p.rapidapi.com:443
2025-04-02 22:34:45,158 DEBUG connectionpool - https://adsbexchange-com1.p.rapidapi.com:443 "GET /v2/lat/36.275938499999995/lon/-97.2969140904745/dist/25/ HTTP/1.1" 200 None
2025-04-02 22:34:45,158 INFO <input> - Fetched 0 flight records for location (36.275938, -97.296914)
2025-04-02 22:34:45,159 WARNING <input> - No flight data returned for sighting 10
2025-04-02 22:34:45,159 INFO <input> - Fetching flight data for sighting 13 (lat: 32.257877013495886, lon: -109.83584019766857)
2025-04-02 22:34:45,160 DEBUG connectionpool - Starting new HTTPS connection (1): adsbexchange-com1.p.rapidapi.com:443
2025-04-02 22:34:45,563 DEBUG connectionpool - https://adsbexchange-com1.p.rapidapi.com:443 "GET /v2/lat/32.257877013495886/lon/-109.83584019766857/dist/25/ HTTP/1.1" 200 None
2025-04-02 22:34:45,564 INFO <input> - Fetched 2 flight records for location (32.257877, -109.835840)
2025-04-02 22:34:45,590 DEBUG <input> - Connected to the PostgreSQL database successfully.
2025-04-02 22:34:45,591 ERROR <input> - Error inserting flight data: permission denied for table flight_data

2025-04-02 22:34:45,591 INFO <input> - Fetching flight data for sighting 8 (lat: 33.4151005, lon: -111.831455)
2025-04-02 22:34:45,592 DEBUG connectionpool - Starting new HTTPS connection (1): adsbexchange-com1.p.rapidapi.com:443
2025-04-02 22:34:45,999 DEBUG connectionpool - https://adsbexchange-com1.p.rapidapi.com:443 "GET /v2/lat/33.4151005/lon/-111.831455/dist/25/ HTTP/1.1" 200 None
2025-04-02 22:34:46,000 INFO <input> - Fetched 69 flight records for location (33.415101, -111.831455)
2025-04-02 22:34:46,028 DEBUG <input> - Connected to the PostgreSQL database successfully.
2025-04-02 22:34:46,031 ERROR <input> - Error inserting flight data: permission denied for table flight_data

2025-04-02 22:34:46,032 INFO <input> - Fetching flight data for sighting 15 (lat: 23.4559809, lon: 85.2557301)
2025-04-02 22:34:46,032 DEBUG connectionpool - Starting new HTTPS connection (1): adsbexchange-com1.p.rapidapi.com:443
2025-04-02 22:34:46,471 DEBUG connectionpool - https://adsbexchange-com1.p.rapidapi.com:443 "GET /v2/lat/23.4559809/lon/85.2557301/dist/25/ HTTP/1.1" 200 None
2025-04-02 22:34:46,471 INFO <input> - Fetched 0 flight records for location (23.455981, 85.255730)
2025-04-02 22:34:46,472 WARNING <input> - No flight data returned for sighting 15
2025-04-02 22:34:46,472 INFO <input> - Fetching flight data for sighting 12 (lat: 51.6722151, lon: -4.139608801647599)
2025-04-02 22:34:46,472 DEBUG connectionpool - Starting new HTTPS connection (1): adsbexchange-com1.p.rapidapi.com:443
