2025-04-08 09:25:18,600 DEBUG <input> - Connected to the PostgreSQL database successfully.
2025-04-08 09:25:18,601 INFO <input> - Found 27 sightings with valid location and event date.
2025-04-08 09:25:18,601 INFO <input> - Fetching flight data for sighting 1 (lat: 38.390597711713916, lon: -86.93148192268099)
2025-04-08 09:25:18,603 DEBUG connectionpool - Starting new HTTPS connection (1): adsbexchange-com1.p.rapidapi.com:443
2025-04-08 09:25:19,063 DEBUG connectionpool - https://adsbexchange-com1.p.rapidapi.com:443 "GET /v2/lat/38.390597711713916/lon/-86.93148192268099/dist/25/ HTTP/1.1" 200 None
2025-04-08 09:25:19,064 DEBUG <input> - Raw API response: {
    "ac": [
        {
            "hex": "ad6a3e",
            "type": "adsr_icao",
            "flight": "N9634Q  ",
            "r": "N9634Q",
            "t": "C172",
            "alt_baro": 3500,
            "alt_geom": 3450,
            "gs": 97.3,
            "track": 50.42,
            "baro_rate": -192,
            "squawk": "1200",
            "emergency": "none",
            "category": "A1",
            "lat": 38.124023,
            "lon": -87.136131,
            "nic": 0,
            "rc": 0,
            "seen_pos": 6.13,
            "nac_v": 0,
            "alert": 0,
            "spi": 0,
            "mlat": [],
            "tisb": [],
            "messages": 302289,
            "seen": 6.1,
            "rssi": -19.3
        },
        {
            "hex": "a02d0c",
            "type": "adsb_icao",
            "flight": "AMX693  ",
            "r": "N110JS",
            "t": "B38M",
            "alt_baro": 38000,
            "alt_geom": 37975,
            "gs": 418.6,
            "track": 221.61,
            "baro_rate": 0,
            "squawk": "0550",
            "emergency": "none",
            "category": "A3",
            "nav_qnh": 1013.6,
            "nav_altitude_mcp": 38016,
            "nav_heading": 232.03,
            "lat": 38.31319,
            "lon": -87.015182,
            "nic": 8,
            "rc": 186,
            "seen_pos": 0,
            "version": 2,
            "nic_baro": 1,
            "nac_p": 10,
            "nac_v": 2,
            "sil": 3,
            "sil_type": "perhour",
            "gva": 2,
            "sda": 2,
            "alert": 0,
            "spi": 0,
            "mlat": [],
            "tisb": [],
            "messages": 47218882,
            "seen": 0,
            "rssi": -22.7
        },
        {
            "hex": "aa4c42",
            "type": "adsb_icao",
            "flight": "UAL2477 ",
            "r": "N76269",
            "t": "B738",
            "alt_baro": 37000,
            "alt_geom": 37000,
            "gs": 497.2,
            "track": 46.39,
            "baro_rate": 0,
            "squawk": "2760",
            "emergency": "none",
            "category": "A3",
            "nav_qnh": 1013.6,
            "nav_altitude_mcp": 36992,
            "nav_heading": 44.3,
            "lat": 38.009483,
            "lon": -86.94986,
            "nic": 8,
            "rc": 186,
            "seen_pos": 0.25,
            "version": 2,
            "nic_baro": 1,
            "nac_p": 9,
            "nac_v": 1,
            "sil": 3,
            "sil_type": "perhour",
            "gva": 2,
            "sda": 2,
            "alert": 0,
            "spi": 0,
            "mlat": [],
            "tisb": [],
            "messages": 65107142,
            "seen": 0.2,
            "rssi": -17.8
        },
        {
            "hex": "ab4515",
            "type": "adsb_icao",
            "flight": "SCX8133 ",
            "r": "N825SY",
            "t": "B738",
            "alt_baro": 37000,
            "alt_geom": 36825,
            "gs": 456.6,
            "track": 18.91,
            "baro_rate": 0,
            "squawk": "2774",
            "emergency": "none",
            "category": "A3",
            "nav_qnh": 1013.6,
            "nav_altitude_mcp": 36992,
            "nav_heading": 14.77,
            "lat": 38.677692,
            "lon": -86.884094,
            "nic": 8,
            "rc": 186,
            "seen_pos": 0.04,
            "version": 2,
            "nic_baro": 1,
            "nac_p": 10,
            "nac_v": 2,
            "sil": 3,
            "sil_type": "perhour",
            "gva": 2,
            "sda": 2,
            "alert": 0,
            "spi": 0,
            "mlat": [],
            "tisb": [],
            "messages": 64159956,
            "seen": 0,
            "rssi": -17.8
        },
        {
            "hex": "acffb7",
            "type": "adsb_icao",
            "flight": "AAL2712 ",
            "r": "N937AN",
            "t": "B738",
            "alt_baro": 36000,
            "alt_geom": 35975,
            "gs": 401.8,
            "track": 293.31,
            "baro_rate": 0,
            "squawk": "1773",
            "emergency": "none",
            "category": "A3",
            "nav_qnh": 1013.6,
            "nav_altitude_mcp": 36000,
            "nav_heading": 296.02,
            "lat": 38.461643,
            "lon": -86.764465,
            "nic": 8,
            "rc": 186,
            "seen_pos": 0.04,
            "version": 2,
            "nic_baro": 1,
            "nac_p": 9,
            "nac_v": 1,
            "sil": 3,
            "sil_type": "perhour",
            "gva": 2,
            "sda": 2,
            "alert": 0,
            "spi": 0,
            "mlat": [],
            "tisb": [],
            "messages": 66484415,
            "seen": 0,
            "rssi": -14.7
        }
    ],
    "msg": "No error",
    "now": 1744129519031,
    "total": 5,
    "ctime": 1744129515500,
    "ptime": 0
}
2025-04-08 09:25:19,064 INFO <input> - Fetched 5 flight records for location (38.390598, -86.931482)
2025-04-08 09:25:19,195 DEBUG <input> - Connected to the PostgreSQL database successfully.
2025-04-08 09:25:19,201 ERROR <input> - Error inserting flight data: null value in column "uap_source" of relation "flight_data" violates not-null constraint
DETAIL:  Failing row contains (null, null, null, null, null, null, null, null, null, null, null, null, null, null, null, null, null, null, null, null, null, null, null, null, null, null, null, null, null, null, 38.124023, -87.136131, null, null, null, null, null, null, null, null, null, null, 1, {"r": "N9634Q", "t": "C172", "gs": 97.3, "rc": 0, "hex": "ad6a3e..., 1).

2025-04-08 09:25:19,202 INFO <input> - Fetching flight data for sighting 2 (lat: 32.250448254515796, lon: -110.98845165348575)
2025-04-08 09:25:19,202 DEBUG connectionpool - Starting new HTTPS connection (1): adsbexchange-com1.p.rapidapi.com:443
2025-04-08 09:25:19,632 DEBUG connectionpool - https://adsbexchange-com1.p.rapidapi.com:443 "GET /v2/lat/32.250448254515796/lon/-110.98845165348575/dist/25/ HTTP/1.1" 200 None
2025-04-08 09:25:19,633 DEBUG <input> - Raw API response: {
    "ac": [
        {
            "hex": "aa9c1d",
            "type": "adsb_icao",
            "flight": "EPI783  ",
            "r": "N783EP",
            "t": "C172",
            "alt_baro": 4475,
            "alt_geom": 4600,
            "gs": 97.9,
            "track": 82.37,
            "baro_rate": 576,
            "squawk": "0427",
            "emergency": "none",
            "category": "A1",
            "nav_qnh": 1020,
            "nav_altitude_mcp": 5504,
            "nav_heading": 63.98,
            "nav_modes": [],
            "lat": 32.019196,
            "lon": -111.334244,
            "nic": 9,
            "rc": 75,
            "seen_pos": 0.27,
            "version": 2,
            "nic_baro": 1,
            "nac_p": 10,
            "nac_v": 2,
            "sil": 3,
            "sil_type": "perhour",
            "gva": 2,
            "sda": 2,
            "alert": 0,
            "spi": 0,
            "mlat": [],
            "tisb": [],
            "messages": 23127387,
            "seen": 0.1,
            "rssi": -10.8
        },
        {
            "hex": "a09b93",
            "type": "adsb_icao",
            "flight": "N1382M  ",
            "r": "N1382M",
            "t": "C182",
            "alt_baro": 2625,
            "alt_geom": 2700,
            "gs": 103.3,
            "track": 317.35,
            "baro_rate": -256,
            "geom_rate": -192,
            "squawk": "1200",
            "emergency": "none",
            "category": "A1",
            "lat": 32.531822,
            "lon": -111.324799,
            "nic": 9,
            "rc": 75,
            "seen_pos": 0.27,
            "version": 2,
            "nic_baro": 1,
            "nac_p": 10,
            "nac_v": 2,
            "sil": 3,
            "sil_type": "perhour",
            "gva": 2,
            "sda": 2,
            "alert": 0,
            "spi": 0,
            "mlat": [],
            "tisb": [
                "baro_rate"
            ],
            "messages": 860817,
            "seen": 0.1,
            "rssi": -10.9
        },
        {
            "hex": "ad5f11",
            "type": "adsb_icao",
            "flight": "N9604G  ",
            "r": "N9604G",
            "t": "T206",
            "alt_baro": 7800,
            "alt_geom": 8125,
            "gs": 103.5,
            "track": 212.77,
            "geom_rate": 768,
            "squawk": "0434",
            "emergency": "none",
            "category": "A1",
            "lat": 31.985624,
            "lon": -111.323563,
            "nic": 9,
            "rc": 75,
            "seen_pos": 0.27,
            "version": 2,
            "nic_baro": 1,
            "nac_p": 9,
            "nac_v": 1,
            "sil": 3,
            "sil_type": "perhour",
            "gva": 2,
            "sda": 2,
            "alert": 0,
            "spi": 0,
            "mlat": [],
            "tisb": [],
            "messages": 307590,
            "seen": 0.2,
            "rssi": -12.4
        },
        {
            "hex": "a23a09",
            "type": "adsb_icao",
            "flight": "CXK452  ",
            "r": "N24218",
            "t": "C172",
            "dbFlags": 8,
            "alt_baro": 6400,
            "alt_geom": 6600,
            "gs": 118.5,
            "track": 328.46,
            "baro_rate": 0,
            "geom_rate": -128,
            "squawk": "1200",
            "emergency": "none",
            "category": "A1",
            "nav_qnh": 1018.4,
            "nav_altitude_mcp": 6496,
            "nav_modes": [],
            "lat": 32.547134,
            "lon": -111.314743,
            "nic": 9,
            "rc": 75,
            "seen_pos": 0.27,
            "version": 2,
            "nic_baro": 1,
            "nac_p": 10,
            "nac_v": 2,
            "sil": 3,
            "sil_type": "perhour",
            "gva": 2,
            "sda": 2,
            "alert": 0,
            "spi": 0,
            "mlat": [],
            "tisb": [
                "geom_rate"
            ],
            "messages": 26189367,
            "seen": 0.3,
            "rssi": -10.6
        },
        {
            "hex": "a237df",
            "type": "adsb_icao",
            "flight": "EPI242  ",
            "r": "N242EP",
            "t": "C172",
            "alt_baro": 6350,
            "alt_geom": 6575,
            "gs": 109,
            "track": 317.97,
            "baro_rate": 0,
            "squawk": "0405",
            "emergency": "none",
            "category": "A1",
            "nav_qnh": 1020,
            "nav_altitude_mcp": 6496,
            "nav_modes": [],
            "lat": 32.302177,
            "lon": -111.314095,
            "nic": 9,
            "rc": 75,
            "seen_pos": 0.55,
            "version": 2,
            "nic_baro": 1,
            "nac_p": 10,
            "nac_v": 2,
            "sil": 3,
            "sil_type": "perhour",
            "gva": 2,
            "sda": 2,
            "alert": 0,
            "spi": 0,
            "mlat": [],
            "tisb": [],
            "messages": 12638789,
            "seen": 0.3,
            "rssi": -5.6
        },
        {
            "hex": "ad4242",
            "type": "adsb_icao",
            "flight": "N95305  ",
            "r": "N95305",
            "t": "P28A",
            "alt_baro": 5375,
            "alt_geom": 5575,
            "gs": 83.5,
            "track": 224.03,
            "geom_rate": 192,
            "squawk": "1200",
            "emergency": "none",
            "category": "A1",
            "lat": 32.237183,
            "lon": -111.305679,
            "nic": 9,
            "rc": 75,
            "seen_pos": 0.55,
            "version": 2,
            "nic_baro": 1,
            "nac_p": 10,
            "nac_v": 2,
            "sil": 3,
            "sil_type": "perhour",
            "gva": 2,
            "sda": 2,
            "alert": 0,
            "spi": 0,
            "mlat": [],
            "tisb": [],
            "messages": 7188913,
            "seen": 0.3,
            "rssi": -8.1
        },
        {
            "hex": "a1807e",
            "type": "adsb_icao",
            "flight": "SKYVAN6 ",
            "r": "N196WW",
            "t": "SC7",
            "alt_baro": 12100,
            "alt_geom": 12525,
            "gs": 145.6,
            "track": 110.92,
            "geom_rate": -192,
            "squawk": "0440",
            "emergency": "none",
            "category": "A1",
            "lat": 32.412926,
            "lon": -111.276535,
            "nic": 10,
            "rc": 25,
            "seen_pos": 0.17,
            "version": 2,
            "nic_baro": 0,
            "nac_p": 10,
            "nac_v": 1,
            "sil": 3,
            "sil_type": "perhour",
            "gva": 2,
            "sda": 2,
            "alert": 0,
            "spi": 0,
            "mlat": [],
            "tisb": [],
            "messages": 5382282,
            "seen": 0.2,
            "rssi": -17
        },
        {
            "hex": "a17cc7",
            "type": "adsb_icao",
            "flight": "SKYVAN5 ",
            "r": "N195WW",
            "t": "SC7",
            "alt_baro": 11400,
            "alt_geom": 11700,
            "gs": 121.7,
            "track": 218.66,
            "baro_rate": 704,
            "geom_rate": 832,
            "squawk": "0443",
            "emergency": "none",
            "category": "A1",
            "lat": 32.491974,
            "lon": -111.276016,
            "nic": 10,
            "rc": 25,
            "seen_pos": 0.25,
            "version": 2,
            "nic_baro": 0,
            "nac_p": 10,
            "nac_v": 1,
            "sil": 3,
            "sil_type": "perhour",
            "gva": 2,
            "sda": 2,
            "alert": 0,
            "spi": 0,
            "mlat": [],
            "tisb": [
                "baro_rate"
            ],
            "messages": 2746881,
            "seen": 0,
            "rssi": -12.3
        },
        {
            "hex": "a41f12",
            "type": "adsb_icao",
            "flight": "CAP265  ",
            "r": "N365CA",
            "t": "C182",
            "alt_baro": 6525,
            "alt_geom": 6725,
            "gs": 122,
            "track": 102.78,
            "baro_rate": -64,
            "squawk": "0412",
            "emergency": "none",
            "category": "A1",
            "nav_qnh": 1018.4,
            "nav_altitude_mcp": 6496,
            "lat": 31.966782,
            "lon": -111.262993,
            "nic": 9,
            "rc": 75,
            "seen_pos": 0.27,
            "version": 2,
            "nic_baro": 1,
            "nac_p": 10,
            "nac_v": 2,
            "sil": 3,
            "sil_type": "perhour",
            "gva": 2,
            "sda": 2,
            "alert": 0,
            "spi": 0,
            "mlat": [],
            "tisb": [],
            "messages": 3106522,
            "seen": 0.1,
            "rssi": -12.6
        },
        {
            "hex": "ac877f",
            "type": "adsb_icao",
            "flight": "SHERPA6 ",
            "r": "N906WW",
            "t": "SH33",
            "alt_baro": 3800,
            "alt_geom": 4125,
            "gs": 184.2,
            "track": 249.01,
            "baro_rate": -2688,
            "geom_rate": -2688,
            "squawk": "0416",
            "emergency": "none",
            "category": "A2",
            "lat": 32.485199,
            "lon": -111.223061,
            "nic": 10,
            "rc": 25,
            "seen_pos": 0.25,
            "version": 2,
            "nic_baro": 0,
            "nac_p": 10,
            "nac_v": 1,
            "sil": 3,
            "sil_type": "perhour",
            "gva": 2,
            "sda": 2,
            "alert": 0,
            "spi": 0,
            "mlat": [],
            "tisb": [
                "baro_rate"
            ],
            "messages": 3870044,
            "seen": 0.1,
            "rssi": -19.8
        },
        {
            "hex": "a35f24",
            "type": "adsb_icao",
            "flight": "SHERPA5 ",
            "r": "N316WW",
            "t": "SH36",
            "alt_baro": "ground",
            "gs": 4.2,
            "track": 177.19,
            "squawk": "0455",
            "emergency": "none",
            "category": "A2",
            "lat": 32.410789,
            "lon": -111.22097,
            "nic": 10,
            "rc": 25,
            "seen_pos": 55.94,
            "version": 2,
            "nac_p": 10,
            "nac_v": 1,
            "sil": 3,
            "sil_type": "perhour",
            "sda": 2,
            "mlat": [],
            "tisb": [],
            "messages": 5429092,
            "seen": 55.9,
            "rssi": -16
        },
        {
            "hex": "a22142",
            "type": "adsb_icao",
            "flight": "N23607  ",
            "r": "N23607",
            "t": "BE35",
            "alt_baro": "ground",
            "alt_geom": -500,
            "gs": 0,
            "track": 91,
            "baro_rate": 0,
            "squawk": "1200",
            "emergency": "none",
            "category": "A1",
            "lat": 32.404152,
            "lon": -111.2183,
            "nic": 0,
            "rc": 0,
            "seen_pos": 26.44,
            "version": 2,
            "nac_p": 8,
            "nac_v": 2,
            "sil": 3,
            "sil_type": "perhour",
            "sda": 2,
            "mlat": [],
            "tisb": [],
            "messages": 414410,
            "seen": 2.7,
            "rssi": -20.5
        },
        {
            "hex": "a399c6",
            "type": "adsb_icao",
            "flight": "CAP231  ",
            "r": "N331CP",
            "t": "C172",
            "alt_baro": 5600,
            "alt_geom": 5800,
            "gs": 93.1,
            "track": 92.46,
            "baro_rate": 768,
            "squawk": "4327",
            "emergency": "none",
            "category": "A1",
            "nav_qnh": 1018.4,
            "nav_altitude_mcp": 6016,
            "lat": 31.999264,
            "lon": -111.204002,
            "nic": 9,
            "rc": 75,
            "seen_pos": 0.15,
            "version": 2,
            "nic_baro": 1,
            "nac_p": 10,
            "nac_v": 2,
            "sil": 3,
            "sil_type": "perhour",
            "gva": 2,
            "sda": 2,
            "alert": 0,
            "spi": 0,
            "mlat": [],
            "tisb": [],
            "messages": 3763845,
            "seen": 0.1,
            "rssi": -14
        },
        {
            "hex": "a2f292",
            "type": "adsb_icao",
            "flight": "OXF4560 ",
            "r": "N28958",
            "t": "P28A",
            "alt_baro": 5275,
            "alt_geom": 5425,
            "gs": 109.1,
            "track": 328.5,
            "baro_rate": 128,
            "geom_rate": 0,
            "squawk": "1200",
            "emergency": "none",
            "category": "A1",
            "nav_qnh": 1017.6,
            "nav_altitude_mcp": 5504,
            "nav_modes": [],
            "lat": 32.546623,
            "lon": -111.20092,
            "nic": 9,
            "rc": 75,
            "seen_pos": 0.27,
            "version": 2,
            "nic_baro": 1,
            "nac_p": 10,
            "nac_v": 2,
            "sil": 3,
            "sil_type": "perhour",
            "gva": 2,
            "sda": 2,
            "alert": 0,
            "spi": 0,
            "mlat": [],
            "tisb": [
                "geom_rate"
            ],
            "messages": 24910229,
            "seen": 0.3,
            "rssi": -9.4
        },
        {
            "hex": "a9cc07",
            "type": "adsb_icao",
            "flight": "N730LB  ",
            "r": "N730LB",
            "t": "C172",
            "alt_baro": 4300,
            "alt_geom": 4500,
            "gs": 88.4,
            "track": 338.08,
            "baro_rate": 128,
            "geom_rate": 128,
            "squawk": "1200",
            "emergency": "none",
            "category": "A1",
            "lat": 32.529602,
            "lon": -111.183784,
            "nic": 9,
            "rc": 75,
            "seen_pos": 0.19,
            "version": 2,
            "nic_baro": 0,
            "nac_p": 9,
            "nac_v": 1,
            "sil": 3,
            "sil_type": "perhour",
            "gva": 2,
            "sda": 2,
            "alert": 0,
            "spi": 0,
            "mlat": [],
            "tisb": [
                "baro_rate"
            ],
            "messages": 8467808,
            "seen": 0.2,
            "rssi": -12.1
        },
        {
            "hex": "aae924",
            "type": "adsb_icao",
            "flight": "N80187  ",
            "r": "N80187",
            "t": "C172",
            "alt_baro": "ground",
            "gs": 8.8,
            "track": 247.5,
            "squawk": "1200",
            "emergency": "none",
            "category": "A1",
            "lat": 32.140667,
            "lon": -111.181961,
            "nic": 9,
            "rc": 75,
            "seen_pos": 1.14,
            "version": 2,
            "nac_p": 10,
            "nac_v": 2,
            "sil": 3,
            "sil_type": "perhour",
            "sda": 2,
            "mlat": [],
            "tisb": [],
            "messages": 15318913,
            "seen": 1.1,
            "rssi": -2.5
        },
        {
            "hex": "aa3fe7",
            "type": "adsb_icao",
            "flight": "N76HJ   ",
            "r": "N76HJ",
            "t": "C172",
            "alt_baro": 3000,
            "alt_geom": 3025,
            "gs": 90.7,
            "track": 255.96,
            "geom_rate": 0,
            "squawk": "0441",
            "emergency": "none",
            "category": "A1",
            "lat": 32.122833,
            "lon": -111.181313,
            "nic": 9,
            "rc": 75,
            "seen_pos": 1.14,
            "version": 2,
            "nic_baro": 1,
            "nac_p": 9,
            "nac_v": 1,
            "sil": 3,
            "sil_type": "perhour",
            "gva": 2,
            "sda": 2,
            "alert": 0,
            "spi": 0,
            "mlat": [],
            "tisb": [],
            "messages": 7505854,
            "seen": 0.8,
            "rssi": -6.6
        },
        {
            "hex": "a0701e",
            "type": "adsr_icao",
            "flight": "N1270U  ",
            "r": "N1270U",
            "t": "C172",
            "alt_baro": 2275,
            "alt_geom": 2300,
            "gs": 52.8,
            "track": 71.22,
            "baro_rate": 0,
            "squawk": "1200",
            "emergency": "none",
            "category": "A1",
            "lat": 32.142151,
            "lon": -111.179497,
            "nic": 0,
            "rc": 0,
            "seen_pos": 1.14,
            "nac_v": 0,
            "alert": 0,
            "spi": 0,
            "mlat": [],
            "tisb": [],
            "messages": 1723828,
            "seen": 1.1,
            "rssi": -7.9
        },
        {
            "hex": "a54933",
            "type": "adsb_icao",
            "flight": "N44KP   ",
            "r": "N44KP",
            "t": "C172",
            "alt_baro": "ground",
            "gs": 9.8,
            "track": 160.31,
            "squawk": "1200",
            "emergency": "none",
            "category": "A1",
            "lat": 32.140102,
            "lon": -111.173882,
            "nic": 10,
            "rc": 25,
            "seen_pos": 1.14,
            "version": 2,
            "nac_p": 10,
            "nac_v": 1,
            "sil": 3,
            "sil_type": "perhour",
            "sda": 2,
            "mlat": [],
            "tisb": [],
            "messages": 877323,
            "seen": 1.1,
            "rssi": -2.1
        },
        {
            "hex": "a5daed",
            "type": "adsb_icao",
            "flight": "N47680  ",
            "r": "N47680",
            "t": "P28R",
            "alt_baro": 2500,
            "alt_geom": 2525,
            "gs": 92.5,
            "track": 68.43,
            "geom_rate": 576,
            "squawk": "1200",
            "emergency": "none",
            "category": "A1",
            "lat": 32.147827,
            "lon": -111.154724,
            "nic": 9,
            "rc": 75,
            "seen_pos": 1.14,
            "version": 2,
            "nic_baro": 0,
            "nac_p": 10,
            "nac_v": 2,
            "sil": 3,
            "sil_type": "perhour",
            "gva": 2,
            "sda": 2,
            "alert": 0,
            "spi": 0,
            "mlat": [],
            "tisb": [],
            "messages": 6798639,
            "seen": 1.1,
            "rssi": -2.8
        },
        {
            "hex": "ab29e5",
            "type": "adsr_icao",
            "flight": "N8183R  ",
            "r": "N8183R",
            "t": "BE35",
            "alt_baro": 9350,
            "alt_geom": 9650,
            "gs": 158.1,
            "track": 109.58,
            "baro_rate": -64,
            "squawk": "7204",
            "emergency": "none",
            "category": "A1",
            "lat": 32.069229,
            "lon": -111.081497,
            "nic": 0,
            "rc": 0,
            "seen_pos": 1.11,
            "nac_v": 0,
            "alert": 0,
            "spi": 0,
            "mlat": [],
            "tisb": [],
            "messages": 119278,
            "seen": 0.5,
            "rssi": -11
        },
        {
            "hex": "ababba",
            "type": "adsb_icao",
            "flight": "N851GW  ",
            "r": "N851GW",
            "t": "PC12",
            "alt_baro": 3800,
            "alt_geom": 3925,
            "gs": 116,
            "track": 136.4,
            "baro_rate": -704,
            "squawk": "7735",
            "emergency": "none",
            "category": "A1",
            "nav_qnh": 1020,
            "nav_altitude_mcp": 3008,
            "nav_heading": 127.97,
            "nav_modes": [
                "vnav",
                "lnav"
            ],
            "lat": 32.172592,
            "lon": -111.006134,
            "nic": 8,
            "rc": 186,
            "seen_pos": 0.55,
            "version": 2,
            "nic_baro": 1,
            "nac_p": 10,
            "nac_v": 2,
            "sil": 3,
            "sil_type": "perhour",
            "gva": 2,
            "sda": 2,
            "alert": 0,
            "spi": 0,
            "mlat": [],
            "tisb": [],
            "messages": 7060183,
            "seen": 0,
            "rssi": -7.6
        },
        {
            "hex": "ad1d73",
            "type": "adsb_icao",
            "flight": "EJA944  ",
            "r": "N944QS",
            "t": "C68A",
            "alt_baro": "ground",
            "gs": 0,
            "true_heading": 137.81,
            "squawk": "0714",
            "emergency": "none",
            "category": "A2",
            "lat": 32.125351,
            "lon": -110.945694,
            "nic": 9,
            "rc": 75,
            "seen_pos": 38.39,
            "version": 2,
            "nac_p": 10,
            "nac_v": 2,
            "sil": 3,
            "sil_type": "perhour",
            "sda": 2,
            "mlat": [],
            "tisb": [],
            "messages": 30019525,
            "seen": 5.7,
            "rssi": -22.3
        },
        {
            "hex": "ad2c4f",
            "type": "adsb_icao",
            "flight": "N948QS  ",
            "r": "N948QS",
            "t": "C68A",
            "alt_baro": "ground",
            "gs": 0,
            "true_heading": 137.81,
            "squawk": "1532",
            "emergency": "none",
            "category": "A2",
            "lat": 32.125626,
            "lon": -110.945381,
            "nic": 9,
            "rc": 75,
            "seen_pos": 4.05,
            "version": 2,
            "nac_p": 10,
            "nac_v": 2,
            "sil": 3,
            "sil_type": "perhour",
            "sda": 2,
            "alert": 0,
            "spi": 1,
            "mlat": [],
            "tisb": [],
            "messages": 30615995,
            "seen": 1,
            "rssi": -21
        },
        {
            "hex": "a4264f",
            "type": "adsr_icao",
            "flight": "N367AB  ",
            "r": "N367AB",
            "t": "RV12",
            "alt_baro": 5700,
            "alt_geom": 5875,
            "gs": 97.2,
            "track": 53.37,
            "baro_rate": 256,
            "squawk": "1200",
            "emergency": "none",
            "category": "A1",
            "lat": 32.483597,
            "lon": -110.940933,
            "nic": 0,
            "rc": 0,
            "seen_pos": 12.12,
            "nac_v": 0,
            "alert": 0,
            "spi": 0,
            "mlat": [],
            "tisb": [],
            "messages": 656533,
            "seen": 12.1,
            "rssi": -19.8
        },
        {
            "hex": "ac7f41",
            "type": "adsb_icao",
            "flight": "AAL1014 ",
            "r": "N904NN",
            "t": "B738",
            "alt_baro": "ground",
            "gs": 0,
            "true_heading": 188.44,
            "squawk": "4170",
            "emergency": "none",
            "category": "A3",
            "lat": 32.122349,
            "lon": -110.940041,
            "nic": 8,
            "rc": 186,
            "seen_pos": 5.74,
            "version": 2,
            "nac_p": 9,
            "nac_v": 1,
            "sil": 3,
            "sil_type": "perhour",
            "sda": 2,
            "mlat": [],
            "tisb": [],
            "messages": 66776424,
            "seen": 4.1,
            "rssi": -19.1
        },
        {
            "hex": "a22d50",
            "type": "adsr_icao",
            "flight": "N2397V  ",
            "r": "N2397V",
            "t": "C140",
            "alt_baro": "ground",
            "alt_geom": 3225,
            "gs": 77.6,
            "track": 277.4,
            "baro_rate": 0,
            "squawk": "0414",
            "emergency": "none",
            "category": "A1",
            "lat": 32.090057,
            "lon": -110.925827,
            "nic": 0,
            "rc": 0,
            "seen_pos": 1.11,
            "nac_v": 0,
            "alert": 0,
            "spi": 0,
            "mlat": [],
            "tisb": [],
            "messages": 174638,
            "seen": 0.8,
            "rssi": -22.5
        },
        {
            "hex": "a68a95",
            "type": "adsb_icao",
            "flight": "SKW6202 ",
            "r": "N520SY",
            "t": "E75L",
            "alt_baro": 34100,
            "alt_geom": 35275,
            "gs": 446.6,
            "track": 182.95,
            "baro_rate": 1216,
            "squawk": "2610",
            "emergency": "none",
            "category": "A3",
            "nav_qnh": 1013.6,
            "nav_altitude_mcp": 37024,
            "nav_modes": [
                "autopilot",
                "vnav",
                "tcas"
            ],
            "lat": 32.004227,
            "lon": -110.918297,
            "nic": 8,
            "rc": 186,
            "seen_pos": 0.62,
            "version": 2,
            "nic_baro": 1,
            "nac_p": 10,
            "nac_v": 2,
            "sil": 3,
            "sil_type": "perhour",
            "gva": 2,
            "sda": 2,
            "alert": 0,
            "spi": 0,
            "mlat": [],
            "tisb": [],
            "messages": 67816536,
            "seen": 0.2,
            "rssi": -10.7
        },
        {
            "hex": "ad9003",
            "type": "adsb_icao",
            "flight": "AAL1764 ",
            "r": "N973NN",
            "t": "B738",
            "alt_baro": 27925,
            "alt_geom": 28975,
            "gs": 415.6,
            "track": 289.83,
            "baro_rate": -256,
            "squawk": "3037",
            "emergency": "none",
            "category": "A3",
            "nav_qnh": 1013.6,
            "nav_altitude_mcp": 7008,
            "nav_heading": 276.33,
            "lat": 32.46772,
            "lon": -110.694489,
            "nic": 8,
            "rc": 186,
            "seen_pos": 0.27,
            "version": 2,
            "nic_baro": 1,
            "nac_p": 9,
            "nac_v": 1,
            "sil": 3,
            "sil_type": "perhour",
            "gva": 2,
            "sda": 2,
            "alert": 0,
            "spi": 0,
            "mlat": [],
            "tisb": [],
            "messages": 76391540,
            "seen": 0,
            "rssi": -8.9
        }
    ],
    "msg": "No error",
    "now": 1744129519597,
    "total": 29,
    "ctime": 1744129516000,
    "ptime": 0
}
2025-04-08 09:25:19,634 INFO <input> - Fetched 29 flight records for location (32.250448, -110.988452)
2025-04-08 09:25:19,662 DEBUG <input> - Connected to the PostgreSQL database successfully.
2025-04-08 09:25:19,667 ERROR <input> - Error inserting flight data: null value in column "uap_source" of relation "flight_data" violates not-null constraint
DETAIL:  Failing row contains (null, null, null, null, null, null, null, null, null, null, null, null, null, null, null, null, null, null, null, null, null, null, null, null, null, null, null, null, null, null, 32.019196, -111.334244, null, null, null, null, null, null, null, null, null, null, 2, {"r": "N783EP", "t": "C172", "gs": 97.9, "rc": 75, "gva": 2, "he..., 2).

2025-04-08 09:25:19,668 INFO <input> - Fetching flight data for sighting 3 (lat: 33.697105038423075, lon: -117.18538066119046)
2025-04-08 09:25:19,668 DEBUG connectionpool - Starting new HTTPS connection (1): adsbexchange-com1.p.rapidapi.com:443
2025-04-08 09:25:20,080 DEBUG connectionpool - https://adsbexchange-com1.p.rapidapi.com:443 "GET /v2/lat/33.697105038423075/lon/-117.18538066119046/dist/25/ HTTP/1.1" 200 None
2025-04-08 09:25:20,081 DEBUG <input> - Raw API response: {
    "ac": [
        {
            "hex": "a183d6",
            "type": "adsr_icao",
            "flight": "N197TA  ",
            "r": "N197TA",
            "t": "C172",
            "alt_baro": 6000,
            "alt_geom": 6025,
            "gs": 81.2,
            "track": 273.53,
            "baro_rate": -320,
            "geom_rate": 448,
            "squawk": "0250",
            "emergency": "none",
            "category": "A1",
            "lat": 33.581863,
            "lon": -117.599899,
            "nic": 0,
            "rc": 0,
            "seen_pos": 0.67,
            "nic_baro": 0,
            "nac_p": 9,
            "nac_v": 0,
            "sil": 3,
            "sil_type": "perhour",
            "gva": 2,
            "sda": 2,
            "alert": 0,
            "spi": 0,
            "mlat": [],
            "tisb": [],
            "messages": 5606399,
            "seen": 0.3,
            "rssi": -20.6
        },
        {
            "hex": "ac42df",
            "type": "adsb_icao",
            "flight": "SWA185  ",
            "r": "N8899H",
            "t": "B38M",
            "alt_baro": 7900,
            "alt_geom": 8175,
            "gs": 236,
            "track": 250.18,
            "baro_rate": 0,
            "geom_rate": 0,
            "squawk": "3216",
            "emergency": "none",
            "category": "A3",
            "nav_qnh": 1016.8,
            "nav_altitude_mcp": 4000,
            "nav_heading": 239.06,
            "lat": 33.777054,
            "lon": -117.581902,
            "nic": 8,
            "rc": 186,
            "seen_pos": 0.34,
            "version": 2,
            "nic_baro": 1,
            "nac_p": 10,
            "nac_v": 2,
            "sil": 3,
            "sil_type": "perhour",
            "gva": 2,
            "sda": 2,
            "alert": 0,
            "spi": 0,
            "mlat": [],
            "tisb": [
                "geom_rate"
            ],
            "messages": 90705821,
            "seen": 0.2,
            "rssi": -23.7
        },
        {
            "hex": "a2fe2d",
            "type": "adsb_icao",
            "flight": "N292P   ",
            "r": "N292P",
            "t": "PC12",
            "alt_baro": 21000,
            "alt_geom": 21800,
            "gs": 278.4,
            "track": 87.12,
            "geom_rate": 64,
            "squawk": "1017",
            "emergency": "none",
            "category": "A1",
            "lat": 33.5793,
            "lon": -117.564476,
            "nic": 9,
            "rc": 75,
            "seen_pos": 0.47,
            "version": 2,
            "nic_baro": 0,
            "nac_p": 10,
            "nac_v": 2,
            "sil": 3,
            "sil_type": "perhour",
            "gva": 2,
            "sda": 2,
            "alert": 0,
            "spi": 0,
            "mlat": [],
            "tisb": [],
            "messages": 19993412,
            "seen": 0.1,
            "rssi": -18.8
        },
        {
            "hex": "a02b5d",
            "type": "adsb_icao",
            "flight": "N11RM   ",
            "r": "N11RM",
            "t": "BT36",
            "alt_baro": 2100,
            "alt_geom": 2100,
            "gs": 125,
            "track": 270,
            "baro_rate": -960,
            "geom_rate": -960,
            "squawk": "0227",
            "emergency": "none",
            "category": "A1",
            "nav_qnh": 1017.6,
            "nav_altitude_mcp": 3008,
            "nav_heading": 260.16,
            "lat": 33.976383,
            "lon": -117.549706,
            "nic": 9,
            "rc": 75,
            "seen_pos": 0.14,
            "version": 2,
            "nic_baro": 1,
            "nac_p": 10,
            "nac_v": 2,
            "sil": 3,
            "sil_type": "perhour",
            "gva": 2,
            "sda": 2,
            "alert": 0,
            "spi": 0,
            "mlat": [],
            "tisb": [
                "geom_rate"
            ],
            "messages": 1118957,
            "seen": 0.1,
            "rssi": -14.3
        },
        {
            "hex": "a37e5a",
            "type": "adsb_icao",
            "flight": "DAL1143 ",
            "r": "N324NB",
            "t": "A319",
            "alt_baro": 25650,
            "alt_geom": 26550,
            "gs": 470.5,
            "track": 92.56,
            "baro_rate": 1536,
            "squawk": "1344",
            "emergency": "none",
            "category": "A3",
            "nav_qnh": 1013.6,
            "nav_altitude_mcp": 35008,
            "nav_heading": 0,
            "lat": 33.702656,
            "lon": -117.546326,
            "nic": 8,
            "rc": 186,
            "seen_pos": 0.35,
            "version": 2,
            "nic_baro": 1,
            "nac_p": 9,
            "nac_v": 1,
            "sil": 3,
            "sil_type": "perhour",
            "gva": 2,
            "sda": 2,
            "alert": 0,
            "spi": 0,
            "mlat": [],
            "tisb": [],
            "messages": 74639535,
            "seen": 0.3,
            "rssi": -10.8
        },
        {
            "hex": "a52a29",
            "type": "adsr_icao",
            "flight": "N4317G  ",
            "r": "N4317G",
            "t": "P28A",
            "alt_baro": 3300,
            "alt_geom": 3350,
            "gs": 90,
            "track": 139.05,
            "baro_rate": 192,
            "geom_rate": 192,
            "squawk": "1200",
            "emergency": "none",
            "category": "A1",
            "lat": 33.797241,
            "lon": -117.510323,
            "nic": 0,
            "rc": 0,
            "seen_pos": 0.36,
            "nic_baro": 0,
            "nac_p": 9,
            "nac_v": 0,
            "sil": 3,
            "sil_type": "perhour",
            "gva": 2,
            "sda": 2,
            "alert": 0,
            "spi": 0,
            "mlat": [],
            "tisb": [],
            "messages": 1908223,
            "seen": 0.4,
            "rssi": -18.3
        },
        {
            "hex": "a1f3c8",
            "type": "adsb_icao",
            "flight": "N225CB  ",
            "r": "N225CB",
            "t": "P28A",
            "alt_baro": 2050,
            "alt_geom": 2050,
            "gs": 89.2,
            "track": 239.7,
            "baro_rate": 640,
            "geom_rate": 640,
            "squawk": "0263",
            "emergency": "none",
            "category": "A1",
            "nav_qnh": 1017.6,
            "nav_altitude_mcp": 3488,
            "nav_heading": 170.16,
            "nav_modes": [],
            "lat": 33.950455,
            "lon": -117.492599,
            "nic": 9,
            "rc": 75,
            "seen_pos": 0.05,
            "version": 2,
            "nic_baro": 1,
            "nac_p": 10,
            "nac_v": 2,
            "sil": 3,
            "sil_type": "perhour",
            "gva": 2,
            "sda": 2,
            "alert": 0,
            "spi": 0,
            "mlat": [],
            "tisb": [
                "geom_rate"
            ],
            "messages": 13217715,
            "seen": 0.1,
            "rssi": -5.3
        },
        {
            "hex": "ab326f",
            "type": "adsr_icao",
            "flight": "N820SD  ",
            "r": "N820SD",
            "t": "BL8",
            "alt_baro": 6300,
            "alt_geom": 6450,
            "gs": 110,
            "track": 268.96,
            "baro_rate": 0,
            "geom_rate": 0,
            "squawk": "0226",
            "emergency": "none",
            "category": "A1",
            "lat": 33.781677,
            "lon": -117.485718,
            "nic": 0,
            "rc": 0,
            "seen_pos": 0.91,
            "nic_baro": 0,
            "nac_p": 9,
            "nac_v": 0,
            "sil": 3,
            "sil_type": "perhour",
            "gva": 2,
            "sda": 2,
            "alert": 0,
            "spi": 0,
            "mlat": [],
            "tisb": [],
            "messages": 96043,
            "seen": 0.2,
            "rssi": -13.6
        },
        {
            "hex": "aa5bc6",
            "type": "adsb_icao",
            "flight": "N767CL  ",
            "r": "N767CL",
            "t": "C172",
            "alt_baro": 2250,
            "alt_geom": 2300,
            "gs": 94.8,
            "track": 226.71,
            "baro_rate": 640,
            "geom_rate": 256,
            "squawk": "1200",
            "emergency": "none",
            "category": "A1",
            "nav_qnh": 1017.6,
            "nav_altitude_mcp": 2496,
            "lat": 33.83091,
            "lon": -117.466965,
            "nic": 9,
            "rc": 75,
            "seen_pos": 0.05,
            "version": 2,
            "nic_baro": 1,
            "nac_p": 10,
            "nac_v": 2,
            "sil": 3,
            "sil_type": "perhour",
            "gva": 2,
            "sda": 2,
            "alert": 0,
            "spi": 0,
            "mlat": [],
            "tisb": [
                "geom_rate"
            ],
            "messages": 24378538,
            "seen": 0.1,
            "rssi": -20.2
        },
        {
            "hex": "a51038",
            "type": "adsb_icao",
            "flight": "N425WT  ",
            "r": "N425WT",
            "t": "C425",
            "dbFlags": 8,
            "alt_baro": 3325,
            "alt_geom": 3425,
            "gs": 161.6,
            "track": 351.82,
            "baro_rate": -128,
            "geom_rate": 64,
            "squawk": "0210",
            "emergency": "none",
            "category": "A1",
            "lat": 33.961304,
            "lon": -117.453934,
            "nic": 9,
            "rc": 75,
            "seen_pos": 0.05,
            "version": 2,
            "nic_baro": 1,
            "nac_p": 10,
            "nac_v": 2,
            "sil": 3,
            "sil_type": "perhour",
            "gva": 2,
            "sda": 2,
            "alert": 0,
            "spi": 0,
            "mlat": [],
            "tisb": [
                "baro_rate"
            ],
            "messages": 1713307,
            "seen": 0.1,
            "rssi": -7.8
        },
        {
            "hex": "a68214",
            "type": "adsb_icao",
            "flight": "N5184J  ",
            "r": "N5184J",
            "t": "C172",
            "alt_baro": 3825,
            "alt_geom": 3875,
            "gs": 80.3,
            "track": 309.44,
            "baro_rate": 448,
            "geom_rate": 448,
            "squawk": "1200",
            "emergency": "none",
            "category": "A1",
            "nav_qnh": 1017.6,
            "lat": 33.838257,
            "lon": -117.452812,
            "nic": 9,
            "rc": 75,
            "seen_pos": 0.05,
            "version": 2,
            "nic_baro": 1,
            "nac_p": 10,
            "nac_v": 2,
            "sil": 3,
            "sil_type": "perhour",
            "gva": 2,
            "sda": 2,
            "alert": 0,
            "spi": 0,
            "mlat": [],
            "tisb": [
                "geom_rate"
            ],
            "messages": 35430161,
            "seen": 0.1,
            "rssi": -17.5
        },
        {
            "hex": "a22275",
            "type": "adsb_icao",
            "flight": "CXK418  ",
            "r": "N2369Z",
            "t": "C172",
            "dbFlags": 8,
            "alt_baro": 1700,
            "alt_geom": 1675,
            "gs": 89.8,
            "track": 101.56,
            "baro_rate": -192,
            "geom_rate": -128,
            "squawk": "1200",
            "emergency": "none",
            "category": "A1",
            "lat": 33.967072,
            "lon": -117.442307,
            "nic": 8,
            "rc": 186,
            "seen_pos": 0.05,
            "version": 2,
            "nic_baro": 0,
            "nac_p": 10,
            "nac_v": 2,
            "sil": 3,
            "sil_type": "perhour",
            "gva": 2,
            "sda": 2,
            "alert": 0,
            "spi": 0,
            "mlat": [],
            "tisb": [
                "geom_rate"
            ],
            "messages": 11355802,
            "seen": 0.1,
            "rssi": -6.2
        },
        {
            "hex": "ad596c",
            "type": "adsr_icao",
            "flight": "N9597J  ",
            "r": "N9597J",
            "t": "P28A",
            "alt_baro": 3400,
            "alt_geom": 3475,
            "gs": 108.3,
            "track": 23.96,
            "baro_rate": -64,
            "geom_rate": 0,
            "squawk": "0246",
            "emergency": "none",
            "category": "A1",
            "lat": 33.910675,
            "lon": -117.436729,
            "nic": 0,
            "rc": 0,
            "seen_pos": 0.63,
            "nic_baro": 0,
            "nac_p": 9,
            "nac_v": 0,
            "sil": 3,
            "sil_type": "perhour",
            "gva": 2,
            "sda": 2,
            "alert": 0,
            "spi": 0,
            "mlat": [],
            "tisb": [],
            "messages": 1252544,
            "seen": 0.4,
            "rssi": -14.8
        },
        {
            "hex": "a1d00c",
            "type": "adsb_icao",
            "flight": "CAP416  ",
            "r": "N216CP",
            "t": "T206",
            "alt_baro": "ground",
            "gs": 9.2,
            "true_heading": 115.31,
            "squawk": "1200",
            "emergency": "none",
            "category": "A1",
            "lat": 33.949711,
            "lon": -117.43618,
            "nic": 9,
            "rc": 75,
            "seen_pos": 0.05,
            "version": 2,
            "nac_p": 10,
            "nac_v": 2,
            "sil": 3,
            "sil_type": "perhour",
            "sda": 2,
            "alert": 0,
            "spi": 0,
            "mlat": [],
            "tisb": [],
            "messages": 3832690,
            "seen": 0.1,
            "rssi": -14.1
        },
        {
            "hex": "a26a45",
            "type": "adsb_icao",
            "flight": "N255CB  ",
            "r": "N255CB",
            "t": "P28A",
            "alt_baro": 1350,
            "alt_geom": 1350,
            "gs": 76.1,
            "track": 3.01,
            "baro_rate": -512,
            "geom_rate": -576,
            "squawk": "0252",
            "emergency": "none",
            "category": "A1",
            "nav_qnh": 1017.6,
            "nav_altitude_mcp": 1376,
            "nav_heading": 104.77,
            "nav_modes": [],
            "lat": 33.937363,
            "lon": -117.418793,
            "nic": 9,
            "rc": 75,
            "seen_pos": 0.05,
            "version": 2,
            "nic_baro": 1,
            "nac_p": 10,
            "nac_v": 2,
            "sil": 3,
            "sil_type": "perhour",
            "gva": 2,
            "sda": 2,
            "alert": 0,
            "spi": 0,
            "mlat": [],
            "tisb": [
                "geom_rate"
            ],
            "messages": 8330034,
            "seen": 0.1,
            "rssi": -8.6
        },
        {
            "hex": "abcc87",
            "type": "adsb_icao",
            "flight": "N86AJ   ",
            "r": "N86AJ",
            "t": "PA32",
            "alt_baro": 3900,
            "alt_geom": 3900,
            "gs": 108.7,
            "track": 117.98,
            "baro_rate": -64,
            "geom_rate": 0,
            "squawk": "1200",
            "emergency": "none",
            "category": "A1",
            "lat": 33.740364,
            "lon": -117.41684,
            "nic": 9,
            "rc": 75,
            "seen_pos": 0.05,
            "version": 2,
            "nic_baro": 0,
            "nac_p": 10,
            "nac_v": 2,
            "sil": 3,
            "sil_type": "perhour",
            "gva": 2,
            "sda": 2,
            "alert": 0,
            "spi": 0,
            "mlat": [],
            "tisb": [
                "baro_rate"
            ],
            "messages": 1057503,
            "seen": 0.1,
            "rssi": -13.4
        },
        {
            "hex": "a251a2",
            "type": "adsb_icao",
            "flight": "N249CB  ",
            "r": "N249CB",
            "t": "P28A",
            "alt_baro": 3050,
            "alt_geom": 3150,
            "gs": 93.4,
            "track": 68.65,
            "baro_rate": 384,
            "geom_rate": 64,
            "squawk": "1200",
            "emergency": "none",
            "category": "A1",
            "nav_qnh": 1017.6,
            "nav_altitude_mcp": 3104,
            "nav_heading": 241.17,
            "nav_modes": [],
            "lat": 33.837341,
            "lon": -117.393288,
            "nic": 9,
            "rc": 75,
            "seen_pos": 0.05,
            "version": 2,
            "nic_baro": 1,
            "nac_p": 10,
            "nac_v": 2,
            "sil": 3,
            "sil_type": "perhour",
            "gva": 2,
            "sda": 2,
            "alert": 0,
            "spi": 0,
            "mlat": [],
            "tisb": [
                "geom_rate"
            ],
            "messages": 15143515,
            "seen": 0.1,
            "rssi": -8.9
        },
        {
            "hex": "ad8906",
            "type": "adsb_icao",
            "flight": "N971TA  ",
            "r": "N971TA",
            "t": "C172",
            "alt_baro": 7250,
            "alt_geom": 7425,
            "gs": 111.2,
            "track": 56.74,
            "baro_rate": 448,
            "geom_rate": 384,
            "squawk": "0222",
            "emergency": "none",
            "category": "A1",
            "lat": 33.967957,
            "lon": -117.38382,
            "nic": 9,
            "rc": 75,
            "seen_pos": 0.22,
            "version": 2,
            "nic_baro": 1,
            "nac_p": 10,
            "nac_v": 2,
            "sil": 3,
            "sil_type": "perhour",
            "gva": 2,
            "sda": 2,
            "alert": 0,
            "spi": 0,
            "mlat": [],
            "tisb": [
                "baro_rate"
            ],
            "messages": 13059049,
            "seen": 0.1,
            "rssi": -5.7
        },
        {
            "hex": "a9c84f",
            "type": "adsb_icao",
            "flight": "N7297G  ",
            "r": "N7297G",
            "t": "C150",
            "alt_baro": 4975,
            "alt_geom": 5175,
            "gs": 89.7,
            "track": 157.72,
            "baro_rate": 384,
            "geom_rate": 576,
            "squawk": "0257",
            "emergency": "none",
            "category": "A1",
            "lat": 33.84129,
            "lon": -117.358818,
            "nic": 9,
            "rc": 75,
            "seen_pos": 0.05,
            "version": 2,
            "nic_baro": 1,
            "nac_p": 10,
            "nac_v": 2,
            "sil": 3,
            "sil_type": "perhour",
            "gva": 2,
            "sda": 2,
            "alert": 0,
            "spi": 0,
            "mlat": [],
            "tisb": [
                "baro_rate"
            ],
            "messages": 2868082,
            "seen": 0.1,
            "rssi": -14.4
        },
        {
            "hex": "ab68c8",
            "type": "adsb_icao",
            "flight": "N834SB  ",
            "r": "N834SB",
            "t": "AS50",
            "alt_baro": 1300,
            "alt_geom": 1300,
            "gs": 68.5,
            "track": 64.93,
            "baro_rate": 128,
            "geom_rate": 64,
            "squawk": "1206",
            "emergency": "none",
            "category": "A7",
            "nav_qnh": 1017.6,
            "nav_altitude_mcp": 0,
            "lat": 34.068695,
            "lon": -117.321762,
            "nic": 9,
            "rc": 75,
            "seen_pos": 1.08,
            "version": 2,
            "nic_baro": 1,
            "nac_p": 10,
            "nac_v": 2,
            "sil": 3,
            "sil_type": "perhour",
            "gva": 2,
            "sda": 2,
            "alert": 0,
            "spi": 0,
            "mlat": [],
            "tisb": [
                "geom_rate"
            ],
            "messages": 9549239,
            "seen": 0.2,
            "rssi": -13.5
        },
        {
            "hex": "a1b190",
            "type": "adsb_icao",
            "flight": "MS5     ",
            "r": "N208UU",
            "t": "C208",
            "alt_baro": "ground",
            "squawk": "4265",
            "emergency": "none",
            "category": "A1",
            "lat": 33.632046,
            "lon": -117.298882,
            "nic": 0,
            "rc": 371,
            "seen_pos": 0.91,
            "version": 2,
            "nac_p": 9,
            "nac_v": 2,
            "sil": 3,
            "sil_type": "perhour",
            "sda": 2,
            "mlat": [],
            "tisb": [],
            "messages": 19204588,
            "seen": 0.9,
            "rssi": -23.3
        },
        {
            "hex": "c03d52",
            "type": "adsb_icao",
            "flight": "CFXFT   ",
            "r": "C-FXFT",
            "t": "KMAX",
            "alt_baro": 700,
            "alt_geom": 700,
            "gs": 0.7,
            "track": 0,
            "baro_rate": 64,
            "geom_rate": 64,
            "squawk": "4001",
            "emergency": "none",
            "category": "A7",
            "lat": 33.389778,
            "lon": -117.257866,
            "nic": 9,
            "rc": 75,
            "seen_pos": 4.69,
            "version": 2,
            "nic_baro": 0,
            "nac_p": 10,
            "nac_v": 2,
            "sil": 3,
            "sil_type": "perhour",
            "gva": 2,
            "sda": 2,
            "alert": 0,
            "spi": 0,
            "mlat": [],
            "tisb": [
                "baro_rate"
            ],
            "messages": 4454073,
            "seen": 0.1,
            "rssi": -3.5
        },
        {
            "hex": "a33174",
            "type": "adsb_icao",
            "flight": "N30463  ",
            "r": "N30463",
            "t": "C177",
            "alt_baro": 825,
            "alt_geom": 875,
            "gs": 78.1,
            "track": 13.32,
            "baro_rate": 256,
            "geom_rate": 512,
            "squawk": "1200",
            "emergency": "none",
            "category": "A1",
            "lat": 33.364174,
            "lon": -117.247437,
            "nic": 9,
            "rc": 75,
            "seen_pos": 0.27,
            "version": 2,
            "nic_baro": 0,
            "nac_p": 9,
            "nac_v": 1,
            "sil": 3,
            "sil_type": "perhour",
            "gva": 2,
            "sda": 2,
            "alert": 0,
            "spi": 0,
            "mlat": [],
            "tisb": [
                "baro_rate"
            ],
            "messages": 1082487,
            "seen": 0.3,
            "rssi": -3.7
        },
        {
            "hex": "a06c71",
            "type": "adsb_icao",
            "flight": "N12604  ",
            "r": "N12604",
            "t": "C172",
            "alt_baro": 3375,
            "alt_geom": 3375,
            "gs": 107.3,
            "track": 16.24,
            "baro_rate": 0,
            "geom_rate": 0,
            "squawk": "1200",
            "emergency": "none",
            "category": "A1",
            "lat": 33.360359,
            "lon": -117.246483,
            "nic": 9,
            "rc": 75,
            "seen_pos": 0.03,
            "version": 2,
            "nic_baro": 1,
            "nac_p": 10,
            "nac_v": 2,
            "sil": 3,
            "sil_type": "perhour",
            "gva": 2,
            "sda": 2,
            "alert": 0,
            "spi": 0,
            "mlat": [],
            "tisb": [
                "baro_rate"
            ],
            "messages": 11591835,
            "seen": 0,
            "rssi": -4.5
        },
        {
            "hex": "a3660b",
            "type": "adsb_icao",
            "flight": "N318RL  ",
            "r": "N318RL",
            "t": "B06",
            "dbFlags": 8,
            "alt_baro": 1125,
            "alt_geom": 1100,
            "gs": 33.1,
            "track": 25.02,
            "baro_rate": 0,
            "geom_rate": -512,
            "category": "A7",
            "lat": 33.458496,
            "lon": -117.241371,
            "nic": 8,
            "rc": 186,
            "seen_pos": 53.71,
            "version": 0,
            "nac_p": 8,
            "nac_v": 2,
            "sil": 2,
            "sil_type": "perhour",
            "alert": 1,
            "spi": 0,
            "mlat": [],
            "tisb": [],
            "messages": 591743,
            "seen": 44.5,
            "rssi": -15.3
        },
        {
            "hex": "a5b2b0",
            "type": "adsb_icao",
            "flight": "HAL1619 ",
            "r": "N4663K",
            "t": "A333",
            "alt_baro": "ground",
            "gs": 0,
            "true_heading": 343.12,
            "squawk": "2652",
            "emergency": "none",
            "category": "A5",
            "lat": 34.103806,
            "lon": -117.233719,
            "nic": 8,
            "rc": 186,
            "seen_pos": 6.18,
            "version": 2,
            "nac_p": 10,
            "nac_v": 2,
            "sil": 3,
            "sil_type": "perhour",
            "sda": 3,
            "mlat": [],
            "tisb": [],
            "messages": 31620995,
            "seen": 1.5,
            "rssi": -14.2
        },
        {
            "hex": "a53206",
            "type": "adsb_icao",
            "flight": "N434AM  ",
            "r": "N434AM",
            "t": "B407",
            "alt_baro": 950,
            "alt_geom": 1025,
            "gs": 3.7,
            "track": 303.69,
            "baro_rate": -256,
            "squawk": "4675",
            "emergency": "none",
            "category": "A7",
            "nav_qnh": 1028.8,
            "lat": 34.100864,
            "lon": -117.226128,
            "nic": 9,
            "rc": 75,
            "seen_pos": 37.1,
            "version": 2,
            "nic_baro": 1,
            "nac_p": 10,
            "nac_v": 2,
            "sil": 3,
            "sil_type": "perhour",
            "gva": 2,
            "sda": 2,
            "alert": 0,
            "spi": 0,
            "mlat": [],
            "tisb": [],
            "messages": 5123038,
            "seen": 37.1,
            "rssi": -19.2
        },
        {
            "hex": "add67c",
            "type": "adsb_icao",
            "flight": "N991BJ  ",
            "r": "N991BJ",
            "t": "P28A",
            "alt_baro": 4400,
            "alt_geom": 4450,
            "gs": 92.7,
            "track": 330.95,
            "baro_rate": 320,
            "geom_rate": 192,
            "squawk": "0234",
            "emergency": "none",
            "category": "A1",
            "lat": 33.58493,
            "lon": -117.218292,
            "nic": 8,
            "rc": 186,
            "seen_pos": 0.03,
            "version": 2,
            "nic_baro": 0,
            "nac_p": 10,
            "nac_v": 2,
            "sil": 3,
            "sil_type": "perhour",
            "gva": 2,
            "sda": 2,
            "alert": 0,
            "spi": 0,
            "mlat": [],
            "tisb": [
                "baro_rate"
            ],
            "messages": 6664491,
            "seen": 0,
            "rssi": -4.6
        },
        {
            "hex": "a9da3f",
            "type": "adsb_icao",
            "flight": "N734DN  ",
            "r": "N734DN",
            "t": "C172",
            "alt_baro": 5450,
            "alt_geom": 5550,
            "gs": 116.5,
            "track": 191.89,
            "baro_rate": -192,
            "geom_rate": -448,
            "squawk": "1200",
            "emergency": "none",
            "category": "A1",
            "lat": 33.360264,
            "lon": -117.207863,
            "nic": 9,
            "rc": 75,
            "seen_pos": 0.3,
            "version": 2,
            "nic_baro": 1,
            "nac_p": 10,
            "nac_v": 2,
            "sil": 3,
            "sil_type": "perhour",
            "gva": 2,
            "sda": 2,
            "alert": 0,
            "spi": 0,
            "mlat": [],
            "tisb": [
                "geom_rate"
            ],
            "messages": 19362945,
            "seen": 0,
            "rssi": -6.2
        },
        {
            "hex": "aa8f28",
            "type": "adsb_icao",
            "flight": "N78LA   ",
            "r": "N78LA",
            "t": "SC7",
            "alt_baro": 12350,
            "alt_geom": 12900,
            "gs": 121.2,
            "track": 298.04,
            "baro_rate": 960,
            "geom_rate": 576,
            "squawk": "4604",
            "emergency": "none",
            "category": "A1",
            "lat": 33.620213,
            "lon": -117.196312,
            "nic": 9,
            "rc": 75,
            "seen_pos": 0.47,
            "version": 2,
            "nic_baro": 1,
            "nac_p": 10,
            "nac_v": 2,
            "sil": 3,
            "sil_type": "perhour",
            "gva": 2,
            "sda": 2,
            "alert": 0,
            "spi": 0,
            "mlat": [],
            "tisb": [
                "baro_rate"
            ],
            "messages": 4570825,
            "seen": 0.1,
            "rssi": -7.7
        },
        {
            "hex": "ad9010",
            "type": "adsb_icao",
            "flight": "N973PA  ",
            "r": "N973PA",
            "t": "SR20",
            "alt_baro": 3900,
            "alt_geom": 4000,
            "gs": 57.7,
            "track": 154.32,
            "baro_rate": 448,
            "geom_rate": 640,
            "squawk": "1200",
            "emergency": "none",
            "category": "A1",
            "nav_qnh": 1017.6,
            "nav_altitude_mcp": 4000,
            "nav_heading": 148.36,
            "nav_modes": [],
            "lat": 33.346439,
            "lon": -117.187073,
            "nic": 9,
            "rc": 75,
            "seen_pos": 0.03,
            "version": 2,
            "nic_baro": 1,
            "nac_p": 10,
            "nac_v": 2,
            "sil": 3,
            "sil_type": "perhour",
            "gva": 2,
            "sda": 2,
            "alert": 0,
            "spi": 0,
            "mlat": [],
            "tisb": [
                "geom_rate"
            ],
            "messages": 16565577,
            "seen": 0,
            "rssi": -8.5
        },
        {
            "hex": "a83e5b",
            "type": "adsb_icao",
            "flight": "N630GJ  ",
            "r": "N630GJ",
            "t": "B06",
            "alt_baro": 1800,
            "alt_geom": 1825,
            "gs": 116.1,
            "track": 107.03,
            "baro_rate": -192,
            "geom_rate": 0,
            "squawk": "1200",
            "emergency": "none",
            "category": "A7",
            "lat": 33.5728,
            "lon": -117.18029,
            "nic": 9,
            "rc": 75,
            "seen_pos": 0.03,
            "version": 2,
            "nic_baro": 1,
            "nac_p": 10,
            "nac_v": 2,
            "sil": 3,
            "sil_type": "perhour",
            "gva": 2,
            "sda": 2,
            "alert": 0,
            "spi": 0,
            "mlat": [],
            "tisb": [
                "geom_rate"
            ],
            "messages": 834670,
            "seen": 0,
            "rssi": -15.2
        },
        {
            "hex": "a5e260",
            "type": "adsr_icao",
            "flight": "N47885  ",
            "r": "N47885",
            "t": "P28A",
            "alt_baro": 3500,
            "alt_geom": 3600,
            "gs": 98.1,
            "track": 357.66,
            "baro_rate": -448,
            "squawk": "1200",
            "emergency": "none",
            "category": "A1",
            "lat": 34.026901,
            "lon": -117.145538,
            "nic": 0,
            "rc": 0,
            "seen_pos": 0.36,
            "nac_v": 0,
            "alert": 0,
            "spi": 0,
            "mlat": [],
            "tisb": [],
            "messages": 2081155,
            "seen": 0.4,
            "rssi": -6
        },
        {
            "hex": "a99565",
            "type": "adsb_icao",
            "flight": "N7165G  ",
            "r": "N7165G",
            "t": "C172",
            "alt_baro": 1800,
            "alt_geom": 1800,
            "gs": 77.8,
            "track": 188.13,
            "baro_rate": 768,
            "geom_rate": 960,
            "squawk": "1200",
            "emergency": "none",
            "category": "A1",
            "lat": 33.554249,
            "lon": -117.133202,
            "nic": 9,
            "rc": 75,
            "seen_pos": 1.19,
            "version": 2,
            "nic_baro": 1,
            "nac_p": 9,
            "nac_v": 1,
            "sil": 3,
            "sil_type": "perhour",
            "gva": 2,
            "sda": 2,
            "alert": 0,
            "spi": 0,
            "mlat": [],
            "tisb": [
                "baro_rate"
            ],
            "messages": 18524617,
            "seen": 0,
            "rssi": -9.4
        },
        {
            "hex": "a8ffef",
            "type": "adsr_icao",
            "flight": "N6793G  ",
            "r": "N6793G",
            "t": "C150",
            "alt_baro": 1500,
            "alt_geom": 1525,
            "gs": 62.2,
            "track": 207.8,
            "geom_rate": -576,
            "category": "A1",
            "lat": 33.59042,
            "lon": -117.123589,
            "nic": 8,
            "rc": 186,
            "seen_pos": 44.74,
            "nic_baro": 0,
            "nac_p": 9,
            "nac_v": 0,
            "sil": 3,
            "sil_type": "perhour",
            "gva": 2,
            "sda": 2,
            "alert": 0,
            "spi": 0,
            "mlat": [],
            "tisb": [],
            "messages": 2482758,
            "seen": 44.7,
            "rssi": -10.4
        },
        {
            "hex": "a581c1",
            "type": "adsb_icao",
            "flight": "N454JA  ",
            "r": "N454JA",
            "t": "EV97",
            "alt_baro": 1500,
            "alt_geom": 1525,
            "gs": 66,
            "track": 194.04,
            "baro_rate": -256,
            "geom_rate": -448,
            "squawk": "1200",
            "emergency": "none",
            "category": "A1",
            "lat": 33.593124,
            "lon": -117.123566,
            "nic": 9,
            "rc": 75,
            "seen_pos": 0.03,
            "version": 2,
            "nic_baro": 1,
            "nac_p": 10,
            "nac_v": 2,
            "sil": 3,
            "sil_type": "perhour",
            "gva": 2,
            "sda": 2,
            "alert": 0,
            "spi": 0,
            "mlat": [],
            "tisb": [
                "geom_rate"
            ],
            "messages": 7829304,
            "seen": 0,
            "rssi": -19.6
        },
        {
            "hex": "a80ba0",
            "type": "adsr_icao",
            "flight": "N61737  ",
            "r": "N61737",
            "t": "C172",
            "alt_baro": 2000,
            "alt_geom": 2050,
            "gs": 82,
            "track": 359.3,
            "baro_rate": -640,
            "geom_rate": -640,
            "squawk": "1200",
            "emergency": "none",
            "category": "A1",
            "lat": 33.591751,
            "lon": -117.107025,
            "nic": 0,
            "rc": 0,
            "seen_pos": 0.81,
            "nic_baro": 0,
            "nac_p": 9,
            "nac_v": 0,
            "sil": 3,
            "sil_type": "perhour",
            "gva": 2,
            "sda": 2,
            "alert": 0,
            "spi": 0,
            "mlat": [],
            "tisb": [],
            "messages": 6292483,
            "seen": 0.1,
            "rssi": -10.3
        },
        {
            "hex": "a1aee9",
            "type": "adsb_icao",
            "flight": "N2074A  ",
            "r": "N2074A",
            "t": "C172",
            "alt_baro": 3300,
            "alt_geom": 3350,
            "gs": 98.5,
            "track": 102.91,
            "baro_rate": 576,
            "geom_rate": 512,
            "squawk": "1200",
            "emergency": "none",
            "category": "A1",
            "nav_qnh": 1017.6,
            "nav_altitude_mcp": 4000,
            "nav_heading": 94.22,
            "lat": 33.5387,
            "lon": -117.091446,
            "nic": 9,
            "rc": 75,
            "seen_pos": 0.12,
            "version": 2,
            "nic_baro": 1,
            "nac_p": 10,
            "nac_v": 2,
            "sil": 3,
            "sil_type": "perhour",
            "gva": 2,
            "sda": 2,
            "alert": 0,
            "spi": 0,
            "mlat": [],
            "tisb": [
                "geom_rate"
            ],
            "messages": 14164715,
            "seen": 0.1,
            "rssi": -4.3
        },
        {
            "hex": "a02585",
            "type": "adsb_icao",
            "flight": "N1085T  ",
            "r": "N1085T",
            "t": "B06",
            "alt_baro": 2400,
            "alt_geom": 2425,
            "gs": 97.3,
            "track": 75.11,
            "baro_rate": 128,
            "geom_rate": 128,
            "squawk": "1200",
            "emergency": "none",
            "category": "A7",
            "lat": 33.711781,
            "lon": -117.082848,
            "nic": 9,
            "rc": 75,
            "seen_pos": 0.42,
            "version": 2,
            "nic_baro": 1,
            "nac_p": 10,
            "nac_v": 2,
            "sil": 3,
            "sil_type": "perhour",
            "gva": 2,
            "sda": 2,
            "alert": 0,
            "spi": 0,
            "mlat": [],
            "tisb": [
                "baro_rate"
            ],
            "messages": 2465767,
            "seen": 0,
            "rssi": -9.8
        },
        {
            "hex": "acdfa3",
            "type": "adsb_icao",
            "flight": "ASA214  ",
            "r": "N929AK",
            "t": "B39M",
            "alt_baro": 20125,
            "alt_geom": 20975,
            "gs": 366.8,
            "track": 261.69,
            "baro_rate": -2176,
            "squawk": "7031",
            "emergency": "none",
            "category": "A3",
            "nav_qnh": 1013.6,
            "nav_altitude_mcp": 1888,
            "nav_heading": 253.83,
            "lat": 34.022377,
            "lon": -117.065506,
            "nic": 8,
            "rc": 186,
            "seen_pos": 0.03,
            "version": 2,
            "nic_baro": 1,
            "nac_p": 10,
            "nac_v": 2,
            "sil": 3,
            "sil_type": "perhour",
            "gva": 2,
            "sda": 2,
            "alert": 0,
            "spi": 0,
            "mlat": [],
            "tisb": [],
            "messages": 81692052,
            "seen": 0,
            "rssi": -7.4
        },
        {
            "hex": "a2f327",
            "type": "adsb_icao",
            "flight": "N29AF   ",
            "r": "N29AF",
            "t": "C72R",
            "alt_baro": 7500,
            "alt_geom": 7750,
            "gs": 84.2,
            "track": 350.43,
            "baro_rate": 448,
            "geom_rate": 448,
            "squawk": "4670",
            "emergency": "none",
            "category": "A1",
            "lat": 33.891796,
            "lon": -117.048965,
            "nic": 8,
            "rc": 186,
            "seen_pos": 0.17,
            "version": 2,
            "nic_baro": 0,
            "nac_p": 10,
            "nac_v": 2,
            "sil": 3,
            "sil_type": "perhour",
            "gva": 2,
            "sda": 2,
            "alert": 0,
            "spi": 0,
            "mlat": [],
            "tisb": [
                "baro_rate"
            ],
            "messages": 3916917,
            "seen": 0.1,
            "rssi": -6.8
        },
        {
            "hex": "a83cb6",
            "type": "adsb_icao",
            "flight": "N63PP   ",
            "r": "N63PP",
            "t": "B407",
            "alt_baro": 2000,
            "alt_geom": 2025,
            "gs": 2.3,
            "track": 333.43,
            "baro_rate": -64,
            "squawk": "1200",
            "emergency": "none",
            "category": "A7",
            "lat": 33.637482,
            "lon": -117.025642,
            "nic": 9,
            "rc": 75,
            "seen_pos": 0.91,
            "version": 2,
            "nic_baro": 1,
            "nac_p": 10,
            "nac_v": 2,
            "sil": 3,
            "sil_type": "perhour",
            "gva": 2,
            "sda": 2,
            "alert": 0,
            "spi": 0,
            "mlat": [],
            "tisb": [],
            "messages": 1489282,
            "seen": 0.9,
            "rssi": -19.2
        },
        {
            "hex": "a9b1cd",
            "type": "adsr_icao",
            "flight": "N7235W  ",
            "r": "N7235W",
            "t": "P28A",
            "alt_baro": "ground",
            "gs": 0,
            "track": 123.75,
            "squawk": "1200",
            "emergency": "none",
            "category": "A1",
            "lat": 33.73526,
            "lon": -117.016472,
            "nic": 0,
            "rc": 0,
            "seen_pos": 0.42,
            "mlat": [],
            "tisb": [],
            "messages": 305690,
            "seen": 0.4,
            "rssi": -22.1
        },
        {
            "hex": "a51d5f",
            "type": "adsb_icao",
            "flight": "N429DF  ",
            "r": "N429DF",
            "t": "V10",
            "alt_baro": 4900,
            "alt_geom": 5075,
            "gs": 129.1,
            "track": 267.78,
            "baro_rate": -1024,
            "geom_rate": -1024,
            "squawk": "1255",
            "emergency": "none",
            "category": "A1",
            "lat": 33.777466,
            "lon": -116.906303,
            "nic": 9,
            "rc": 75,
            "seen_pos": 0.05,
            "version": 2,
            "nic_baro": 0,
            "nac_p": 10,
            "nac_v": 2,
            "sil": 3,
            "sil_type": "perhour",
            "gva": 2,
            "sda": 2,
            "alert": 0,
            "spi": 0,
            "mlat": [],
            "tisb": [
                "baro_rate"
            ],
            "messages": 6141162,
            "seen": 0.1,
            "rssi": -4.8
        }
    ],
    "msg": "No error",
    "now": 1744129520048,
    "total": 44,
    "ctime": 1744129516500,
    "ptime": 0
}
2025-04-08 09:25:20,082 INFO <input> - Fetched 44 flight records for location (33.697105, -117.185381)
2025-04-08 09:25:20,112 DEBUG <input> - Connected to the PostgreSQL database successfully.
2025-04-08 09:25:20,119 ERROR <input> - Error inserting flight data: null value in column "uap_source" of relation "flight_data" violates not-null constraint
DETAIL:  Failing row contains (null, null, null, null, null, null, null, null, null, null, null, null, null, null, null, null, null, null, null, null, null, null, null, null, null, null, null, null, null, null, 33.581863, -117.599899, null, null, null, null, null, null, null, null, null, null, 3, {"r": "N197TA", "t": "C172", "gs": 81.2, "rc": 0, "gva": 2, "hex..., 3).

2025-04-08 09:25:20,119 INFO <input> - Fetching flight data for sighting 11 (lat: 41.08940419253974, lon: -85.34777035096441)
2025-04-08 09:25:20,120 DEBUG connectionpool - Starting new HTTPS connection (1): adsbexchange-com1.p.rapidapi.com:443
2025-04-08 09:25:20,540 DEBUG connectionpool - https://adsbexchange-com1.p.rapidapi.com:443 "GET /v2/lat/41.08940419253974/lon/-85.34777035096441/dist/25/ HTTP/1.1" 200 None
2025-04-08 09:25:20,541 DEBUG <input> - Raw API response: {
    "ac": [
        {
            "hex": "ae116a",
            "type": "adsb_icao",
            "flight": "SLICK38 ",
            "r": "84-00166",
            "t": "BE20",
            "dbFlags": 1,
            "alt_baro": 19875,
            "alt_geom": 19350,
            "gs": 256.3,
            "track": 116.17,
            "baro_rate": 1088,
            "squawk": "3544",
            "emergency": "none",
            "category": "A1",
            "nav_altitude_mcp": 20992,
            "lat": 41.34494,
            "lon": -85.644287,
            "nic": 8,
            "rc": 186,
            "seen_pos": 0.28,
            "version": 2,
            "nic_baro": 1,
            "nac_p": 10,
            "nac_v": 1,
            "sil": 3,
            "sil_type": "perhour",
            "gva": 2,
            "sda": 2,
            "alert": 0,
            "spi": 0,
            "mlat": [],
            "tisb": [],
            "messages": 7529660,
            "seen": 0.3,
            "rssi": -11.3
        },
        {
            "hex": "abe7e3",
            "type": "adsb_icao",
            "flight": "SWA255  ",
            "r": "N8663A",
            "t": "B738",
            "alt_baro": 38000,
            "alt_geom": 37450,
            "gs": 399.3,
            "track": 279.37,
            "baro_rate": 0,
            "squawk": "0555",
            "emergency": "none",
            "category": "A3",
            "nav_qnh": 1013.6,
            "nav_altitude_mcp": 38016,
            "nav_heading": 286.88,
            "lat": 40.905453,
            "lon": -85.348289,
            "nic": 8,
            "rc": 186,
            "seen_pos": 0.28,
            "version": 2,
            "nic_baro": 1,
            "nac_p": 10,
            "nac_v": 2,
            "sil": 3,
            "sil_type": "perhour",
            "gva": 2,
            "sda": 2,
            "alert": 0,
            "spi": 0,
            "mlat": [],
            "tisb": [],
            "messages": 90733882,
            "seen": 0.1,
            "rssi": -8.4
        },
        {
            "hex": "a546ee",
            "type": "adsb_icao",
            "flight": "N4390J  ",
            "r": "N4390J",
            "t": "P28A",
            "alt_baro": 2800,
            "alt_geom": 2800,
            "gs": 83.4,
            "track": 322.31,
            "geom_rate": -192,
            "squawk": "4605",
            "emergency": "none",
            "category": "A1",
            "lat": 40.809036,
            "lon": -85.297485,
            "nic": 9,
            "rc": 75,
            "seen_pos": 0.18,
            "version": 2,
            "nic_baro": 1,
            "nac_p": 10,
            "nac_v": 2,
            "sil": 3,
            "sil_type": "perhour",
            "gva": 2,
            "sda": 2,
            "alert": 0,
            "spi": 0,
            "mlat": [],
            "tisb": [],
            "messages": 2482260,
            "seen": 0.2,
            "rssi": -15.7
        },
        {
            "hex": "a4d04c",
            "type": "adsb_icao",
            "flight": "RPA4565 ",
            "r": "N409YX",
            "t": "E75L",
            "alt_baro": 31000,
            "alt_geom": 30500,
            "gs": 469.6,
            "track": 66,
            "baro_rate": -64,
            "squawk": "6645",
            "emergency": "none",
            "category": "A3",
            "nav_qnh": 1013.6,
            "nav_altitude_mcp": 31008,
            "nav_modes": [
                "autopilot",
                "vnav",
                "tcas"
            ],
            "lat": 40.972256,
            "lon": -85.19136,
            "nic": 8,
            "rc": 186,
            "seen_pos": 0.28,
            "version": 2,
            "nic_baro": 1,
            "nac_p": 10,
            "nac_v": 2,
            "sil": 3,
            "sil_type": "perhour",
            "gva": 2,
            "sda": 2,
            "alert": 0,
            "spi": 0,
            "mlat": [],
            "tisb": [],
            "messages": 64285643,
            "seen": 0.2,
            "rssi": -8.5
        },
        {
            "hex": "a8b487",
            "type": "adsb_icao",
            "flight": "N660DC  ",
            "r": "N660DC",
            "t": "DV20",
            "alt_baro": 2000,
            "alt_geom": 2025,
            "gs": 79.2,
            "track": 10.18,
            "geom_rate": 960,
            "squawk": "1200",
            "emergency": "none",
            "category": "A1",
            "lat": 41.163803,
            "lon": -85.1745,
            "nic": 9,
            "rc": 75,
            "seen_pos": 0.18,
            "version": 2,
            "nic_baro": 0,
            "nac_p": 10,
            "nac_v": 2,
            "sil": 3,
            "sil_type": "perhour",
            "gva": 2,
            "sda": 2,
            "alert": 0,
            "spi": 0,
            "mlat": [],
            "tisb": [],
            "messages": 4406907,
            "seen": 0.2,
            "rssi": -13.6
        },
        {
            "hex": "a4e38e",
            "type": "adsb_icao",
            "flight": "N414FW  ",
            "r": "N414FW",
            "t": "C25A",
            "alt_baro": 2050,
            "alt_geom": 2050,
            "gs": 170.6,
            "track": 322.86,
            "baro_rate": -128,
            "squawk": "6725",
            "emergency": "none",
            "category": "A1",
            "nav_qnh": 1021.6,
            "nav_altitude_mcp": 2304,
            "nav_heading": 329.06,
            "lat": 40.886131,
            "lon": -85.072006,
            "nic": 9,
            "rc": 75,
            "seen_pos": 0.8,
            "version": 2,
            "nic_baro": 1,
            "nac_p": 10,
            "nac_v": 2,
            "sil": 3,
            "sil_type": "perhour",
            "gva": 2,
            "sda": 2,
            "alert": 0,
            "spi": 0,
            "mlat": [],
            "tisb": [],
            "messages": 2281403,
            "seen": 0.2,
            "rssi": -13.3
        },
        {
            "hex": "a41e0e",
            "type": "adsb_icao",
            "flight": "N3644B  ",
            "r": "N3644B",
            "t": "PAY3",
            "alt_baro": 29975,
            "alt_geom": 29300,
            "gs": 211.5,
            "track": 333.31,
            "baro_rate": 0,
            "squawk": "7351",
            "emergency": "none",
            "category": "A1",
            "lat": 40.985615,
            "lon": -84.905029,
            "nic": 9,
            "rc": 75,
            "seen_pos": 0.07,
            "version": 2,
            "nic_baro": 1,
            "nac_p": 10,
            "nac_v": 2,
            "sil": 3,
            "sil_type": "perhour",
            "gva": 2,
            "sda": 2,
            "alert": 0,
            "spi": 0,
            "mlat": [],
            "tisb": [],
            "messages": 2418781,
            "seen": 0.1,
            "rssi": -12.1
        }
    ],
    "msg": "No error",
    "now": 1744129520508,
    "total": 7,
    "ctime": 1744129517000,
    "ptime": 0
}
2025-04-08 09:25:20,541 INFO <input> - Fetched 7 flight records for location (41.089404, -85.347770)
2025-04-08 09:25:20,681 DEBUG <input> - Connected to the PostgreSQL database successfully.
2025-04-08 09:25:20,687 ERROR <input> - Error inserting flight data: null value in column "uap_source" of relation "flight_data" violates not-null constraint
DETAIL:  Failing row contains (null, null, null, null, null, null, null, null, null, null, null, null, null, null, null, null, null, null, null, null, null, null, null, null, null, null, null, null, null, null, 41.34494, -85.644287, null, null, null, null, null, null, null, null, null, null, 11, {"r": "84-00166", "t": "BE20", "gs": 256.3, "rc": 186, "gva": 2,..., 4).

2025-04-08 09:25:20,687 INFO <input> - Fetching flight data for sighting 4 (lat: 53.364599030623936, lon: -2.283372539434854)
2025-04-08 09:25:20,688 DEBUG connectionpool - Starting new HTTPS connection (1): adsbexchange-com1.p.rapidapi.com:443
