2025-04-08 09:28:46,599 DEBUG <input> - Connected to the PostgreSQL database successfully.
2025-04-08 09:28:46,600 INFO <input> - Found 27 sightings with valid location and event date.
2025-04-08 09:28:46,600 INFO <input> - Fetching flight data for sighting 1 (lat: 38.390597711713916, lon: -86.93148192268099)
2025-04-08 09:28:46,602 DEBUG connectionpool - Starting new HTTPS connection (1): adsbexchange-com1.p.rapidapi.com:443
2025-04-08 09:28:47,055 DEBUG connectionpool - https://adsbexchange-com1.p.rapidapi.com:443 "GET /v2/lat/38.390597711713916/lon/-86.93148192268099/dist/25/ HTTP/1.1" 200 None
2025-04-08 09:28:47,055 DEBUG <input> - Raw API response: {
    "ac": [
        {
            "hex": "a0f846",
            "type": "adsb_icao",
            "flight": "N16137  ",
            "r": "N16137",
            "t": "C177",
            "alt_baro": 6750,
            "alt_geom": 6575,
            "gs": 112,
            "track": 40.66,
            "geom_rate": -64,
            "squawk": "1533",
            "emergency": "none",
            "category": "A1",
            "lat": 38.207657,
            "lon": -87.394897,
            "nic": 9,
            "rc": 75,
            "seen_pos": 0.61,
            "version": 2,
            "nic_baro": 1,
            "nac_p": 10,
            "nac_v": 2,
            "sil": 3,
            "sil_type": "perhour",
            "gva": 2,
            "sda": 2,
            "alert": 0,
            "spi": 0,
            "mlat": [],
            "tisb": [],
            "messages": 498278,
            "seen": 0.6,
            "rssi": -2.8
        },
        {
            "hex": "acffb7",
            "type": "adsb_icao",
            "flight": "AAL2712 ",
            "r": "N937AN",
            "t": "B738",
            "alt_baro": 36000,
            "alt_geom": 35975,
            "gs": 401.5,
            "track": 292.86,
            "baro_rate": 0,
            "squawk": "1773",
            "emergency": "none",
            "category": "A3",
            "nav_qnh": 1013.6,
            "nav_altitude_mcp": 36000,
            "nav_heading": 296.02,
            "lat": 38.61351,
            "lon": -87.217651,
            "nic": 8,
            "rc": 186,
            "seen_pos": 0,
            "version": 2,
            "nic_baro": 1,
            "nac_p": 9,
            "nac_v": 1,
            "sil": 3,
            "sil_type": "perhour",
            "gva": 2,
            "sda": 2,
            "alert": 0,
            "spi": 0,
            "mlat": [],
            "tisb": [],
            "messages": 66486596,
            "seen": 0,
            "rssi": -14.6
        },
        {
            "hex": "a739c3",
            "type": "adsb_icao",
            "flight": "N565CV  ",
            "r": "N565CV",
            "t": "TBM8",
            "alt_baro": 29000,
            "alt_geom": 28950,
            "gs": 352.3,
            "track": 162.49,
            "baro_rate": 64,
            "squawk": "6510",
            "emergency": "none",
            "category": "A1",
            "nav_qnh": 1013.6,
            "nav_altitude_mcp": 28992,
            "lat": 38.592316,
            "lon": -87.037155,
            "nic": 9,
            "rc": 75,
            "seen_pos": 0.31,
            "version": 2,
            "nic_baro": 1,
            "nac_p": 10,
            "nac_v": 2,
            "sil": 3,
            "sil_type": "perhour",
            "gva": 2,
            "sda": 2,
            "alert": 0,
            "spi": 0,
            "mlat": [],
            "tisb": [],
            "messages": 7496060,
            "seen": 0.1,
            "rssi": -10.8
        },
        {
            "hex": "ab0485",
            "type": "adsb_icao",
            "flight": "AAL1565 ",
            "r": "N809NN",
            "t": "B738",
            "alt_baro": 36000,
            "alt_geom": 35875,
            "gs": 416,
            "track": 242.2,
            "baro_rate": 0,
            "squawk": "4021",
            "emergency": "none",
            "category": "A3",
            "nav_qnh": 1013.6,
            "nav_altitude_mcp": 36000,
            "nav_heading": 253.12,
            "lat": 38.695988,
            "lon": -86.986511,
            "nic": 8,
            "rc": 186,
            "seen_pos": 0,
            "version": 2,
            "nic_baro": 1,
            "nac_p": 9,
            "nac_v": 1,
            "sil": 3,
            "sil_type": "perhour",
            "gva": 2,
            "sda": 2,
            "alert": 0,
            "spi": 0,
            "mlat": [],
            "tisb": [],
            "messages": 74239451,
            "seen": 0,
            "rssi": -9.6
        },
        {
            "hex": "a8d5a0",
            "type": "adsb_icao",
            "flight": "UAL1023 ",
            "r": "N66893",
            "t": "B739",
            "alt_baro": 35000,
            "alt_geom": 34900,
            "gs": 456.8,
            "track": 45.18,
            "baro_rate": 0,
            "squawk": "6615",
            "emergency": "none",
            "category": "A3",
            "nav_qnh": 1013.6,
            "nav_altitude_mcp": 35008,
            "nav_heading": 42.19,
            "lat": 38.2332,
            "lon": -86.545387,
            "nic": 8,
            "rc": 186,
            "seen_pos": 0,
            "version": 2,
            "nic_baro": 1,
            "nac_p": 9,
            "nac_v": 1,
            "sil": 3,
            "sil_type": "perhour",
            "gva": 2,
            "sda": 2,
            "alert": 0,
            "spi": 0,
            "mlat": [],
            "tisb": [],
            "messages": 59885336,
            "seen": 0,
            "rssi": -15.4
        },
        {
            "hex": "aa4c42",
            "type": "adsb_icao",
            "flight": "UAL2477 ",
            "r": "N76269",
            "t": "B738",
            "alt_baro": 37000,
            "alt_geom": 36925,
            "gs": 499.4,
            "track": 46.46,
            "baro_rate": 0,
            "squawk": "2760",
            "emergency": "none",
            "category": "A3",
            "nav_qnh": 1013.6,
            "nav_altitude_mcp": 36992,
            "nav_heading": 44.3,
            "lat": 38.339912,
            "lon": -86.508736,
            "nic": 8,
            "rc": 186,
            "seen_pos": 0,
            "version": 2,
            "nic_baro": 1,
            "nac_p": 9,
            "nac_v": 1,
            "sil": 3,
            "sil_type": "perhour",
            "gva": 2,
            "sda": 2,
            "alert": 0,
            "spi": 0,
            "mlat": [],
            "tisb": [],
            "messages": 65109252,
            "seen": 0,
            "rssi": -14.2
        }
    ],
    "msg": "No error",
    "now": 1744129727022,
    "total": 6,
    "ctime": 1744129723500,
    "ptime": 0
}
2025-04-08 09:28:47,055 INFO <input> - Fetched 6 flight records for location (38.390598, -86.931482)
2025-04-08 09:28:47,087 DEBUG <input> - Connected to the PostgreSQL database successfully.
2025-04-08 09:28:47,095 INFO <input> - Inserted 6 flight records for uap_sighting_id 1
2025-04-08 09:28:47,097 INFO <input> - Fetching flight data for sighting 2 (lat: 32.250448254515796, lon: -110.98845165348575)
2025-04-08 09:28:47,098 DEBUG connectionpool - Starting new HTTPS connection (1): adsbexchange-com1.p.rapidapi.com:443
2025-04-08 09:28:47,512 DEBUG connectionpool - https://adsbexchange-com1.p.rapidapi.com:443 "GET /v2/lat/32.250448254515796/lon/-110.98845165348575/dist/25/ HTTP/1.1" 200 None
2025-04-08 09:28:47,513 DEBUG <input> - Raw API response: {
    "ac": [
        {
            "hex": "a237df",
            "type": "adsb_icao",
            "flight": "EPI242  ",
            "r": "N242EP",
            "t": "C172",
            "alt_baro": 6200,
            "alt_geom": 6425,
            "gs": 70.5,
            "track": 304.59,
            "baro_rate": -128,
            "squawk": "0405",
            "emergency": "none",
            "category": "A1",
            "nav_qnh": 1020,
            "nav_altitude_mcp": 6496,
            "nav_modes": [],
            "lat": 32.33519,
            "lon": -111.401588,
            "nic": 9,
            "rc": 75,
            "seen_pos": 0.22,
            "version": 2,
            "nic_baro": 1,
            "nac_p": 10,
            "nac_v": 2,
            "sil": 3,
            "sil_type": "perhour",
            "gva": 2,
            "sda": 2,
            "alert": 0,
            "spi": 0,
            "mlat": [],
            "tisb": [],
            "messages": 12640850,
            "seen": 0.1,
            "rssi": -13.9
        },
        {
            "hex": "ad4242",
            "type": "adsb_icao",
            "flight": "N95305  ",
            "r": "N95305",
            "t": "P28A",
            "alt_baro": 5500,
            "alt_geom": 5725,
            "gs": 80.7,
            "track": 250.44,
            "geom_rate": -896,
            "squawk": "1200",
            "emergency": "none",
            "category": "A1",
            "lat": 32.271057,
            "lon": -111.38192,
            "nic": 9,
            "rc": 75,
            "seen_pos": 0.22,
            "version": 2,
            "nic_baro": 1,
            "nac_p": 10,
            "nac_v": 2,
            "sil": 3,
            "sil_type": "perhour",
            "gva": 2,
            "sda": 2,
            "alert": 0,
            "spi": 0,
            "mlat": [],
            "tisb": [],
            "messages": 7190565,
            "seen": 0.1,
            "rssi": -8.2
        },
        {
            "hex": "a09b93",
            "type": "adsb_icao",
            "flight": "N1382M  ",
            "r": "N1382M",
            "t": "C182",
            "alt_baro": 2750,
            "alt_geom": 2825,
            "gs": 88.3,
            "track": 193.09,
            "baro_rate": 1088,
            "geom_rate": 960,
            "squawk": "1200",
            "emergency": "none",
            "category": "A1",
            "lat": 32.489506,
            "lon": -111.310844,
            "nic": 9,
            "rc": 75,
            "seen_pos": 0.22,
            "version": 2,
            "nic_baro": 1,
            "nac_p": 10,
            "nac_v": 2,
            "sil": 3,
            "sil_type": "perhour",
            "gva": 2,
            "sda": 2,
            "alert": 0,
            "spi": 0,
            "mlat": [],
            "tisb": [
                "baro_rate"
            ],
            "messages": 861709,
            "seen": 0.2,
            "rssi": -9.9
        },
        {
            "hex": "a5b3df",
            "type": "adsb_icao",
            "flight": "N467CS  ",
            "r": "N467CS",
            "t": "C212",
            "alt_baro": 9600,
            "alt_geom": 9575,
            "gs": 195.1,
            "track": 61.2,
            "baro_rate": -3904,
            "geom_rate": -3840,
            "squawk": "0437",
            "emergency": "none",
            "category": "A2",
            "lat": 32.456036,
            "lon": -111.303329,
            "nic": 9,
            "rc": 75,
            "seen_pos": 0.22,
            "version": 2,
            "nic_baro": 0,
            "nac_p": 10,
            "nac_v": 2,
            "sil": 3,
            "sil_type": "perhour",
            "gva": 2,
            "sda": 2,
            "alert": 0,
            "spi": 0,
            "mlat": [],
            "tisb": [
                "baro_rate"
            ],
            "messages": 7880333,
            "seen": 0,
            "rssi": -10.8
        },
        {
            "hex": "a17cc7",
            "type": "adsb_icao",
            "flight": "SKYVAN5 ",
            "r": "N195WW",
            "t": "SC7",
            "alt_baro": 11900,
            "alt_geom": 12275,
            "gs": 143.2,
            "track": 347.91,
            "geom_rate": 64,
            "squawk": "0443",
            "emergency": "none",
            "category": "A1",
            "lat": 32.4133,
            "lon": -111.286568,
            "nic": 9,
            "rc": 75,
            "seen_pos": 0.22,
            "version": 2,
            "nic_baro": 0,
            "nac_p": 10,
            "nac_v": 1,
            "sil": 3,
            "sil_type": "perhour",
            "gva": 2,
            "sda": 2,
            "alert": 0,
            "spi": 0,
            "mlat": [],
            "tisb": [],
            "messages": 2748662,
            "seen": 0,
            "rssi": -18.9
        },
        {
            "hex": "a654ec",
            "type": "adsb_icao",
            "flight": "N507LA  ",
            "r": "N507LA",
            "t": "C172",
            "alt_baro": 3025,
            "alt_geom": 3100,
            "gs": 80.7,
            "track": 146.11,
            "baro_rate": -448,
            "geom_rate": -448,
            "squawk": "1200",
            "emergency": "none",
            "category": "A1",
            "nav_qnh": 1019.2,
            "nav_altitude_mcp": 3008,
            "nav_heading": 111.09,
            "nav_modes": [],
            "lat": 32.526352,
            "lon": -111.282608,
            "nic": 9,
            "rc": 75,
            "seen_pos": 0.75,
            "version": 2,
            "nic_baro": 1,
            "nac_p": 10,
            "nac_v": 2,
            "sil": 3,
            "sil_type": "perhour",
            "gva": 2,
            "sda": 2,
            "alert": 0,
            "spi": 0,
            "mlat": [],
            "tisb": [
                "geom_rate"
            ],
            "messages": 34205551,
            "seen": 0.2,
            "rssi": -10.5
        },
        {
            "hex": "a2f292",
            "type": "adsb_icao",
            "flight": "OXF4560 ",
            "r": "N28958",
            "t": "P28A",
            "alt_baro": 5050,
            "alt_geom": 5200,
            "gs": 90.1,
            "track": 182.54,
            "baro_rate": -448,
            "geom_rate": -512,
            "squawk": "1200",
            "emergency": "none",
            "category": "A1",
            "nav_qnh": 1017.6,
            "nav_altitude_mcp": 3712,
            "nav_modes": [],
            "lat": 32.582062,
            "lon": -111.270523,
            "nic": 9,
            "rc": 75,
            "seen_pos": 0.04,
            "version": 2,
            "nic_baro": 1,
            "nac_p": 10,
            "nac_v": 2,
            "sil": 3,
            "sil_type": "perhour",
            "gva": 2,
            "sda": 2,
            "alert": 0,
            "spi": 0,
            "mlat": [],
            "tisb": [
                "geom_rate"
            ],
            "messages": 24912152,
            "seen": 0,
            "rssi": -22.9
        },
        {
            "hex": "a962c9",
            "type": "adsb_icao",
            "flight": "N7035Q  ",
            "r": "N7035Q",
            "t": "C172",
            "alt_baro": 4900,
            "alt_geom": 5150,
            "gs": 82.1,
            "track": 43.03,
            "baro_rate": 256,
            "geom_rate": 64,
            "squawk": "1200",
            "emergency": "none",
            "category": "A1",
            "lat": 32.591766,
            "lon": -111.224045,
            "nic": 8,
            "rc": 186,
            "seen_pos": 0.78,
            "version": 2,
            "nic_baro": 0,
            "nac_p": 10,
            "nac_v": 2,
            "sil": 3,
            "sil_type": "perhour",
            "gva": 2,
            "sda": 2,
            "alert": 0,
            "spi": 0,
            "mlat": [],
            "tisb": [
                "baro_rate"
            ],
            "messages": 12251745,
            "seen": 0,
            "rssi": -11.7
        },
        {
            "hex": "aa9c1d",
            "type": "adsb_icao",
            "flight": "EPI783  ",
            "r": "N783EP",
            "t": "C172",
            "alt_baro": 5375,
            "alt_geom": 5525,
            "gs": 113.4,
            "track": 80.87,
            "baro_rate": -64,
            "squawk": "0427",
            "emergency": "none",
            "category": "A1",
            "nav_qnh": 1020,
            "nav_altitude_mcp": 5504,
            "nav_heading": 63.98,
            "nav_modes": [],
            "lat": 32.039474,
            "lon": -111.222893,
            "nic": 9,
            "rc": 75,
            "seen_pos": 0.78,
            "version": 2,
            "nic_baro": 1,
            "nac_p": 10,
            "nac_v": 2,
            "sil": 3,
            "sil_type": "perhour",
            "gva": 2,
            "sda": 2,
            "alert": 0,
            "spi": 0,
            "mlat": [],
            "tisb": [],
            "messages": 23128813,
            "seen": 0,
            "rssi": -8.9
        },
        {
            "hex": "ac877f",
            "type": "adsb_icao",
            "flight": "SHERPA6 ",
            "r": "N906WW",
            "t": "SH33",
            "alt_baro": 1800,
            "alt_geom": 1925,
            "gs": 19.2,
            "track": 231.34,
            "baro_rate": 0,
            "geom_rate": 0,
            "squawk": "0416",
            "emergency": "none",
            "category": "A2",
            "lat": 32.408615,
            "lon": -111.216629,
            "nic": 0,
            "rc": 0,
            "seen_pos": 4.24,
            "version": 2,
            "nic_baro": 0,
            "nac_p": 0,
            "nac_v": 1,
            "sil": 0,
            "sil_type": "perhour",
            "gva": 2,
            "sda": 2,
            "alert": 0,
            "spi": 0,
            "mlat": [],
            "tisb": [
                "callsign",
                "baro_rate",
                "nac_p",
                "sil",
                "sil_type"
            ],
            "messages": 3871126,
            "seen": 0,
            "rssi": -5.3
        },
        {
            "hex": "a0701e",
            "type": "adsr_icao",
            "flight": "N1270U  ",
            "r": "N1270U",
            "t": "C172",
            "alt_baro": 3000,
            "alt_geom": 3025,
            "gs": 72.4,
            "track": 197.68,
            "baro_rate": -320,
            "squawk": "1200",
            "emergency": "none",
            "category": "A1",
            "lat": 32.146042,
            "lon": -111.210205,
            "nic": 0,
            "rc": 0,
            "seen_pos": 0.9,
            "nac_v": 0,
            "alert": 0,
            "spi": 0,
            "mlat": [],
            "tisb": [],
            "messages": 1724354,
            "seen": 0.9,
            "rssi": -6.7
        },
        {
            "hex": "a9cc07",
            "type": "adsb_icao",
            "flight": "N730LB  ",
            "r": "N730LB",
            "t": "C172",
            "alt_baro": 4400,
            "alt_geom": 4625,
            "gs": 60.4,
            "track": 340.67,
            "baro_rate": 384,
            "geom_rate": 256,
            "squawk": "1200",
            "emergency": "none",
            "category": "A1",
            "lat": 32.606918,
            "lon": -111.20488,
            "nic": 9,
            "rc": 75,
            "seen_pos": 0,
            "version": 2,
            "nic_baro": 0,
            "nac_p": 9,
            "nac_v": 1,
            "sil": 3,
            "sil_type": "perhour",
            "gva": 2,
            "sda": 2,
            "alert": 0,
            "spi": 0,
            "mlat": [],
            "tisb": [
                "baro_rate"
            ],
            "messages": 8469466,
            "seen": 0,
            "rssi": -10.7
        },
        {
            "hex": "a1807e",
            "type": "adsb_icao",
            "flight": "SKYVAN6 ",
            "r": "N196WW",
            "t": "SC7",
            "alt_baro": 4500,
            "alt_geom": 4600,
            "gs": 155.3,
            "track": 303.18,
            "baro_rate": -2688,
            "geom_rate": -2304,
            "squawk": "0440",
            "emergency": "none",
            "category": "A1",
            "lat": 32.451008,
            "lon": -111.203278,
            "nic": 10,
            "rc": 25,
            "seen_pos": 0,
            "version": 2,
            "nic_baro": 0,
            "nac_p": 10,
            "nac_v": 1,
            "sil": 3,
            "sil_type": "perhour",
            "gva": 2,
            "sda": 2,
            "alert": 0,
            "spi": 0,
            "mlat": [],
            "tisb": [
                "baro_rate"
            ],
            "messages": 5384114,
            "seen": 0,
            "rssi": -8.5
        },
        {
            "hex": "a5daed",
            "type": "adsb_icao",
            "flight": "N47680  ",
            "r": "N47680",
            "t": "P28R",
            "alt_baro": 2700,
            "alt_geom": 2750,
            "gs": 88.8,
            "track": 35.84,
            "geom_rate": -896,
            "squawk": "1200",
            "emergency": "none",
            "category": "A1",
            "lat": 32.134544,
            "lon": -111.193634,
            "nic": 9,
            "rc": 75,
            "seen_pos": 2.46,
            "version": 2,
            "nic_baro": 0,
            "nac_p": 10,
            "nac_v": 2,
            "sil": 3,
            "sil_type": "perhour",
            "gva": 2,
            "sda": 2,
            "alert": 0,
            "spi": 0,
            "mlat": [],
            "tisb": [],
            "messages": 6799431,
            "seen": 0.9,
            "rssi": -2.7
        },
        {
            "hex": "aae924",
            "type": "adsb_icao",
            "flight": "N80187  ",
            "r": "N80187",
            "t": "C172",
            "alt_baro": 2975,
            "alt_geom": 3025,
            "gs": 92.1,
            "track": 249.01,
            "geom_rate": -192,
            "squawk": "1200",
            "emergency": "none",
            "category": "A1",
            "lat": 32.155258,
            "lon": -111.175476,
            "nic": 9,
            "rc": 75,
            "seen_pos": 0.75,
            "version": 2,
            "nic_baro": 1,
            "nac_p": 10,
            "nac_v": 2,
            "sil": 3,
            "sil_type": "perhour",
            "gva": 2,
            "sda": 2,
            "alert": 0,
            "spi": 0,
            "mlat": [],
            "tisb": [],
            "messages": 15319329,
            "seen": 0.7,
            "rssi": -7.4
        },
        {
            "hex": "aa3fe7",
            "type": "adsb_icao",
            "flight": "N76HJ   ",
            "r": "N76HJ",
            "t": "C172",
            "alt_baro": "ground",
            "alt_geom": 2325,
            "gs": 0.1,
            "track": 164.05,
            "geom_rate": 0,
            "squawk": "0441",
            "emergency": "none",
            "category": "A1",
            "lat": 32.141693,
            "lon": -111.172493,
            "nic": 9,
            "rc": 75,
            "seen_pos": 27.17,
            "version": 2,
            "nac_p": 9,
            "nac_v": 1,
            "sil": 3,
            "sil_type": "perhour",
            "sda": 2,
            "alert": 0,
            "spi": 0,
            "mlat": [],
            "tisb": [],
            "messages": 7506219,
            "seen": 9.4,
            "rssi": -12.3
        },
        {
            "hex": "a41f12",
            "type": "adsb_icao",
            "flight": "CAP265  ",
            "r": "N365CA",
            "t": "C182",
            "alt_baro": 6600,
            "alt_geom": 6850,
            "gs": 66.7,
            "track": 29.64,
            "baro_rate": -64,
            "squawk": "0412",
            "emergency": "none",
            "category": "A1",
            "nav_qnh": 1018.4,
            "nav_altitude_mcp": 6496,
            "lat": 31.954193,
            "lon": -111.172409,
            "nic": 9,
            "rc": 75,
            "seen_pos": 0.75,
            "version": 2,
            "nic_baro": 1,
            "nac_p": 10,
            "nac_v": 2,
            "sil": 3,
            "sil_type": "perhour",
            "gva": 2,
            "sda": 2,
            "alert": 0,
            "spi": 0,
            "mlat": [],
            "tisb": [],
            "messages": 3108255,
            "seen": 0,
            "rssi": -7.3
        },
        {
            "hex": "a399c6",
            "type": "adsb_icao",
            "flight": "CAP231  ",
            "r": "N331CP",
            "t": "C172",
            "alt_baro": 4875,
            "alt_geom": 5025,
            "gs": 69,
            "track": 180.83,
            "baro_rate": -832,
            "squawk": "4327",
            "emergency": "none",
            "category": "A1",
            "nav_qnh": 1018.4,
            "nav_altitude_mcp": 6016,
            "lat": 32.00676,
            "lon": -111.123627,
            "nic": 9,
            "rc": 75,
            "seen_pos": 0.22,
            "version": 2,
            "nic_baro": 1,
            "nac_p": 10,
            "nac_v": 2,
            "sil": 3,
            "sil_type": "perhour",
            "gva": 2,
            "sda": 2,
            "alert": 0,
            "spi": 0,
            "mlat": [],
            "tisb": [],
            "messages": 3765635,
            "seen": 0.2,
            "rssi": -12.5
        },
        {
            "hex": "a22d50",
            "type": "adsr_icao",
            "flight": "N2397V  ",
            "r": "N2397V",
            "t": "C140",
            "alt_baro": 2600,
            "alt_geom": 2550,
            "gs": 71.4,
            "track": 134.43,
            "baro_rate": -448,
            "squawk": "0414",
            "emergency": "none",
            "category": "A1",
            "lat": 32.126221,
            "lon": -110.951256,
            "nic": 0,
            "rc": 0,
            "seen_pos": 23.94,
            "nac_v": 0,
            "alert": 0,
            "spi": 0,
            "mlat": [],
            "tisb": [],
            "messages": 175198,
            "seen": 23.8,
            "rssi": -27.6
        },
        {
            "hex": "ad2c4f",
            "type": "adsb_icao",
            "flight": "N948QS  ",
            "r": "N948QS",
            "t": "C68A",
            "alt_baro": "ground",
            "gs": 8.8,
            "true_heading": 222.19,
            "squawk": "1532",
            "emergency": "none",
            "category": "A2",
            "lat": 32.126049,
            "lon": -110.946152,
            "nic": 9,
            "rc": 75,
            "seen_pos": 10.68,
            "version": 2,
            "nac_p": 10,
            "nac_v": 2,
            "sil": 3,
            "sil_type": "perhour",
            "sda": 2,
            "mlat": [],
            "tisb": [],
            "messages": 30616118,
            "seen": 4.1,
            "rssi": -24.7
        },
        {
            "hex": "ad1d73",
            "type": "adsb_icao",
            "flight": "EJA944  ",
            "r": "N944QS",
            "t": "C68A",
            "alt_baro": "ground",
            "gs": 0,
            "track": 138,
            "true_heading": 137.81,
            "baro_rate": 0,
            "squawk": "0714",
            "emergency": "none",
            "category": "A2",
            "lat": 32.125351,
            "lon": -110.945694,
            "nic": 9,
            "rc": 75,
            "seen_pos": 7.81,
            "version": 2,
            "mlat": [],
            "tisb": [],
            "messages": 30019565,
            "seen": 4.1,
            "rssi": -22.7
        },
        {
            "hex": "ac7f41",
            "type": "adsb_icao",
            "flight": "AAL1014 ",
            "r": "N904NN",
            "t": "B738",
            "alt_baro": "ground",
            "gs": 12.2,
            "true_heading": 315,
            "squawk": "4170",
            "emergency": "none",
            "category": "A3",
            "lat": 32.120705,
            "lon": -110.942329,
            "nic": 8,
            "rc": 186,
            "seen_pos": 0,
            "version": 2,
            "nac_p": 9,
            "nac_v": 1,
            "sil": 3,
            "sil_type": "perhour",
            "sda": 2,
            "mlat": [],
            "tisb": [],
            "messages": 66776610,
            "seen": 0,
            "rssi": -14.3
        },
        {
            "hex": "ababba",
            "type": "adsb_icao",
            "flight": "N851GW  ",
            "r": "N851GW",
            "t": "PC12",
            "alt_baro": "ground",
            "alt_geom": 2525,
            "gs": 4.8,
            "track": 2,
            "true_heading": 2.81,
            "squawk": "7735",
            "emergency": "none",
            "category": "A1",
            "lat": 32.118931,
            "lon": -110.940956,
            "nic": 8,
            "rc": 186,
            "seen_pos": 7.81,
            "version": 2,
            "nac_p": 10,
            "nac_v": 2,
            "sil": 3,
            "sil_type": "perhour",
            "sda": 2,
            "alert": 0,
            "spi": 0,
            "mlat": [],
            "tisb": [],
            "messages": 7061365,
            "seen": 7.8,
            "rssi": -16.5
        },
        {
            "hex": "ab29e5",
            "type": "adsr_icao",
            "flight": "N8183R  ",
            "r": "N8183R",
            "t": "BE35",
            "alt_baro": 9350,
            "alt_geom": 9650,
            "gs": 156.3,
            "track": 109.83,
            "baro_rate": 64,
            "squawk": "7204",
            "emergency": "none",
            "category": "A1",
            "lat": 32.01796,
            "lon": -110.912643,
            "nic": 0,
            "rc": 0,
            "seen_pos": 0.22,
            "nac_v": 0,
            "alert": 0,
            "spi": 0,
            "mlat": [],
            "tisb": [],
            "messages": 120135,
            "seen": 0.2,
            "rssi": -12.4
        },
        {
            "hex": "a4264f",
            "type": "adsr_icao",
            "flight": "N367AB  ",
            "r": "N367AB",
            "t": "RV12",
            "alt_baro": 6300,
            "alt_geom": 6525,
            "gs": 98.8,
            "track": 54.06,
            "baro_rate": 320,
            "category": "A1",
            "lat": 32.541275,
            "lon": -110.851669,
            "nic": 0,
            "rc": 0,
            "seen_pos": 12.33,
            "nac_v": 0,
            "alert": 0,
            "spi": 0,
            "mlat": [],
            "tisb": [],
            "messages": 656683,
            "seen": 12.3,
            "rssi": -21.3
        }
    ],
    "msg": "No error",
    "now": 1744129727477,
    "total": 25,
    "ctime": 1744129724000,
    "ptime": 0
}
2025-04-08 09:28:47,514 INFO <input> - Fetched 25 flight records for location (32.250448, -110.988452)
2025-04-08 09:28:47,541 DEBUG <input> - Connected to the PostgreSQL database successfully.
2025-04-08 09:28:47,549 INFO <input> - Inserted 25 flight records for uap_sighting_id 2
2025-04-08 09:28:47,552 INFO <input> - Fetching flight data for sighting 3 (lat: 33.697105038423075, lon: -117.18538066119046)
2025-04-08 09:28:47,552 DEBUG connectionpool - Starting new HTTPS connection (1): adsbexchange-com1.p.rapidapi.com:443
2025-04-08 09:28:48,025 DEBUG connectionpool - https://adsbexchange-com1.p.rapidapi.com:443 "GET /v2/lat/33.697105038423075/lon/-117.18538066119046/dist/25/ HTTP/1.1" 200 None
2025-04-08 09:28:48,026 DEBUG <input> - Raw API response: {
    "ac": [
        {
            "hex": "a385c8",
            "type": "adsb_icao",
            "flight": "DAL986  ",
            "r": "N326NB",
            "t": "A319",
            "alt_baro": 24225,
            "alt_geom": 25075,
            "gs": 472,
            "track": 90.12,
            "baro_rate": 1536,
            "squawk": "2040",
            "emergency": "none",
            "category": "A3",
            "nav_qnh": 1013.6,
            "nav_altitude_mcp": 36992,
            "nav_heading": 0,
            "lat": 33.636841,
            "lon": -117.666153,
            "nic": 8,
            "rc": 186,
            "seen_pos": 0.58,
            "version": 2,
            "nic_baro": 1,
            "nac_p": 10,
            "nac_v": 2,
            "sil": 3,
            "sil_type": "perhour",
            "gva": 2,
            "sda": 2,
            "alert": 0,
            "spi": 0,
            "mlat": [],
            "tisb": [],
            "messages": 81523768,
            "seen": 0.1,
            "rssi": -11.5
        },
        {
            "hex": "ab326f",
            "type": "adsr_icao",
            "flight": "N820SD  ",
            "r": "N820SD",
            "t": "BL8",
            "alt_baro": 6400,
            "alt_geom": 6500,
            "gs": 109.2,
            "track": 266.33,
            "baro_rate": -64,
            "geom_rate": 0,
            "squawk": "0226",
            "emergency": "none",
            "category": "A1",
            "lat": 33.779343,
            "lon": -117.611336,
            "nic": 0,
            "rc": 0,
            "seen_pos": 0.66,
            "nic_baro": 0,
            "nac_p": 9,
            "nac_v": 0,
            "sil": 3,
            "sil_type": "perhour",
            "gva": 2,
            "sda": 2,
            "alert": 0,
            "spi": 0,
            "mlat": [],
            "tisb": [],
            "messages": 97609,
            "seen": 0.5,
            "rssi": -10.4
        },
        {
            "hex": "ad596c",
            "type": "adsr_icao",
            "flight": "N9597J  ",
            "r": "N9597J",
            "t": "P28A",
            "alt_baro": 3000,
            "alt_geom": 3100,
            "gs": 95,
            "track": 270,
            "baro_rate": -768,
            "geom_rate": -768,
            "squawk": "0246",
            "emergency": "none",
            "category": "A1",
            "lat": 33.978836,
            "lon": -117.500961,
            "nic": 0,
            "rc": 0,
            "seen_pos": 1.42,
            "nic_baro": 0,
            "nac_p": 9,
            "nac_v": 0,
            "sil": 3,
            "sil_type": "perhour",
            "gva": 2,
            "sda": 2,
            "alert": 0,
            "spi": 0,
            "mlat": [],
            "tisb": [],
            "messages": 1253663,
            "seen": 0.9,
            "rssi": -7.8
        },
        {
            "hex": "aa5bc6",
            "type": "adsb_icao",
            "flight": "N767CL  ",
            "r": "N767CL",
            "t": "C172",
            "alt_baro": 2375,
            "alt_geom": 2425,
            "gs": 85,
            "track": 137.86,
            "baro_rate": -256,
            "geom_rate": -128,
            "squawk": "1200",
            "emergency": "none",
            "category": "A1",
            "nav_qnh": 1017.6,
            "nav_altitude_mcp": 2496,
            "lat": 33.843063,
            "lon": -117.488861,
            "nic": 9,
            "rc": 75,
            "seen_pos": 0.09,
            "version": 2,
            "nic_baro": 1,
            "nac_p": 10,
            "nac_v": 2,
            "sil": 3,
            "sil_type": "perhour",
            "gva": 2,
            "sda": 2,
            "alert": 0,
            "spi": 0,
            "mlat": [],
            "tisb": [
                "geom_rate"
            ],
            "messages": 24380434,
            "seen": 0.1,
            "rssi": -10.2
        },
        {
            "hex": "a50de8",
            "type": "adsr_icao",
            "flight": "N42477  ",
            "r": "N42477",
            "t": "P28A",
            "alt_baro": 1400,
            "alt_geom": 1675,
            "gs": 84.2,
            "track": 274.09,
            "baro_rate": 2292,
            "geom_rate": 704,
            "squawk": "1200",
            "category": "A1",
            "lat": 33.955902,
            "lon": -117.465302,
            "nic": 0,
            "rc": 0,
            "seen_pos": 0.31,
            "nic_baro": 0,
            "nac_p": 9,
            "nac_v": 0,
            "sil": 3,
            "sil_type": "perhour",
            "gva": 2,
            "sda": 2,
            "alert": 0,
            "spi": 0,
            "mlat": [
                "baro_rate"
            ],
            "tisb": [],
            "messages": 3268780,
            "seen": 0.3,
            "rssi": -12.6
        },
        {
            "hex": "a52a29",
            "type": "adsr_icao",
            "flight": "N4317G  ",
            "r": "N4317G",
            "t": "P28A",
            "alt_baro": 2800,
            "alt_geom": 2825,
            "gs": 100.3,
            "track": 299.89,
            "baro_rate": -64,
            "geom_rate": -64,
            "squawk": "1200",
            "emergency": "none",
            "category": "A1",
            "lat": 33.762615,
            "lon": -117.460838,
            "nic": 0,
            "rc": 0,
            "seen_pos": 0.31,
            "nic_baro": 0,
            "nac_p": 9,
            "nac_v": 0,
            "sil": 3,
            "sil_type": "perhour",
            "gva": 2,
            "sda": 2,
            "alert": 0,
            "spi": 0,
            "mlat": [],
            "tisb": [],
            "messages": 1909034,
            "seen": 0.3,
            "rssi": -15
        },
        {
            "hex": "a68214",
            "type": "adsb_icao",
            "flight": "N5184J  ",
            "r": "N5184J",
            "t": "C172",
            "alt_baro": 4000,
            "alt_geom": 4050,
            "gs": 95.9,
            "track": 78.57,
            "baro_rate": 192,
            "geom_rate": 64,
            "squawk": "1200",
            "emergency": "none",
            "category": "A1",
            "nav_qnh": 1017.6,
            "lat": 33.779423,
            "lon": -117.45546,
            "nic": 9,
            "rc": 75,
            "seen_pos": 0.79,
            "version": 2,
            "nic_baro": 1,
            "nac_p": 10,
            "nac_v": 2,
            "sil": 3,
            "sil_type": "perhour",
            "gva": 2,
            "sda": 2,
            "alert": 0,
            "spi": 0,
            "mlat": [],
            "tisb": [
                "geom_rate"
            ],
            "messages": 35432357,
            "seen": 0.1,
            "rssi": -6.6
        },
        {
            "hex": "a251a2",
            "type": "adsb_icao",
            "flight": "N249CB  ",
            "r": "N249CB",
            "t": "P28A",
            "alt_baro": 2950,
            "alt_geom": 3025,
            "gs": 91.8,
            "track": 119.36,
            "baro_rate": -320,
            "geom_rate": -320,
            "squawk": "1200",
            "emergency": "none",
            "category": "A1",
            "nav_qnh": 1017.6,
            "nav_altitude_mcp": 3104,
            "nav_heading": 249.61,
            "nav_modes": [],
            "lat": 33.826447,
            "lon": -117.448608,
            "nic": 9,
            "rc": 75,
            "seen_pos": 0.31,
            "version": 2,
            "nic_baro": 1,
            "nac_p": 10,
            "nac_v": 2,
            "sil": 3,
            "sil_type": "perhour",
            "gva": 2,
            "sda": 2,
            "alert": 0,
            "spi": 0,
            "mlat": [],
            "tisb": [
                "geom_rate"
            ],
            "messages": 15145544,
            "seen": 0.1,
            "rssi": -5.2
        },
        {
            "hex": "a26a45",
            "type": "other",
            "flight": "N255CB  ",
            "r": "N255CB",
            "t": "P28A",
            "alt_baro": "ground",
            "alt_geom": 650,
            "gs": 5,
            "track": 8,
            "true_heading": 188.44,
            "squawk": "1200",
            "emergency": "none",
            "category": "A1",
            "lat": 33.951256,
            "lon": -117.44632,
            "nic": 0,
            "rc": 0,
            "seen_pos": 5.18,
            "version": 2,
            "alert": 0,
            "spi": 0,
            "mlat": [],
            "tisb": [],
            "messages": 8330875,
            "seen": 5.2,
            "rssi": -49.5
        },
        {
            "hex": "a1f3c8",
            "type": "adsb_icao",
            "flight": "N225CB  ",
            "r": "N225CB",
            "t": "P28A",
            "alt_baro": 2900,
            "alt_geom": 2900,
            "gs": 100.6,
            "track": 17.35,
            "baro_rate": 0,
            "geom_rate": 0,
            "squawk": "0263",
            "emergency": "none",
            "category": "A1",
            "nav_qnh": 1017.6,
            "nav_altitude_mcp": 3008,
            "nav_heading": 302.34,
            "nav_modes": [],
            "lat": 33.950176,
            "lon": -117.443214,
            "nic": 9,
            "rc": 75,
            "seen_pos": 0.06,
            "version": 2,
            "nic_baro": 1,
            "nac_p": 10,
            "nac_v": 2,
            "sil": 3,
            "sil_type": "perhour",
            "gva": 2,
            "sda": 2,
            "alert": 0,
            "spi": 0,
            "mlat": [],
            "tisb": [
                "geom_rate"
            ],
            "messages": 13219734,
            "seen": 0.1,
            "rssi": -7.4
        },
        {
            "hex": "a1d00c",
            "type": "adsb_icao",
            "flight": "CAP416  ",
            "r": "N216CP",
            "t": "T206",
            "alt_baro": "ground",
            "gs": 0,
            "track": 0,
            "true_heading": 75.94,
            "baro_rate": 0,
            "squawk": "1200",
            "emergency": "none",
            "category": "A1",
            "lat": 33.949471,
            "lon": -117.43586,
            "nic": 9,
            "rc": 75,
            "seen_pos": 2.59,
            "version": 2,
            "nac_p": 10,
            "nac_v": 2,
            "sil": 3,
            "sil_type": "perhour",
            "sda": 2,
            "alert": 0,
            "spi": 0,
            "mlat": [],
            "tisb": [],
            "messages": 3832950,
            "seen": 2.6,
            "rssi": -15.5
        },
        {
            "hex": "a22275",
            "type": "adsb_icao",
            "flight": "CXK418  ",
            "r": "N2369Z",
            "t": "C172",
            "dbFlags": 8,
            "alt_baro": 800,
            "alt_geom": 775,
            "gs": 71.8,
            "track": 282.88,
            "baro_rate": -576,
            "geom_rate": -576,
            "squawk": "1200",
            "emergency": "none",
            "category": "A1",
            "lat": 33.950226,
            "lon": -117.432915,
            "nic": 10,
            "rc": 25,
            "seen_pos": 2.49,
            "version": 2,
            "nic_baro": 0,
            "nac_p": 10,
            "nac_v": 2,
            "sil": 3,
            "sil_type": "perhour",
            "gva": 2,
            "sda": 2,
            "alert": 0,
            "spi": 0,
            "mlat": [],
            "tisb": [
                "geom_rate"
            ],
            "messages": 11357192,
            "seen": 0.9,
            "rssi": -5.8
        },
        {
            "hex": "acdfa3",
            "type": "adsb_icao",
            "flight": "ASA214  ",
            "r": "N929AK",
            "t": "B39M",
            "alt_baro": 14475,
            "alt_geom": 15100,
            "gs": 299.1,
            "track": 261.73,
            "baro_rate": -1600,
            "squawk": "7031",
            "emergency": "none",
            "category": "A3",
            "nav_qnh": 1017.6,
            "nav_altitude_mcp": 1888,
            "nav_heading": 253.83,
            "lat": 33.979202,
            "lon": -117.431961,
            "nic": 8,
            "rc": 186,
            "seen_pos": 0.45,
            "version": 2,
            "nic_baro": 1,
            "nac_p": 10,
            "nac_v": 2,
            "sil": 3,
            "sil_type": "perhour",
            "gva": 2,
            "sda": 2,
            "alert": 0,
            "spi": 0,
            "mlat": [],
            "tisb": [],
            "messages": 81694335,
            "seen": 0.1,
            "rssi": -8.8
        },
        {
            "hex": "a0e431",
            "type": "adsb_icao",
            "flight": "AAL1024 ",
            "r": "N157AA",
            "t": "A321",
            "alt_baro": 21900,
            "alt_geom": 22800,
            "gs": 433,
            "track": 102.95,
            "baro_rate": 576,
            "squawk": "2460",
            "emergency": "none",
            "category": "A3",
            "nav_qnh": 1013.6,
            "nav_altitude_mcp": 32992,
            "nav_heading": 0,
            "lat": 33.542496,
            "lon": -117.429497,
            "nic": 8,
            "rc": 186,
            "seen_pos": 0.19,
            "version": 2,
            "nic_baro": 1,
            "nac_p": 9,
            "nac_v": 1,
            "sil": 3,
            "sil_type": "perhour",
            "gva": 2,
            "sda": 2,
            "alert": 0,
            "spi": 0,
            "mlat": [],
            "tisb": [],
            "messages": 80578683,
            "seen": 0,
            "rssi": -17.9
        },
        {
            "hex": "a1b190",
            "type": "adsb_icao",
            "flight": "MS5     ",
            "r": "N208UU",
            "t": "C208",
            "alt_baro": 6125,
            "alt_geom": 6275,
            "gs": 137.9,
            "track": 106.86,
            "baro_rate": 1344,
            "geom_rate": 1344,
            "squawk": "4776",
            "emergency": "none",
            "category": "A1",
            "lat": 33.695251,
            "lon": -117.349899,
            "nic": 9,
            "rc": 75,
            "seen_pos": 0.03,
            "version": 2,
            "nic_baro": 1,
            "nac_p": 10,
            "nac_v": 2,
            "sil": 3,
            "sil_type": "perhour",
            "gva": 2,
            "sda": 2,
            "alert": 1,
            "spi": 0,
            "mlat": [],
            "tisb": [
                "baro_rate"
            ],
            "messages": 19206059,
            "seen": 0,
            "rssi": -4.6
        },
        {
            "hex": "c03d52",
            "type": "adsb_icao",
            "flight": "CFXFT   ",
            "r": "C-FXFT",
            "t": "KMAX",
            "alt_baro": 1700,
            "alt_geom": 1725,
            "gs": 81.8,
            "track": 296.88,
            "baro_rate": 320,
            "geom_rate": 320,
            "squawk": "4001",
            "emergency": "none",
            "category": "A7",
            "lat": 33.416885,
            "lon": -117.337997,
            "nic": 9,
            "rc": 75,
            "seen_pos": 0.45,
            "version": 2,
            "nic_baro": 0,
            "nac_p": 10,
            "nac_v": 2,
            "sil": 3,
            "sil_type": "perhour",
            "gva": 2,
            "sda": 2,
            "alert": 0,
            "spi": 0,
            "mlat": [],
            "tisb": [
                "baro_rate"
            ],
            "messages": 4455152,
            "seen": 0.1,
            "rssi": -17.4
        },
        {
            "hex": "aa8f28",
            "type": "adsb_icao",
            "flight": "N78LA   ",
            "r": "N78LA",
            "t": "SC7",
            "alt_baro": 13800,
            "alt_geom": 14350,
            "gs": 120.1,
            "track": 299.98,
            "geom_rate": -1280,
            "squawk": "4604",
            "emergency": "none",
            "category": "A1",
            "lat": 33.639114,
            "lon": -117.317963,
            "nic": 9,
            "rc": 75,
            "seen_pos": 0.03,
            "version": 2,
            "nic_baro": 1,
            "nac_p": 10,
            "nac_v": 2,
            "sil": 3,
            "sil_type": "perhour",
            "gva": 2,
            "sda": 2,
            "alert": 0,
            "spi": 0,
            "mlat": [],
            "tisb": [],
            "messages": 4572916,
            "seen": 0,
            "rssi": -11.4
        },
        {
            "hex": "abcc87",
            "type": "adsb_icao",
            "flight": "N86AJ   ",
            "r": "N86AJ",
            "t": "PA32",
            "alt_baro": 3400,
            "alt_geom": 3400,
            "gs": 109.4,
            "track": 120.78,
            "baro_rate": -448,
            "geom_rate": -448,
            "squawk": "1200",
            "emergency": "none",
            "category": "A1",
            "lat": 33.688934,
            "lon": -117.308479,
            "nic": 9,
            "rc": 75,
            "seen_pos": 0.63,
            "version": 2,
            "nic_baro": 0,
            "nac_p": 10,
            "nac_v": 2,
            "sil": 3,
            "sil_type": "perhour",
            "gva": 2,
            "sda": 2,
            "alert": 0,
            "spi": 0,
            "mlat": [],
            "tisb": [
                "baro_rate"
            ],
            "messages": 1059391,
            "seen": 0.4,
            "rssi": -4.4
        },
        {
            "hex": "a9c84f",
            "type": "adsb_icao",
            "flight": "N7297G  ",
            "r": "N7297G",
            "t": "C150",
            "alt_baro": 5375,
            "alt_geom": 5600,
            "gs": 101.5,
            "track": 145.84,
            "baro_rate": 64,
            "geom_rate": 64,
            "squawk": "0257",
            "emergency": "none",
            "category": "A1",
            "lat": 33.758846,
            "lon": -117.307716,
            "nic": 9,
            "rc": 75,
            "seen_pos": 0.45,
            "version": 2,
            "nic_baro": 1,
            "nac_p": 10,
            "nac_v": 2,
            "sil": 3,
            "sil_type": "perhour",
            "gva": 2,
            "sda": 2,
            "alert": 0,
            "spi": 0,
            "mlat": [],
            "tisb": [
                "baro_rate"
            ],
            "messages": 2870113,
            "seen": 0.1,
            "rssi": -4.4
        },
        {
            "hex": "add67c",
            "type": "adsb_icao",
            "flight": "N991BJ  ",
            "r": "N991BJ",
            "t": "P28A",
            "alt_baro": 4300,
            "alt_geom": 4350,
            "gs": 95,
            "track": 310.73,
            "baro_rate": 256,
            "geom_rate": 192,
            "squawk": "0234",
            "emergency": "none",
            "category": "A1",
            "lat": 33.659039,
            "lon": -117.285347,
            "nic": 8,
            "rc": 186,
            "seen_pos": 0.69,
            "version": 2,
            "nic_baro": 0,
            "nac_p": 10,
            "nac_v": 2,
            "sil": 3,
            "sil_type": "perhour",
            "gva": 2,
            "sda": 2,
            "alert": 0,
            "spi": 0,
            "mlat": [],
            "tisb": [
                "baro_rate"
            ],
            "messages": 6666231,
            "seen": 0.1,
            "rssi": -5.7
        },
        {
            "hex": "ad8906",
            "type": "adsb_icao",
            "flight": "N971TA  ",
            "r": "N971TA",
            "t": "C172",
            "alt_baro": 8075,
            "alt_geom": 8300,
            "gs": 112.7,
            "track": 48.96,
            "baro_rate": 256,
            "geom_rate": 448,
            "squawk": "0222",
            "emergency": "none",
            "category": "A1",
            "lat": 34.02829,
            "lon": -117.273499,
            "nic": 9,
            "rc": 75,
            "seen_pos": 0.01,
            "version": 2,
            "nic_baro": 1,
            "nac_p": 10,
            "nac_v": 2,
            "sil": 3,
            "sil_type": "perhour",
            "gva": 2,
            "sda": 2,
            "alert": 0,
            "spi": 0,
            "mlat": [],
            "tisb": [
                "baro_rate"
            ],
            "messages": 13061247,
            "seen": 0,
            "rssi": -5.8
        },
        {
            "hex": "a33174",
            "type": "adsb_icao",
            "flight": "N30463  ",
            "r": "N30463",
            "t": "C177",
            "alt_baro": 1350,
            "alt_geom": 1350,
            "gs": 78.3,
            "track": 280.3,
            "baro_rate": -320,
            "geom_rate": -512,
            "squawk": "1200",
            "emergency": "none",
            "category": "A1",
            "lat": 33.329865,
            "lon": -117.248459,
            "nic": 9,
            "rc": 75,
            "seen_pos": 0,
            "version": 2,
            "nic_baro": 0,
            "nac_p": 9,
            "nac_v": 1,
            "sil": 3,
            "sil_type": "perhour",
            "gva": 2,
            "sda": 2,
            "alert": 0,
            "spi": 0,
            "mlat": [],
            "tisb": [
                "baro_rate"
            ],
            "messages": 1083848,
            "seen": 0,
            "rssi": -6.5
        },
        {
            "hex": "a2fe2d",
            "type": "adsb_icao",
            "flight": "N292P   ",
            "r": "N292P",
            "t": "PC12",
            "alt_baro": 21000,
            "alt_geom": 21825,
            "gs": 276.3,
            "track": 87.51,
            "geom_rate": -64,
            "squawk": "1017",
            "emergency": "none",
            "category": "A1",
            "lat": 33.591721,
            "lon": -117.245232,
            "nic": 9,
            "rc": 75,
            "seen_pos": 0.12,
            "version": 2,
            "nic_baro": 0,
            "nac_p": 10,
            "nac_v": 2,
            "sil": 3,
            "sil_type": "perhour",
            "gva": 2,
            "sda": 2,
            "alert": 0,
            "spi": 0,
            "mlat": [],
            "tisb": [],
            "messages": 19995553,
            "seen": 0.1,
            "rssi": -22.4
        },
        {
            "hex": "a06c71",
            "type": "adsb_icao",
            "flight": "N12604  ",
            "r": "N12604",
            "t": "C172",
            "alt_baro": 3375,
            "alt_geom": 3375,
            "gs": 111,
            "track": 0,
            "baro_rate": 0,
            "geom_rate": 0,
            "squawk": "1200",
            "emergency": "none",
            "category": "A1",
            "lat": 33.464676,
            "lon": -117.241974,
            "nic": 9,
            "rc": 75,
            "seen_pos": 0.09,
            "version": 2,
            "nic_baro": 1,
            "nac_p": 10,
            "nac_v": 2,
            "sil": 3,
            "sil_type": "perhour",
            "gva": 2,
            "sda": 2,
            "alert": 0,
            "spi": 0,
            "mlat": [],
            "tisb": [
                "baro_rate"
            ],
            "messages": 11593737,
            "seen": 0.1,
            "rssi": -13.5
        },
        {
            "hex": "a5b2b0",
            "type": "adsb_icao",
            "flight": "HAL1619 ",
            "r": "N4663K",
            "t": "A333",
            "alt_baro": "ground",
            "gs": 0,
            "true_heading": 343.12,
            "squawk": "2652",
            "emergency": "none",
            "category": "A5",
            "lat": 34.103809,
            "lon": -117.233719,
            "nic": 8,
            "rc": 186,
            "seen_pos": 2.77,
            "version": 2,
            "nac_p": 10,
            "nac_v": 2,
            "sil": 3,
            "sil_type": "perhour",
            "sda": 3,
            "mlat": [],
            "tisb": [],
            "messages": 31621131,
            "seen": 1.2,
            "rssi": -14.8
        },
        {
            "hex": "ad9010",
            "type": "adsb_icao",
            "flight": "N973PA  ",
            "r": "N973PA",
            "t": "SR20",
            "alt_baro": 4075,
            "alt_geom": 4175,
            "gs": 123.3,
            "track": 3.72,
            "baro_rate": 128,
            "geom_rate": -64,
            "squawk": "1200",
            "emergency": "none",
            "category": "A1",
            "nav_qnh": 1017.6,
            "nav_altitude_mcp": 2496,
            "nav_heading": 148.36,
            "nav_modes": [],
            "lat": 33.3078,
            "lon": -117.217003,
            "nic": 9,
            "rc": 75,
            "seen_pos": 0.45,
            "version": 2,
            "nic_baro": 1,
            "nac_p": 10,
            "nac_v": 2,
            "sil": 3,
            "sil_type": "perhour",
            "gva": 2,
            "sda": 2,
            "alert": 0,
            "spi": 0,
            "mlat": [],
            "tisb": [
                "geom_rate"
            ],
            "messages": 16567795,
            "seen": 0.1,
            "rssi": -8.3
        },
        {
            "hex": "a3660b",
            "type": "other",
            "flight": "N318RL  ",
            "r": "N318RL",
            "t": "B06",
            "dbFlags": 8,
            "alt_baro": "ground",
            "track": 180,
            "squawk": "1200",
            "emergency": "none",
            "category": "A7",
            "lat": 33.452213,
            "lon": -117.211594,
            "nic": 0,
            "rc": 0,
            "seen_pos": 3.14,
            "version": 0,
            "mlat": [],
            "tisb": [],
            "messages": 592179,
            "seen": 3.1,
            "rssi": -37
        },
        {
            "hex": "a30657",
            "type": "adsb_icao",
            "flight": "SWA980  ",
            "r": "N294WN",
            "t": "B737",
            "alt_baro": 12900,
            "alt_geom": 13375,
            "gs": 331.7,
            "track": 204.02,
            "baro_rate": 0,
            "geom_rate": 0,
            "squawk": "2713",
            "emergency": "none",
            "category": "A3",
            "nav_qnh": 1017.6,
            "nav_altitude_mcp": 8000,
            "nav_heading": 191.25,
            "lat": 34.061993,
            "lon": -117.161407,
            "nic": 8,
            "rc": 186,
            "seen_pos": 0.03,
            "version": 2,
            "nic_baro": 1,
            "nac_p": 10,
            "nac_v": 2,
            "sil": 3,
            "sil_type": "perhour",
            "gva": 2,
            "sda": 2,
            "alert": 0,
            "spi": 0,
            "mlat": [],
            "tisb": [
                "geom_rate"
            ],
            "messages": 85447864,
            "seen": 0,
            "rssi": -15.5
        },
        {
            "hex": "aabe53",
            "type": "adsr_icao",
            "flight": "N79113  ",
            "r": "N79113",
            "t": "C172",
            "alt_baro": 7400,
            "alt_geom": 7625,
            "gs": 96.9,
            "track": 172.29,
            "baro_rate": 0,
            "squawk": "4777",
            "emergency": "none",
            "category": "A1",
            "lat": 34.085861,
            "lon": -117.14576,
            "nic": 0,
            "rc": 0,
            "seen_pos": 0.51,
            "nac_v": 0,
            "alert": 0,
            "spi": 0,
            "mlat": [],
            "tisb": [],
            "messages": 12611642,
            "seen": 0.2,
            "rssi": -8.5
        },
        {
            "hex": "~299327",
            "type": "tisb_trackfile",
            "alt_baro": 2000,
            "gs": 93,
            "track": 90,
            "geom_rate": -640,
            "lat": 34.096573,
            "lon": -117.129448,
            "nic": 0,
            "rc": 0,
            "seen_pos": 15.65,
            "nac_p": 0,
            "nac_v": 0,
            "sil": 0,
            "sil_type": "unknown",
            "alert": 0,
            "spi": 0,
            "mlat": [],
            "tisb": [
                "altitude",
                "gs",
                "track",
                "geom_rate",
                "lat",
                "lon",
                "nic",
                "rc",
                "nac_p",
                "nac_v",
                "sil",
                "sil_type"
            ],
            "messages": 150,
            "seen": 15.7,
            "rssi": -6
        },
        {
            "hex": "a80ba0",
            "type": "adsr_icao",
            "flight": "N61737  ",
            "r": "N61737",
            "t": "C172",
            "alt_baro": 2200,
            "alt_geom": 2200,
            "gs": 89.2,
            "track": 107.62,
            "baro_rate": -2112,
            "geom_rate": -1280,
            "squawk": "1200",
            "emergency": "none",
            "category": "A1",
            "lat": 33.548523,
            "lon": -117.127419,
            "nic": 0,
            "rc": 0,
            "seen_pos": 0.51,
            "nic_baro": 0,
            "nac_p": 9,
            "nac_v": 0,
            "sil": 3,
            "sil_type": "perhour",
            "gva": 2,
            "sda": 2,
            "alert": 0,
            "spi": 0,
            "mlat": [],
            "tisb": [],
            "messages": 6292926,
            "seen": 0.1,
            "rssi": -15.6
        },
        {
            "hex": "a5e260",
            "type": "adsr_icao",
            "flight": "N47885  ",
            "r": "N47885",
            "t": "P28A",
            "alt_baro": 2100,
            "alt_geom": 2175,
            "gs": 72.3,
            "track": 138.37,
            "baro_rate": 0,
            "squawk": "1200",
            "emergency": "none",
            "category": "A1",
            "lat": 34.095016,
            "lon": -117.12648,
            "nic": 0,
            "rc": 0,
            "seen_pos": 6.47,
            "nac_v": 0,
            "alert": 0,
            "spi": 0,
            "mlat": [],
            "tisb": [],
            "messages": 2081492,
            "seen": 6.5,
            "rssi": -22.2
        },
        {
            "hex": "a99565",
            "type": "adsb_icao",
            "flight": "N7165G  ",
            "r": "N7165G",
            "t": "C172",
            "alt_baro": 1500,
            "alt_geom": 1500,
            "gs": 66.6,
            "track": 187.77,
            "baro_rate": -960,
            "geom_rate": -896,
            "squawk": "1200",
            "emergency": "none",
            "category": "A1",
            "lat": 33.586624,
            "lon": -117.125298,
            "nic": 9,
            "rc": 75,
            "seen_pos": 2.45,
            "version": 2,
            "nic_baro": 1,
            "nac_p": 9,
            "nac_v": 1,
            "sil": 3,
            "sil_type": "perhour",
            "gva": 2,
            "sda": 2,
            "alert": 0,
            "spi": 0,
            "mlat": [],
            "tisb": [
                "baro_rate"
            ],
            "messages": 18525811,
            "seen": 0.1,
            "rssi": -8.7
        },
        {
            "hex": "a581c1",
            "type": "adsb_icao",
            "flight": "N454JA  ",
            "r": "N454JA",
            "t": "EV97",
            "alt_baro": 2275,
            "alt_geom": 2325,
            "gs": 87.1,
            "track": 1.97,
            "baro_rate": 128,
            "geom_rate": 320,
            "squawk": "1200",
            "emergency": "none",
            "category": "A1",
            "lat": 33.570309,
            "lon": -117.11277,
            "nic": 9,
            "rc": 75,
            "seen_pos": 0.45,
            "version": 2,
            "nic_baro": 1,
            "nac_p": 10,
            "nac_v": 2,
            "sil": 3,
            "sil_type": "perhour",
            "gva": 2,
            "sda": 2,
            "alert": 0,
            "spi": 0,
            "mlat": [],
            "tisb": [
                "geom_rate"
            ],
            "messages": 7830158,
            "seen": 0.4,
            "rssi": -5.3
        },
        {
            "hex": "a51d91",
            "type": "adsb_icao",
            "flight": "CXK598  ",
            "r": "N429FF",
            "t": "C172",
            "dbFlags": 8,
            "alt_baro": 4500,
            "alt_geom": 4600,
            "gs": 89.3,
            "track": 318.63,
            "baro_rate": 64,
            "geom_rate": 64,
            "squawk": "1200",
            "emergency": "none",
            "category": "A1",
            "lat": 33.29388,
            "lon": -117.066498,
            "nic": 10,
            "rc": 25,
            "seen_pos": 0.03,
            "version": 2,
            "nic_baro": 0,
            "nac_p": 10,
            "nac_v": 2,
            "sil": 3,
            "sil_type": "perhour",
            "gva": 2,
            "sda": 2,
            "alert": 0,
            "spi": 0,
            "mlat": [],
            "tisb": [
                "geom_rate"
            ],
            "messages": 11691376,
            "seen": 0,
            "rssi": -8.6
        },
        {
            "hex": "a2f327",
            "type": "adsb_icao",
            "flight": "N29AF   ",
            "r": "N29AF",
            "t": "C72R",
            "alt_baro": 8400,
            "alt_geom": 8650,
            "gs": 109.7,
            "track": 350.02,
            "baro_rate": 0,
            "geom_rate": -64,
            "squawk": "4670",
            "emergency": "none",
            "category": "A1",
            "lat": 33.979828,
            "lon": -117.065735,
            "nic": 10,
            "rc": 25,
            "seen_pos": 0.58,
            "version": 2,
            "nic_baro": 0,
            "nac_p": 10,
            "nac_v": 2,
            "sil": 3,
            "sil_type": "perhour",
            "gva": 2,
            "sda": 2,
            "alert": 0,
            "spi": 0,
            "mlat": [],
            "tisb": [
                "baro_rate"
            ],
            "messages": 3918883,
            "seen": 0.1,
            "rssi": -10.9
        },
        {
            "hex": "a9b1cd",
            "type": "adsr_icao",
            "flight": "N7235W  ",
            "r": "N7235W",
            "t": "P28A",
            "alt_baro": 1500,
            "alt_geom": 1575,
            "gs": 84.2,
            "track": 240.09,
            "baro_rate": 960,
            "squawk": "1200",
            "emergency": "none",
            "category": "A1",
            "lat": 33.732056,
            "lon": -117.02536,
            "nic": 0,
            "rc": 0,
            "seen_pos": 1.42,
            "nac_v": 0,
            "alert": 0,
            "spi": 0,
            "mlat": [],
            "tisb": [],
            "messages": 305906,
            "seen": 1.4,
            "rssi": -12.8
        },
        {
            "hex": "a83cb6",
            "type": "adsb_icao",
            "flight": "N63PP   ",
            "r": "N63PP",
            "t": "B407",
            "alt_baro": 2000,
            "alt_geom": 2025,
            "gs": 2.9,
            "track": 135,
            "baro_rate": -128,
            "squawk": "1200",
            "emergency": "none",
            "category": "A7",
            "lat": 33.63208,
            "lon": -117.023506,
            "nic": 9,
            "rc": 75,
            "seen_pos": 2.36,
            "version": 2,
            "nic_baro": 1,
            "nac_p": 10,
            "nac_v": 2,
            "sil": 3,
            "sil_type": "perhour",
            "gva": 2,
            "sda": 2,
            "alert": 0,
            "spi": 0,
            "mlat": [],
            "tisb": [],
            "messages": 1489805,
            "seen": 0.8,
            "rssi": -26.3
        },
        {
            "hex": "a1aee9",
            "type": "adsb_icao",
            "flight": "N2074A  ",
            "r": "N2074A",
            "t": "C172",
            "alt_baro": 3875,
            "alt_geom": 3925,
            "gs": 98.7,
            "track": 283.47,
            "baro_rate": 0,
            "geom_rate": 256,
            "squawk": "1200",
            "emergency": "none",
            "category": "A1",
            "nav_qnh": 1017.6,
            "nav_altitude_mcp": 4000,
            "nav_heading": 108.98,
            "lat": 33.526016,
            "lon": -117.013405,
            "nic": 9,
            "rc": 75,
            "seen_pos": 0.63,
            "version": 2,
            "nic_baro": 1,
            "nac_p": 10,
            "nac_v": 2,
            "sil": 3,
            "sil_type": "perhour",
            "gva": 2,
            "sda": 2,
            "alert": 0,
            "spi": 0,
            "mlat": [],
            "tisb": [
                "geom_rate"
            ],
            "messages": 14166526,
            "seen": 0.4,
            "rssi": -11.5
        },
        {
            "hex": "a51d5f",
            "type": "adsb_icao",
            "flight": "N429DF  ",
            "r": "N429DF",
            "t": "V10",
            "alt_baro": 2100,
            "alt_geom": 2175,
            "gs": 108.2,
            "track": 340.56,
            "geom_rate": -960,
            "squawk": "1255",
            "emergency": "none",
            "category": "A1",
            "lat": 33.734497,
            "lon": -116.993355,
            "nic": 9,
            "rc": 75,
            "seen_pos": 0.45,
            "version": 2,
            "nic_baro": 0,
            "nac_p": 10,
            "nac_v": 2,
            "sil": 3,
            "sil_type": "perhour",
            "gva": 2,
            "sda": 2,
            "alert": 0,
            "spi": 0,
            "mlat": [],
            "tisb": [],
            "messages": 6142524,
            "seen": 0.4,
            "rssi": -12.5
        },
        {
            "hex": "a37e5a",
            "type": "adsb_icao",
            "flight": "DAL1143 ",
            "r": "N324NB",
            "t": "A319",
            "alt_baro": 30900,
            "alt_geom": 31900,
            "gs": 491.5,
            "track": 92.68,
            "baro_rate": 1920,
            "squawk": "1344",
            "emergency": "none",
            "category": "A3",
            "nav_qnh": 1013.6,
            "nav_altitude_mcp": 35008,
            "nav_heading": 0,
            "lat": 33.681057,
            "lon": -116.984879,
            "nic": 8,
            "rc": 186,
            "seen_pos": 0.12,
            "version": 2,
            "nic_baro": 1,
            "nac_p": 9,
            "nac_v": 1,
            "sil": 3,
            "sil_type": "perhour",
            "gva": 2,
            "sda": 2,
            "alert": 0,
            "spi": 0,
            "mlat": [],
            "tisb": [],
            "messages": 74641784,
            "seen": 0.1,
            "rssi": -13.5
        },
        {
            "hex": "a02585",
            "type": "adsb_icao",
            "flight": "N1085T  ",
            "r": "N1085T",
            "t": "B06",
            "alt_baro": 2400,
            "alt_geom": 2450,
            "gs": 98.7,
            "track": 83.02,
            "baro_rate": 192,
            "geom_rate": 128,
            "squawk": "1200",
            "emergency": "none",
            "category": "A7",
            "lat": 33.755539,
            "lon": -116.982201,
            "nic": 9,
            "rc": 75,
            "seen_pos": 1.42,
            "version": 2,
            "nic_baro": 1,
            "nac_p": 10,
            "nac_v": 2,
            "sil": 3,
            "sil_type": "perhour",
            "gva": 2,
            "sda": 2,
            "alert": 0,
            "spi": 0,
            "mlat": [],
            "tisb": [
                "baro_rate"
            ],
            "messages": 2466836,
            "seen": 1.4,
            "rssi": -13.1
        }
    ],
    "msg": "No error",
    "now": 1744129727990,
    "total": 42,
    "ctime": 1744129724500,
    "ptime": 1
}
2025-04-08 09:28:48,027 INFO <input> - Fetched 42 flight records for location (33.697105, -117.185381)
2025-04-08 09:28:48,058 DEBUG <input> - Connected to the PostgreSQL database successfully.
2025-04-08 09:28:48,067 INFO <input> - Inserted 42 flight records for uap_sighting_id 3
2025-04-08 09:28:48,070 INFO <input> - Fetching flight data for sighting 11 (lat: 41.08940419253974, lon: -85.34777035096441)
2025-04-08 09:28:48,071 DEBUG connectionpool - Starting new HTTPS connection (1): adsbexchange-com1.p.rapidapi.com:443
2025-04-08 09:28:48,491 DEBUG connectionpool - https://adsbexchange-com1.p.rapidapi.com:443 "GET /v2/lat/41.08940419253974/lon/-85.34777035096441/dist/25/ HTTP/1.1" 200 None
2025-04-08 09:28:48,492 DEBUG <input> - Raw API response: {
    "ac": [
        {
            "hex": "abe7e3",
            "type": "adsb_icao",
            "flight": "SWA255  ",
            "r": "N8663A",
            "t": "B738",
            "alt_baro": 38000,
            "alt_geom": 37475,
            "gs": 398.2,
            "track": 279.25,
            "baro_rate": 0,
            "squawk": "0555",
            "emergency": "none",
            "category": "A3",
            "nav_qnh": 1013.6,
            "nav_altitude_mcp": 38016,
            "nav_heading": 286.88,
            "lat": 40.967789,
            "lon": -85.848694,
            "nic": 8,
            "rc": 186,
            "seen_pos": 0.23,
            "version": 2,
            "nic_baro": 1,
            "nac_p": 10,
            "nac_v": 2,
            "sil": 3,
            "sil_type": "perhour",
            "gva": 2,
            "sda": 2,
            "alert": 0,
            "spi": 0,
            "mlat": [],
            "tisb": [],
            "messages": 90736155,
            "seen": 0.1,
            "rssi": -7.9
        },
        {
            "hex": "a546ee",
            "type": "adsb_icao",
            "flight": "N4390J  ",
            "r": "N4390J",
            "t": "P28A",
            "alt_baro": 2800,
            "alt_geom": 2800,
            "gs": 76.3,
            "track": 328.39,
            "geom_rate": -128,
            "squawk": "4605",
            "emergency": "none",
            "category": "A1",
            "lat": 40.870834,
            "lon": -85.351318,
            "nic": 9,
            "rc": 75,
            "seen_pos": 0.01,
            "version": 2,
            "nic_baro": 1,
            "nac_p": 10,
            "nac_v": 2,
            "sil": 3,
            "sil_type": "perhour",
            "gva": 2,
            "sda": 2,
            "alert": 0,
            "spi": 0,
            "mlat": [],
            "tisb": [],
            "messages": 2483698,
            "seen": 0,
            "rssi": -9.7
        },
        {
            "hex": "ae116a",
            "type": "adsb_icao",
            "flight": "SLICK38 ",
            "r": "84-00166",
            "t": "BE20",
            "dbFlags": 1,
            "alt_baro": 21000,
            "alt_geom": 20450,
            "gs": 324.7,
            "track": 116.33,
            "baro_rate": 0,
            "squawk": "3544",
            "emergency": "none",
            "category": "A1",
            "nav_altitude_mcp": 20992,
            "lat": 41.220657,
            "lon": -85.311218,
            "nic": 8,
            "rc": 186,
            "seen_pos": 0.59,
            "version": 2,
            "nic_baro": 1,
            "nac_p": 10,
            "nac_v": 1,
            "sil": 3,
            "sil_type": "perhour",
            "gva": 2,
            "sda": 2,
            "alert": 0,
            "spi": 0,
            "mlat": [],
            "tisb": [],
            "messages": 7531845,
            "seen": 0.1,
            "rssi": -10.2
        },
        {
            "hex": "a61d00",
            "type": "adsb_icao",
            "flight": "UAL2138 ",
            "r": "N493UA",
            "t": "A320",
            "alt_baro": 24525,
            "alt_geom": 24050,
            "gs": 479,
            "track": 132.89,
            "baro_rate": -448,
            "squawk": "6267",
            "emergency": "none",
            "category": "A3",
            "nav_qnh": 1012.8,
            "nav_altitude_mcp": 23008,
            "lat": 41.159729,
            "lon": -85.212219,
            "nic": 8,
            "rc": 186,
            "seen_pos": 0.09,
            "version": 2,
            "nic_baro": 1,
            "nac_p": 9,
            "nac_v": 1,
            "sil": 3,
            "sil_type": "perhour",
            "gva": 2,
            "sda": 2,
            "alert": 0,
            "spi": 0,
            "mlat": [],
            "tisb": [],
            "messages": 61904643,
            "seen": 0,
            "rssi": -8.6
        },
        {
            "hex": "a4e38e",
            "type": "adsb_icao",
            "flight": "N414FW  ",
            "r": "N414FW",
            "t": "C25A",
            "alt_baro": 750,
            "alt_geom": 825,
            "gs": 99,
            "track": 315,
            "baro_rate": -768,
            "squawk": "6725",
            "emergency": "none",
            "category": "A1",
            "nav_qnh": 1021.6,
            "nav_altitude_mcp": 2304,
            "nav_heading": 320.62,
            "lat": 40.97514,
            "lon": -85.179184,
            "nic": 9,
            "rc": 75,
            "seen_pos": 3.89,
            "version": 2,
            "nic_baro": 1,
            "nac_p": 10,
            "nac_v": 2,
            "sil": 3,
            "sil_type": "perhour",
            "gva": 2,
            "sda": 2,
            "alert": 0,
            "spi": 0,
            "mlat": [],
            "tisb": [],
            "messages": 2282671,
            "seen": 2.3,
            "rssi": -13.9
        },
        {
            "hex": "a5d7b2",
            "type": "adsb_icao",
            "flight": "N476DC  ",
            "r": "N476DC",
            "t": "DV20",
            "alt_baro": 1075,
            "alt_geom": 1150,
            "gs": 67.5,
            "track": 309.59,
            "geom_rate": -512,
            "squawk": "1200",
            "emergency": "none",
            "category": "A1",
            "lat": 41.149796,
            "lon": -85.163574,
            "nic": 9,
            "rc": 75,
            "seen_pos": 0.08,
            "version": 2,
            "nic_baro": 1,
            "nac_p": 10,
            "nac_v": 2,
            "sil": 3,
            "sil_type": "perhour",
            "gva": 2,
            "sda": 2,
            "alert": 0,
            "spi": 0,
            "mlat": [],
            "tisb": [],
            "messages": 5539882,
            "seen": 0.1,
            "rssi": -9.9
        },
        {
            "hex": "a1a5d6",
            "type": "adsb_icao",
            "flight": "AAY572  ",
            "r": "N205NV",
            "t": "A320",
            "alt_baro": 29750,
            "alt_geom": 29225,
            "gs": 381.1,
            "track": 351.55,
            "baro_rate": -1280,
            "squawk": "7152",
            "emergency": "none",
            "category": "A3",
            "nav_qnh": 1012.8,
            "nav_altitude_mcp": 28000,
            "lat": 40.975281,
            "lon": -85.138672,
            "nic": 8,
            "rc": 186,
            "seen_pos": 0.34,
            "version": 2,
            "nic_baro": 1,
            "nac_p": 10,
            "nac_v": 2,
            "sil": 3,
            "sil_type": "perhour",
            "gva": 2,
            "sda": 3,
            "alert": 0,
            "spi": 0,
            "mlat": [],
            "tisb": [],
            "messages": 69579186,
            "seen": 0,
            "rssi": -12.2
        },
        {
            "hex": "a8b487",
            "type": "adsb_icao",
            "flight": "N660DC  ",
            "r": "N660DC",
            "t": "DV20",
            "alt_baro": 4500,
            "alt_geom": 4375,
            "gs": 72.7,
            "track": 31.5,
            "geom_rate": 640,
            "squawk": "1333",
            "emergency": "none",
            "category": "A1",
            "lat": 41.228989,
            "lon": -85.12915,
            "nic": 9,
            "rc": 75,
            "seen_pos": 0.09,
            "version": 2,
            "nic_baro": 0,
            "nac_p": 10,
            "nac_v": 2,
            "sil": 3,
            "sil_type": "perhour",
            "gva": 2,
            "sda": 2,
            "alert": 0,
            "spi": 0,
            "mlat": [],
            "tisb": [],
            "messages": 4408539,
            "seen": 0.1,
            "rssi": -9.4
        },
        {
            "hex": "a41e0e",
            "type": "adsb_icao",
            "flight": "N3644B  ",
            "r": "N3644B",
            "t": "PAY3",
            "alt_baro": 30000,
            "alt_geom": 29325,
            "gs": 209.7,
            "track": 333.07,
            "baro_rate": 0,
            "squawk": "7351",
            "emergency": "none",
            "category": "A1",
            "lat": 41.165771,
            "lon": -85.025131,
            "nic": 9,
            "rc": 75,
            "seen_pos": 0.51,
            "version": 2,
            "nic_baro": 1,
            "nac_p": 10,
            "nac_v": 2,
            "sil": 3,
            "sil_type": "perhour",
            "gva": 2,
            "sda": 2,
            "alert": 0,
            "spi": 0,
            "mlat": [],
            "tisb": [],
            "messages": 2420863,
            "seen": 0,
            "rssi": -10.3
        }
    ],
    "msg": "No error",
    "now": 1744129728458,
    "total": 9,
    "ctime": 1744129725000,
    "ptime": 0
}
2025-04-08 09:28:48,492 INFO <input> - Fetched 9 flight records for location (41.089404, -85.347770)
2025-04-08 09:28:48,519 DEBUG <input> - Connected to the PostgreSQL database successfully.
2025-04-08 09:28:48,526 INFO <input> - Inserted 9 flight records for uap_sighting_id 11
2025-04-08 09:28:48,529 INFO <input> - Fetching flight data for sighting 4 (lat: 53.364599030623936, lon: -2.283372539434854)
2025-04-08 09:28:48,529 DEBUG connectionpool - Starting new HTTPS connection (1): adsbexchange-com1.p.rapidapi.com:443
