2025-04-24 06:00:02,118 INFO fetch_uap_data - Reddit API initialized successfully.
2025-04-24 06:00:02,134 INFO fetch_uap_data - Script started.
2025-04-24 06:00:02,134 INFO fetch_uap_data - Fetching UAP sightings from Reddit...
2025-04-24 06:00:02,134 INFO fetch_uap_data - Fetching posts from subreddit: UFOs
2025-04-24 06:00:04,086 DEBUG fetch_uap_data - Parsing event date from: 'April 20th 5:30am'
2025-04-24 06:00:04,104 DEBUG fetch_uap_data - Parsed datetime using dateparser: 2025-04-20 05:30:00+00:00
2025-04-24 06:00:04,623 DEBUG fetch_uap_data - Geocoded location 'Riverside CA' to (33.976180, -117.369687).
2025-04-24 06:00:04,784 DEBUG fetch_uap_data - Added post with ID 1k6nuuq
2025-04-24 06:00:05,786 DEBUG fetch_uap_data - Parsing event date from: '8:40 pm April 22nd 2025'
2025-04-24 06:00:05,787 DEBUG fetch_uap_data - Parsed datetime using dateparser: 2025-04-22 20:40:00+00:00
2025-04-24 06:00:06,186 DEBUG fetch_uap_data - Geocoded location 'Phoenix, Arizona' to (33.448437, -112.074141).
2025-04-24 06:00:06,348 DEBUG fetch_uap_data - Added post with ID 1k6nbh6
2025-04-24 06:00:07,350 DEBUG fetch_uap_data - Parsing event date from: '8:30-9pm'
2025-04-24 06:00:08,439 DEBUG fetch_uap_data - Dateparser failed, falling back to custom extraction logic.
2025-04-24 06:00:08,439 DEBUG fetch_uap_data - Extracted generic two-digit year: 2030
2025-04-24 06:00:08,440 DEBUG fetch_uap_data - Extracted numeric month: 8
2025-04-24 06:00:08,440 DEBUG fetch_uap_data - Extracted day: 8
2025-04-24 06:00:08,440 DEBUG fetch_uap_data - Extracted time: 08:30:00
2025-04-24 06:00:08,440 DEBUG fetch_uap_data - Constructed datetime from fallback: 2030-08-08 08:30:00+00:00
2025-04-24 06:00:08,603 DEBUG fetch_uap_data - Geocoded location 'Bay Area, California' to (37.788497, -122.355847).
2025-04-24 06:00:08,603 DEBUG fetch_uap_data - Skipping post 1k6kz3q because event date (2030-08-08 08:30:00+00:00) is outside the 7-day window from report date (2025-04-24 05:55:26+00:00). Time difference: 1932 days, 2:34:34
2025-04-24 06:00:08,603 DEBUG fetch_uap_data - Skipping post 1k6lwxt as it has no video content.
2025-04-24 06:00:09,746 DEBUG fetch_uap_data - Geocoded location 'Kingsville, MD' to (39.447771, -76.419126).
2025-04-24 06:00:09,746 DEBUG fetch_uap_data - Parsing event date from: '10:30PM'
2025-04-24 06:00:09,771 DEBUG fetch_uap_data - Parsed datetime using dateparser: 2025-04-24 22:30:00+00:00
2025-04-24 06:00:09,920 DEBUG fetch_uap_data - Added post with ID 1k6ky4u
2025-04-24 06:00:12,198 DEBUG fetch_uap_data - Parsing event date from: '04/21/25 around 11:00pm'
2025-04-24 06:00:12,210 DEBUG fetch_uap_data - Dateparser failed, falling back to custom extraction logic.
2025-04-24 06:00:12,210 DEBUG fetch_uap_data - Extracted two-digit year from mm/dd/yy: 2025
2025-04-24 06:00:12,210 DEBUG fetch_uap_data - Extracted numeric month: 4
2025-04-24 06:00:12,210 DEBUG fetch_uap_data - Extracted day: 4
2025-04-24 06:00:12,210 DEBUG fetch_uap_data - Time not found in '04/21/25 around 11:00pm'
2025-04-24 06:00:12,210 DEBUG fetch_uap_data - Constructed datetime from fallback: 2025-04-04 00:00:00+00:00
2025-04-24 06:00:12,210 DEBUG fetch_uap_data - Skipping post 1k6k7kf because event date (2025-04-04 00:00:00+00:00) is outside the 7-day window from report date (2025-04-24 05:05:56+00:00). Time difference: 20 days, 5:05:56
2025-04-24 06:00:12,210 INFO fetch_uap_data - Total raw posts iterated: 100
2025-04-24 06:00:12,210 INFO fetch_uap_data - Fetched 3 sightings. Inserting into database...
2025-04-24 06:00:12,239 DEBUG fetch_uap_data - Connected to the PostgreSQL database successfully.
2025-04-24 06:00:12,241 DEBUG fetch_uap_data - Primary key sequence updated.
2025-04-24 06:00:12,241 INFO fetch_uap_data - Inserting 3 records into the database.
2025-04-24 06:00:12,242 INFO fetch_uap_data - Total records processed: 3
2025-04-24 06:00:12,242 INFO fetch_uap_data - Records inserted: 2
2025-04-24 06:00:12,243 INFO fetch_uap_data - Skipped duplicates: 1
2025-04-24 06:00:12,248 DEBUG fetch_uap_data - Primary key sequence updated.
2025-04-24 06:00:12,248 DEBUG fetch_uap_data - Database connection closed.
2025-04-24 06:00:13,000 INFO fetch_uap_data - Fetched 15 flight records for location (33.976180, -117.369687)
2025-04-24 06:00:13,029 DEBUG fetch_uap_data - Connected to the PostgreSQL database successfully.
2025-04-24 06:00:13,039 INFO fetch_uap_data - Inserted 15 flight records for UAP source https://www.reddit.com/r/UFOs/comments/1k6nuuq/orange_orb_during_spacex_launch/
2025-04-24 06:00:13,467 INFO fetch_uap_data - Fetched 90 flight records for location (33.448437, -112.074141)
2025-04-24 06:00:13,494 DEBUG fetch_uap_data - Connected to the PostgreSQL database successfully.
2025-04-24 06:00:13,508 INFO fetch_uap_data - Inserted 90 flight records for UAP source https://www.reddit.com/r/UFOs/comments/1k6nbh6/so_this_is_crazy_what_is_it/
2025-04-24 06:00:17,335 INFO fetch_uap_data - Email notification sent successfully.
2025-04-24 06:00:17,335 INFO fetch_uap_data - Script finished. Total runtime: 0:00:15.200984
