2025-04-27 00:00:03,135 INFO fetch_uap_data - Reddit API initialized successfully.
2025-04-27 00:00:03,151 INFO fetch_uap_data - Script started.
2025-04-27 00:00:03,151 INFO fetch_uap_data - Fetching UAP sightings from Reddit...
2025-04-27 00:00:03,151 INFO fetch_uap_data - Fetching posts from subreddit: UFOs
2025-04-27 00:00:04,914 DEBUG fetch_uap_data - Skipping post 1k8w023 as it has no video content.
2025-04-27 00:00:04,914 DEBUG fetch_uap_data - Parsing event date from: '17TH DECEMBER 2023'
2025-04-27 00:00:04,932 DEBUG fetch_uap_data - Parsed datetime using dateparser: 2023-12-17 00:00:00+00:00
2025-04-27 00:00:05,408 DEBUG fetch_uap_data - Geocoded location 'Tucuman, Argentina' to (-26.564358, -64.882397).
2025-04-27 00:00:05,408 DEBUG fetch_uap_data - Skipping post 1k8u10z because event date (2023-12-17 00:00:00+00:00) is outside the 7-day window from report date (2025-04-27 02:52:26+00:00). Time difference: 497 days, 2:52:26
2025-04-27 00:00:05,408 DEBUG fetch_uap_data - Parsing event date from: '10:22pm 4/25/25'
2025-04-27 00:00:06,641 DEBUG fetch_uap_data - Dateparser failed, falling back to custom extraction logic.
2025-04-27 00:00:06,642 DEBUG fetch_uap_data - Extracted two-digit year from mm/dd/yy: 2025
2025-04-27 00:00:06,642 DEBUG fetch_uap_data - Extracted numeric month: 10
2025-04-27 00:00:06,642 DEBUG fetch_uap_data - Extracted day: 10
2025-04-27 00:00:06,642 DEBUG fetch_uap_data - Time not found in '10:22pm 4/25/25'
2025-04-27 00:00:06,642 DEBUG fetch_uap_data - Constructed datetime from fallback: 2025-10-10 00:00:00+00:00
2025-04-27 00:00:06,951 DEBUG fetch_uap_data - Geocoded location 'San Mateo, Ca' to (37.496904, -122.333057).
2025-04-27 00:00:06,952 DEBUG fetch_uap_data - Skipping post 1k8suso because event date (2025-10-10 00:00:00+00:00) is outside the 7-day window from report date (2025-04-27 01:47:37+00:00). Time difference: 165 days, 22:12:23
2025-04-27 00:00:06,952 DEBUG fetch_uap_data - Parsing event date from: '04/16/25. 03:46am'
2025-04-27 00:00:07,027 DEBUG fetch_uap_data - Dateparser failed, falling back to custom extraction logic.
2025-04-27 00:00:07,027 DEBUG fetch_uap_data - Extracted two-digit year from mm/dd/yy: 2025
2025-04-27 00:00:07,027 DEBUG fetch_uap_data - Extracted numeric month: 4
2025-04-27 00:00:07,027 DEBUG fetch_uap_data - Extracted day: 4
2025-04-27 00:00:07,027 DEBUG fetch_uap_data - Time not found in '04/16/25. 03:46am'
2025-04-27 00:00:07,027 DEBUG fetch_uap_data - Constructed datetime from fallback: 2025-04-04 00:00:00+00:00
2025-04-27 00:00:07,808 DEBUG fetch_uap_data - Geocoded location 'Mexico city, Mexico' to (19.320772, -99.151468).
2025-04-27 00:00:07,808 DEBUG fetch_uap_data - Skipping post 1k8setl because event date (2025-04-04 00:00:00+00:00) is outside the 7-day window from report date (2025-04-27 01:23:31+00:00). Time difference: 23 days, 1:23:31
2025-04-27 00:00:07,809 INFO fetch_uap_data - Total raw posts iterated: 100
2025-04-27 00:00:10,582 INFO fetch_uap_data - Email notification sent successfully.
2025-04-27 00:00:10,582 INFO fetch_uap_data - Recomputing confidence ratings…
2025-04-27 00:00:10,609 DEBUG fetch_uap_data - Connected to the PostgreSQL database successfully.
2025-04-27 00:00:10,609 ERROR fetch_uap_data - Error computing confidence ratings: syntax error at or near "WHERE"
LINE 44:     **WHERE vetted = TRUE;**
               ^

2025-04-27 00:00:10,610 INFO fetch_uap_data - Calling export_sightings_to_geojson() now…
2025-04-27 00:00:10,635 DEBUG fetch_uap_data - Connected to the PostgreSQL database successfully.
2025-04-27 00:00:10,646 INFO fetch_uap_data - GeoJSON export complete.
2025-04-27 00:00:10,646 INFO fetch_uap_data - Script finished. Total runtime: 0:00:07.495122
