2025-03-28 19:17:13,023 INFO <input> - Reddit API initialized successfully.
2025-03-28 19:17:13,039 INFO <input> - Script started.
2025-03-28 19:17:13,039 INFO <input> - Fetching UAP sightings from Reddit...
2025-03-28 19:17:13,039 INFO <input> - Fetching posts from subreddit: UFOs
2025-03-28 19:17:14,701 DEBUG <input> - Parsing event date from: '5:39, 28/03/2025'
2025-03-28 19:17:14,703 DEBUG <input> - Parsed datetime using dateparser: 2025-03-28 05:39:00
2025-03-28 19:17:15,081 DEBUG <input> - Geocoded location 'México City, Coyoacán' to (19.349861, -99.161975).
2025-03-28 19:17:15,215 DEBUG <input> - Added post with ID 1jm9b5z
2025-03-28 19:17:16,216 INFO <input> - Fetched 1 sightings. Inserting into database...
2025-03-28 19:17:16,245 DEBUG <input> - Connected to the PostgreSQL database successfully.
2025-03-28 19:17:16,246 DEBUG <input> - Primary key sequence updated.
2025-03-28 19:17:16,247 INFO <input> - Inserting 1 records into the database.
2025-03-28 19:17:16,247 INFO <input> - Total records processed: 1
2025-03-28 19:17:16,247 INFO <input> - Records inserted: 0
2025-03-28 19:17:16,247 INFO <input> - Skipped duplicates: 1
2025-03-28 19:17:16,252 DEBUG <input> - Geometry column updated.
2025-03-28 19:17:16,252 DEBUG <input> - Primary key sequence updated.
2025-03-28 19:17:16,252 DEBUG <input> - Database connection closed.
2025-03-28 19:17:16,252 INFO <input> - 0 records successfully inserted.
2025-03-28 19:17:16,252 INFO <input> - 1 records skipped (likely duplicates).
2025-03-28 19:17:16,252 INFO <input> - Script finished. Total runtime: 0:00:03.212912
2025-03-28 19:17:18,530 ERROR <input> - Failed to send email notification: (535, b'5.7.8 Username and Password not accepted. For more information, go to\n5.7.8  https://support.google.com/mail/?p=BadCredentials d2e1a72fcca58-7397106ae4asm2538678b3a.110 - gsmtp')
2025-03-28 19:18:06,649 INFO <input> - Reddit API initialized successfully.
2025-03-28 19:18:06,666 INFO <input> - Script started.
2025-03-28 19:18:06,666 INFO <input> - Fetching UAP sightings from Reddit...
2025-03-28 19:18:06,666 INFO <input> - Fetching posts from subreddit: UFOs
2025-03-28 19:18:08,432 DEBUG <input> - Parsing event date from: '5:39, 28/03/2025'
2025-03-28 19:18:08,433 DEBUG <input> - Parsed datetime using dateparser: 2025-03-28 05:39:00
2025-03-28 19:18:08,816 DEBUG <input> - Geocoded location 'México City, Coyoacán' to (19.349861, -99.161975).
2025-03-28 19:18:09,055 DEBUG <input> - Added post with ID 1jm9b5z
2025-03-28 19:18:10,056 INFO <input> - Fetched 1 sightings. Inserting into database...
2025-03-28 19:18:10,083 DEBUG <input> - Connected to the PostgreSQL database successfully.
2025-03-28 19:18:10,085 DEBUG <input> - Primary key sequence updated.
2025-03-28 19:18:10,085 INFO <input> - Inserting 1 records into the database.
2025-03-28 19:18:10,086 INFO <input> - Total records processed: 1
2025-03-28 19:18:10,086 INFO <input> - Records inserted: 0
2025-03-28 19:18:10,086 INFO <input> - Skipped duplicates: 1
2025-03-28 19:18:10,091 DEBUG <input> - Geometry column updated.
2025-03-28 19:18:10,091 DEBUG <input> - Primary key sequence updated.
2025-03-28 19:18:10,091 DEBUG <input> - Database connection closed.
2025-03-28 19:18:10,091 INFO <input> - 0 records successfully inserted.
2025-03-28 19:18:10,091 INFO <input> - 1 records skipped (likely duplicates).
2025-03-28 19:18:10,092 INFO <input> - Script finished. Total runtime: 0:00:03.425132
2025-03-28 19:18:12,330 ERROR <input> - Failed to send email notification: (535, b'5.7.8 Username and Password not accepted. For more information, go to\n5.7.8  https://support.google.com/mail/?p=BadCredentials d9443c01a7336-2291eec71dbsm25984525ad.1 - gsmtp')
