2025-03-23 18:11:55,119 INFO <input> - Reddit API initialized successfully.
2025-03-23 18:11:55,135 INFO <input> - Script started.
2025-03-23 18:11:55,135 INFO <input> - Fetching UAP sightings from Reddit...
2025-03-23 18:11:55,135 INFO <input> - Fetching posts from subreddit: UFOs
2025-03-23 18:11:56,266 DEBUG <input> - Parsed event date '3/22/25 at 11:56AM pacific' to 2025-03-03 00:00:00.
2025-03-23 18:11:56,600 DEBUG <input> - Geocoded location 'Mesa AZ' to (33.415101, -111.831455).
2025-03-23 18:11:56,730 DEBUG <input> - Added post from source: https://www.reddit.com/r/UFOs/comments/1ji3fa5/anyone_know_what_this_is/
2025-03-23 18:11:57,731 DEBUG <input> - Parsed event date 'November 2001, around 9:00pm' to 2001-11-23 21:00:00.
2025-03-23 18:11:57,883 DEBUG <input> - Geocoded location 'Formby, United Kingdom' to (53.556303, -3.065656).
2025-03-23 18:11:58,016 DEBUG <input> - Added post from source: https://www.reddit.com/r/UFOs/comments/1jhz6di/my_ufo_sighting_as_a_child_has_anyone_seen/
2025-03-23 18:11:59,016 DEBUG <input> - Parsed event date '9:00pm (approx)' to 2025-03-23 21:00:00.
2025-03-23 18:11:59,207 DEBUG <input> - Geocoded location 'Northern Oklahoma' to (36.275938, -97.296914).
2025-03-23 18:11:59,339 DEBUG <input> - Added post from source: https://www.reddit.com/r/UFOs/comments/1jhqu5d/blue_ufo/
2025-03-23 18:12:00,340 DEBUG <input> - Parsed event date 'September of 2021, Around 4:00pm**' to 2021-09-23 16:00:00.
2025-03-23 18:12:04,065 DEBUG <input> - Added post from source: https://www.reddit.com/r/UFOs/comments/1jhomf8/can_anyone_help_figure_out_what_exactly_my_mom/
2025-03-23 18:12:05,067 DEBUG <input> - Parsed event date '11 PM / 10 AM, August 20th + 21st 2023' to 2025-03-23 23:00:00.
2025-03-23 18:12:05,342 DEBUG <input> - Geocoded location 'Llanelli, South Wales, UK' to (51.672215, -4.139609).
2025-03-23 18:12:05,477 DEBUG <input> - Added post from source: https://www.reddit.com/r/UFOs/comments/1jhki51/ufouap_above_uk_2023/
2025-03-23 18:12:07,377 DEBUG <input> - Geocoded location 'North Phoenix, Arizona' to (32.257877, -109.835840).
2025-03-23 18:12:07,377 DEBUG <input> - Parsed event date '3/21/2025 , 8:16pm PT' to 2025-03-03 00:00:00.
2025-03-23 18:12:07,520 DEBUG <input> - Added post from source: https://www.reddit.com/r/UFOs/comments/1jhm8oo/anyone_know_what_this_is/
2025-03-23 18:12:08,521 DEBUG <input> - Parsed event date '10/04/2015 @ 6:18PM' to 2025-03-10 00:00:00.
2025-03-23 18:12:09,218 DEBUG <input> - Added post from source: https://www.reddit.com/r/UFOs/comments/1jhjvy4/ufo_caught_on_camera/
2025-03-23 18:12:10,220 INFO <input> - Fetched 7 sightings. Inserting into database...
2025-03-23 18:12:10,248 DEBUG <input> - Connected to the PostgreSQL database successfully.
2025-03-23 18:12:10,250 DEBUG <input> - Primary key sequence updated.
2025-03-23 18:12:10,250 INFO <input> - Inserting 7 records into the database.
2025-03-23 18:12:10,251 INFO <input> - Total records processed: 7
2025-03-23 18:12:10,252 INFO <input> - Records inserted: 0
2025-03-23 18:12:10,252 INFO <input> - Skipped duplicates: 7
2025-03-23 18:12:10,257 DEBUG <input> - Geometry column updated.
2025-03-23 18:12:10,257 DEBUG <input> - Primary key sequence updated.
2025-03-23 18:12:10,257 DEBUG <input> - Database connection closed.
2025-03-23 18:12:10,257 INFO <input> - 0 records successfully inserted.
2025-03-23 18:12:10,257 INFO <input> - 7 records skipped (likely duplicates).
2025-03-23 18:12:10,257 INFO <input> - Script finished. Total runtime: 0:00:15.121522
