2025-03-29 18:00:02,247 INFO fetch_uap_data - Reddit API initialized successfully.
2025-03-29 18:00:02,262 INFO fetch_uap_data - Script started.
2025-03-29 18:00:02,262 INFO fetch_uap_data - Fetching UAP sightings from Reddit...
2025-03-29 18:00:02,263 INFO fetch_uap_data - Fetching posts from subreddit: UFOs
2025-03-29 18:00:05,202 DEBUG fetch_uap_data - Geocoded location 'Surat, Gujarat, India' to (21.209489, 72.831706).
2025-03-29 18:00:05,202 DEBUG fetch_uap_data - Parsing event date from: '9:30 PM'
2025-03-29 18:00:05,302 DEBUG fetch_uap_data - Parsed datetime using dateparser: 2025-03-30 21:30:00
2025-03-29 18:00:05,453 DEBUG fetch_uap_data - Added post with ID 1jmtl7u
2025-03-29 18:00:06,455 INFO fetch_uap_data - Fetched 1 sightings. Inserting into database...
2025-03-29 18:00:06,517 DEBUG fetch_uap_data - Connected to the PostgreSQL database successfully.
2025-03-29 18:00:06,520 DEBUG fetch_uap_data - Primary key sequence updated.
2025-03-29 18:00:06,520 INFO fetch_uap_data - Inserting 1 records into the database.
2025-03-29 18:00:06,521 INFO fetch_uap_data - Total records processed: 1
2025-03-29 18:00:06,522 INFO fetch_uap_data - Records inserted: 1
2025-03-29 18:00:06,522 INFO fetch_uap_data - Skipped duplicates: 0
2025-03-29 18:00:06,527 DEBUG fetch_uap_data - Geometry column updated.
2025-03-29 18:00:06,528 DEBUG fetch_uap_data - Primary key sequence updated.
2025-03-29 18:00:06,528 DEBUG fetch_uap_data - Database connection closed.
2025-03-29 18:00:09,535 INFO fetch_uap_data - Email notification sent successfully.
2025-03-29 18:00:09,535 INFO fetch_uap_data - Script finished. Total runtime: 0:00:07.273107
