2025-04-21 12:00:03,948 INFO fetch_uap_data - Reddit API initialized successfully.
2025-04-21 12:00:03,964 INFO fetch_uap_data - Script started.
2025-04-21 12:00:03,964 INFO fetch_uap_data - Fetching UAP sightings from Reddit...
2025-04-21 12:00:03,964 INFO fetch_uap_data - Fetching posts from subreddit: UFOs
2025-04-21 12:00:06,222 DEBUG fetch_uap_data - Skipping post 1k4jgc3 as it has no video content.
2025-04-21 12:00:06,223 DEBUG fetch_uap_data - Parsing event date from: '6:42pm - 8:13pm 2/9/25'
2025-04-21 12:00:07,570 DEBUG fetch_uap_data - Dateparser failed, falling back to custom extraction logic.
2025-04-21 12:00:07,570 DEBUG fetch_uap_data - Extracted two-digit year from mm/dd/yy: 2025
2025-04-21 12:00:07,571 DEBUG fetch_uap_data - Extracted numeric month: 6
2025-04-21 12:00:07,571 DEBUG fetch_uap_data - Extracted day: 6
2025-04-21 12:00:07,571 DEBUG fetch_uap_data - Time not found in '6:42pm - 8:13pm 2/9/25'
2025-04-21 12:00:07,571 DEBUG fetch_uap_data - Constructed datetime from fallback: 2025-06-06 00:00:00+00:00
2025-04-21 12:00:08,454 DEBUG fetch_uap_data - Geocoded location 'Phoenix, Arizona' to (33.448437, -112.074141).
2025-04-21 12:00:08,454 DEBUG fetch_uap_data - Skipping post 1k4ihdl because event date (2025-06-06 00:00:00+00:00) is outside the 7-day window from report date (2025-04-21 17:00:26+00:00). Time difference: 45 days, 6:59:34
2025-04-21 12:00:08,454 DEBUG fetch_uap_data - Parsing event date from: 'July 2024 at 10PM'
2025-04-21 12:00:08,456 DEBUG fetch_uap_data - Parsed datetime using dateparser: 2024-07-21 22:00:00+00:00
2025-04-21 12:00:09,017 DEBUG fetch_uap_data - Geocoded location 'Fontenay-Sur-Loing' to (48.107118, 2.773064).
2025-04-21 12:00:09,017 DEBUG fetch_uap_data - Skipping post 1k4czny because event date (2024-07-21 22:00:00+00:00) is outside the 7-day window from report date (2025-04-21 13:03:19+00:00). Time difference: 273 days, 15:03:19
2025-04-21 12:00:09,017 INFO fetch_uap_data - Total raw posts iterated: 100
2025-04-21 12:00:11,789 INFO fetch_uap_data - Email notification sent successfully.
2025-04-21 12:00:11,789 INFO fetch_uap_data - Script finished. Total runtime: 0:00:07.824240
