2025-04-02 21:06:28,167 INFO <input> - Reddit API initialized successfully.
2025-04-02 21:07:00,348 INFO <input> - Script started.
2025-04-02 21:07:00,348 INFO <input> - Fetching UAP sightings from Reddit...
2025-04-02 21:07:00,348 INFO <input> - Fetching posts from subreddit: UFOs
2025-04-02 21:07:02,243 DEBUG <input> - Skipping post 1jq8pz4 as it has no video content.
2025-04-02 21:07:02,243 DEBUG <input> - Parsing event date from: 'Last week'
2025-04-02 21:07:02,259 DEBUG <input> - Parsed datetime using dateparser: 2025-03-26 21:07:02.259815
2025-04-02 21:07:02,882 DEBUG <input> - Geocoded location 'La Serena, Chile' to (-29.902631, -71.252025).
2025-04-02 21:07:03,044 DEBUG <input> - Added post with ID 1jq82em
2025-04-02 21:07:04,046 DEBUG <input> - Skipping post 1jq3yvf as it has no video content.
2025-04-02 21:07:04,046 INFO <input> - Fetched 1 sightings. Inserting into database...
2025-04-02 21:07:04,077 DEBUG <input> - Connected to the PostgreSQL database successfully.
2025-04-02 21:07:04,079 DEBUG <input> - Primary key sequence updated.
2025-04-02 21:07:04,079 INFO <input> - Inserting 1 records into the database.
2025-04-02 21:07:04,080 INFO <input> - Total records processed: 1
2025-04-02 21:07:04,080 INFO <input> - Records inserted: 0
2025-04-02 21:07:04,080 INFO <input> - Skipped duplicates: 1
2025-04-02 21:07:04,085 DEBUG <input> - Primary key sequence updated.
2025-04-02 21:07:04,085 INFO <input> - Dry run mode enabled: transaction rolled back. No changes were saved.
2025-04-02 21:07:04,085 DEBUG <input> - Database connection closed.
2025-04-02 21:07:06,641 INFO <input> - Email notification sent successfully.
2025-04-02 21:07:06,641 INFO <input> - Script finished. Total runtime: 0:00:06.293125
2025-04-02 21:07:51,457 INFO <input> - Fetched 1 flight records for location (51.468880, 0.455360)
