2025-04-12 00:00:02,834 INFO fetch_uap_data - Reddit API initialized successfully.
2025-04-12 00:00:02,849 INFO fetch_uap_data - Script started.
2025-04-12 00:00:02,849 INFO fetch_uap_data - Fetching UAP sightings from Reddit...
2025-04-12 00:00:02,849 INFO fetch_uap_data - Fetching posts from subreddit: UFOs
2025-04-12 00:00:04,759 DEBUG fetch_uap_data - Skipping post 1jxb9pa as it has no video content.
2025-04-12 00:00:04,760 DEBUG fetch_uap_data - Parsing event date from: 'roughly 3 a.m. on 11/14/24'
2025-04-12 00:00:05,625 DEBUG fetch_uap_data - Dateparser failed, falling back to custom extraction logic.
2025-04-12 00:00:05,625 DEBUG fetch_uap_data - Extracted two-digit year from mm/dd/yy: 2024
2025-04-12 00:00:05,625 DEBUG fetch_uap_data - Extracted numeric month: 3
2025-04-12 00:00:05,625 DEBUG fetch_uap_data - Extracted day: 3
2025-04-12 00:00:05,625 DEBUG fetch_uap_data - Time not found in 'roughly 3 a.m. on 11/14/24'
2025-04-12 00:00:05,625 DEBUG fetch_uap_data - Constructed datetime from fallback: 2024-03-03 00:00:00+00:00
2025-04-12 00:00:06,342 DEBUG fetch_uap_data - Geocoded location 'Pacific Grove, CA' to (36.621115, -121.917794).
2025-04-12 00:00:06,343 DEBUG fetch_uap_data - Skipping post 1jx9l3o because event date (2024-03-03 00:00:00+00:00) is outside the 7-day window from report date (2025-04-12 04:55:15+00:00). Time difference: 405 days, 4:55:15
2025-04-12 00:00:06,343 DEBUG fetch_uap_data - Parsing event date from: '03/27/2025 8:27-9:00 pm'
2025-04-12 00:00:06,797 DEBUG fetch_uap_data - Dateparser failed, falling back to custom extraction logic.
2025-04-12 00:00:06,797 DEBUG fetch_uap_data - Extracted 4-digit year: 2025
2025-04-12 00:00:06,797 DEBUG fetch_uap_data - Extracted numeric month: 3
2025-04-12 00:00:06,797 DEBUG fetch_uap_data - Extracted day: 3
2025-04-12 00:00:06,797 DEBUG fetch_uap_data - Extracted time: 08:27:00
2025-04-12 00:00:06,797 DEBUG fetch_uap_data - Constructed datetime from fallback: 2025-03-03 08:27:00+00:00
2025-04-12 00:00:07,391 DEBUG fetch_uap_data - Geocoded location 'Southern NH' to (42.983145, -71.467087).
2025-04-12 00:00:07,391 DEBUG fetch_uap_data - Skipping post 1jx7405 because event date (2025-03-03 08:27:00+00:00) is outside the 7-day window from report date (2025-04-12 02:28:54+00:00). Time difference: 39 days, 18:01:54
2025-04-12 00:00:07,391 DEBUG fetch_uap_data - Skipping post 1jx6uii as it has no video content.
2025-04-12 00:00:07,391 DEBUG fetch_uap_data - Parsing event date from: 'April 11th 2025, 20:11 hours.'
2025-04-12 00:00:07,393 DEBUG fetch_uap_data - Parsed datetime using dateparser: 2025-04-11 20:11:00+00:00
2025-04-12 00:00:08,335 DEBUG fetch_uap_data - Geocoded location 'Plaza Huincul, Neuquen, Argentina.' to (-38.930419, -69.200246).
2025-04-12 00:00:08,468 DEBUG fetch_uap_data - Added post with ID 1jx6m4q
2025-04-12 00:00:09,468 INFO fetch_uap_data - Total raw posts iterated: 100
2025-04-12 00:00:09,468 INFO fetch_uap_data - Fetched 1 sightings. Inserting into database...
2025-04-12 00:00:09,517 DEBUG fetch_uap_data - Connected to the PostgreSQL database successfully.
2025-04-12 00:00:09,539 DEBUG fetch_uap_data - Primary key sequence updated.
2025-04-12 00:00:09,539 INFO fetch_uap_data - Inserting 1 records into the database.
2025-04-12 00:00:09,545 INFO fetch_uap_data - Total records processed: 1
2025-04-12 00:00:09,545 INFO fetch_uap_data - Records inserted: 1
2025-04-12 00:00:09,545 INFO fetch_uap_data - Skipped duplicates: 0
2025-04-12 00:00:09,596 DEBUG fetch_uap_data - Primary key sequence updated.
2025-04-12 00:00:09,596 DEBUG fetch_uap_data - Database connection closed.
2025-04-12 00:00:10,231 INFO fetch_uap_data - Fetched 0 flight records for location (-38.930419, -69.200246)
2025-04-12 00:00:13,293 INFO fetch_uap_data - Email notification sent successfully.
2025-04-12 00:00:13,293 INFO fetch_uap_data - Script finished. Total runtime: 0:00:10.443830
