2025-03-23 19:27:16,468 INFO <input> - Reddit API initialized successfully.
2025-03-23 19:27:16,611 INFO <input> - Script started.
2025-03-23 19:27:16,611 INFO <input> - Fetching UAP sightings from Reddit...
2025-03-23 19:27:16,611 INFO <input> - Fetching posts from subreddit: UFOs
2025-03-23 19:27:17,777 DEBUG <input> - Parsing event date from: '3/22/25 at 11:56AM pacific'
2025-03-23 19:27:17,777 DEBUG <input> - Extracted two-digit year from mm/dd/yy: 2025
2025-03-23 19:27:17,778 DEBUG <input> - Extracted numeric month: 3
2025-03-23 19:27:17,778 DEBUG <input> - Extracted day: 3
2025-03-23 19:27:17,778 DEBUG <input> - Time not found in '3/22/25 at 11:56AM pacific'
2025-03-23 19:27:17,778 DEBUG <input> - Defaulting time to 00:00:00
2025-03-23 19:27:17,778 DEBUG <input> - Constructed datetime: 2025-03-03 00:00:00
2025-03-23 19:27:18,184 DEBUG <input> - Geocoded location 'Mesa AZ' to (33.415101, -111.831455).
2025-03-23 19:27:18,320 DEBUG <input> - Added post from source: https://www.reddit.com/r/UFOs/comments/1ji3fa5/anyone_know_what_this_is/
2025-03-23 19:27:19,320 DEBUG <input> - Parsing event date from: 'November 2001, around 9:00pm'
2025-03-23 19:27:19,320 DEBUG <input> - Extracted 4-digit year: 2001
2025-03-23 19:27:19,320 DEBUG <input> - Extracted month name 'november' as 11
2025-03-23 19:27:19,320 DEBUG <input> - Extracted day: 9
2025-03-23 19:27:19,320 DEBUG <input> - Time not found in 'November 2001, around 9:00pm'
2025-03-23 19:27:19,320 DEBUG <input> - Defaulting time to 00:00:00
2025-03-23 19:27:19,320 DEBUG <input> - Constructed datetime: 2001-11-09 00:00:00
2025-03-23 19:27:19,504 DEBUG <input> - Geocoded location 'Formby, United Kingdom' to (53.556303, -3.065656).
2025-03-23 19:27:19,640 DEBUG <input> - Added post from source: https://www.reddit.com/r/UFOs/comments/1jhz6di/my_ufo_sighting_as_a_child_has_anyone_seen/
2025-03-23 19:27:20,641 DEBUG <input> - Parsing event date from: '9:00pm (approx)'
2025-03-23 19:27:20,641 DEBUG <input> - Year not found in '9:00pm (approx)'
2025-03-23 19:27:20,641 ERROR <input> - Year component not found in '9:00pm (approx)'
2025-03-23 19:27:20,858 DEBUG <input> - Geocoded location 'Northern Oklahoma' to (36.275938, -97.296914).
2025-03-23 19:27:21,179 DEBUG <input> - Added post from source: https://www.reddit.com/r/UFOs/comments/1jhqu5d/blue_ufo/
2025-03-23 19:27:22,179 DEBUG <input> - Parsing event date from: 'September of 2021, Around 4:00pm**'
2025-03-23 19:27:22,179 DEBUG <input> - Extracted 4-digit year: 2021
2025-03-23 19:27:22,179 DEBUG <input> - Extracted month name 'september' as 9
2025-03-23 19:27:22,179 DEBUG <input> - Extracted day: 4
2025-03-23 19:27:22,179 DEBUG <input> - Time not found in 'September of 2021, Around 4:00pm**'
2025-03-23 19:27:22,179 DEBUG <input> - Defaulting time to 00:00:00
2025-03-23 19:27:22,179 DEBUG <input> - Constructed datetime: 2021-09-04 00:00:00
2025-03-23 19:27:23,545 DEBUG <input> - Added post from source: https://www.reddit.com/r/UFOs/comments/1jhomf8/can_anyone_help_figure_out_what_exactly_my_mom/
2025-03-23 19:27:24,546 DEBUG <input> - Parsing event date from: '11 PM / 10 AM, August 20th + 21st 2023'
2025-03-23 19:27:24,546 DEBUG <input> - Extracted 4-digit year: 2023
2025-03-23 19:27:24,546 DEBUG <input> - Extracted month name 'august' as 8
2025-03-23 19:27:24,546 DEBUG <input> - Extracted day: 11
2025-03-23 19:27:24,546 DEBUG <input> - Time not found in '11 PM / 10 AM, August 20th + 21st 2023'
2025-03-23 19:27:24,546 DEBUG <input> - Defaulting time to 00:00:00
2025-03-23 19:27:24,546 DEBUG <input> - Constructed datetime: 2023-08-11 00:00:00
2025-03-23 19:27:24,790 DEBUG <input> - Geocoded location 'Llanelli, South Wales, UK' to (51.672215, -4.139609).
2025-03-23 19:27:24,932 DEBUG <input> - Added post from source: https://www.reddit.com/r/UFOs/comments/1jhki51/ufouap_above_uk_2023/
2025-03-23 19:27:26,950 DEBUG <input> - Geocoded location 'North Phoenix, Arizona' to (32.257877, -109.835840).
2025-03-23 19:27:26,950 DEBUG <input> - Parsing event date from: '3/21/2025 , 8:16pm PT'
2025-03-23 19:27:26,950 DEBUG <input> - Extracted 4-digit year: 2025
2025-03-23 19:27:26,951 DEBUG <input> - Extracted numeric month: 3
2025-03-23 19:27:26,951 DEBUG <input> - Extracted day: 3
2025-03-23 19:27:26,951 DEBUG <input> - Time not found in '3/21/2025 , 8:16pm PT'
2025-03-23 19:27:26,951 DEBUG <input> - Defaulting time to 00:00:00
2025-03-23 19:27:26,951 DEBUG <input> - Constructed datetime: 2025-03-03 00:00:00
2025-03-23 19:27:27,091 DEBUG <input> - Added post from source: https://www.reddit.com/r/UFOs/comments/1jhm8oo/anyone_know_what_this_is/
2025-03-23 19:27:28,091 DEBUG <input> - Parsing event date from: '10/04/2015 @ 6:18PM'
2025-03-23 19:27:28,091 DEBUG <input> - Extracted 4-digit year: 2015
2025-03-23 19:27:28,091 DEBUG <input> - Extracted numeric month: 10
2025-03-23 19:27:28,091 DEBUG <input> - Extracted day: 10
2025-03-23 19:27:28,091 DEBUG <input> - Time not found in '10/04/2015 @ 6:18PM'
2025-03-23 19:27:28,091 DEBUG <input> - Defaulting time to 00:00:00
2025-03-23 19:27:28,091 DEBUG <input> - Constructed datetime: 2015-10-10 00:00:00
2025-03-23 19:27:28,906 DEBUG <input> - Added post from source: https://www.reddit.com/r/UFOs/comments/1jhjvy4/ufo_caught_on_camera/
2025-03-23 19:27:29,907 INFO <input> - Fetched 7 sightings. Inserting into database...
2025-03-23 19:27:29,937 DEBUG <input> - Connected to the PostgreSQL database successfully.
2025-03-23 19:27:29,938 DEBUG <input> - Primary key sequence updated.
2025-03-23 19:27:29,938 INFO <input> - Inserting 7 records into the database.
2025-03-23 19:27:29,941 INFO <input> - Total records processed: 7
2025-03-23 19:27:29,941 INFO <input> - Records inserted: 0
2025-03-23 19:27:29,941 INFO <input> - Skipped duplicates: 7
2025-03-23 19:27:29,947 DEBUG <input> - Geometry column updated.
2025-03-23 19:27:29,947 DEBUG <input> - Primary key sequence updated.
2025-03-23 19:27:29,947 DEBUG <input> - Database connection closed.
2025-03-23 19:27:29,947 INFO <input> - 0 records successfully inserted.
2025-03-23 19:27:29,947 INFO <input> - 7 records skipped (likely duplicates).
2025-03-23 19:27:29,947 INFO <input> - Script finished. Total runtime: 0:00:13.335792
