2025-04-17 00:00:03,186 INFO fetch_uap_data - Reddit API initialized successfully.
2025-04-17 00:00:03,202 INFO fetch_uap_data - Script started.
2025-04-17 00:00:03,202 INFO fetch_uap_data - Fetching UAP sightings from Reddit...
2025-04-17 00:00:03,202 INFO fetch_uap_data - Fetching posts from subreddit: UFOs
2025-04-17 00:00:06,020 DEBUG fetch_uap_data - Skipping post 1k16kyo as it has no video content.
2025-04-17 00:00:06,020 DEBUG fetch_uap_data - Parsing event date from: '2/8/25 4:31 am'
2025-04-17 00:00:06,045 DEBUG fetch_uap_data - Parsed datetime using dateparser: 2025-08-02 04:31:00+00:00
2025-04-17 00:00:06,481 DEBUG fetch_uap_data - Geocoded location 'Wickenburg, Arizona' to (33.968096, -112.730135).
2025-04-17 00:00:06,482 DEBUG fetch_uap_data - Skipping post 1k15up8 because event date (2025-08-02 04:31:00+00:00) is outside the 7-day window from report date (2025-04-17 06:06:06+00:00). Time difference: 106 days, 22:24:54
2025-04-17 00:00:06,482 DEBUG fetch_uap_data - Skipping post 1k14vqi as it has no video content.
2025-04-17 00:00:06,482 DEBUG fetch_uap_data - Parsing event date from: 'approx 11:11pm Arizona time, 4/9/25'
2025-04-17 00:00:07,322 DEBUG fetch_uap_data - Dateparser failed, falling back to custom extraction logic.
2025-04-17 00:00:07,323 DEBUG fetch_uap_data - Extracted two-digit year from mm/dd/yy: 2025
2025-04-17 00:00:07,323 DEBUG fetch_uap_data - Extracted numeric month: 11
2025-04-17 00:00:07,323 DEBUG fetch_uap_data - Extracted day: 11
2025-04-17 00:00:07,323 DEBUG fetch_uap_data - Time not found in 'approx 11:11pm Arizona time, 4/9/25'
2025-04-17 00:00:07,323 DEBUG fetch_uap_data - Constructed datetime from fallback: 2025-11-11 00:00:00+00:00
2025-04-17 00:00:07,884 DEBUG fetch_uap_data - Geocoded location 'Tucson, AZ, US' to (32.222876, -110.974847).
2025-04-17 00:00:07,884 DEBUG fetch_uap_data - Skipping post 1k126e1 because event date (2025-11-11 00:00:00+00:00) is outside the 7-day window from report date (2025-04-17 02:26:38+00:00). Time difference: 207 days, 21:33:22
2025-04-17 00:00:07,884 DEBUG fetch_uap_data - Parsing event date from: '6:45'
2025-04-17 00:00:07,995 DEBUG fetch_uap_data - Parsed datetime using dateparser: 2025-04-17 06:45:00+00:00
2025-04-17 00:00:08,628 DEBUG fetch_uap_data - Geocoded location 'San Jose, CA' to (37.336166, -121.890591).
2025-04-17 00:00:08,753 DEBUG fetch_uap_data - Added post with ID 1k11lu2
2025-04-17 00:00:09,753 DEBUG fetch_uap_data - Parsing event date from: '8:57pm'
2025-04-17 00:00:09,754 DEBUG fetch_uap_data - Parsed datetime using dateparser: 2025-04-17 20:57:00+00:00
2025-04-17 00:00:10,071 DEBUG fetch_uap_data - Geocoded location 'Philadelphia, PA' to (39.952724, -75.163526).
2025-04-17 00:00:10,198 DEBUG fetch_uap_data - Added post with ID 1k10rgy
2025-04-17 00:00:11,198 INFO fetch_uap_data - Total raw posts iterated: 100
2025-04-17 00:00:11,198 INFO fetch_uap_data - Fetched 2 sightings. Inserting into database...
2025-04-17 00:00:11,238 DEBUG fetch_uap_data - Connected to the PostgreSQL database successfully.
2025-04-17 00:00:11,243 DEBUG fetch_uap_data - Primary key sequence updated.
2025-04-17 00:00:11,243 INFO fetch_uap_data - Inserting 2 records into the database.
2025-04-17 00:00:11,248 INFO fetch_uap_data - Total records processed: 2
2025-04-17 00:00:11,249 INFO fetch_uap_data - Records inserted: 2
2025-04-17 00:00:11,249 INFO fetch_uap_data - Skipped duplicates: 0
2025-04-17 00:00:11,295 DEBUG fetch_uap_data - Primary key sequence updated.
2025-04-17 00:00:11,295 DEBUG fetch_uap_data - Database connection closed.
2025-04-17 00:00:11,778 INFO fetch_uap_data - Fetched 11 flight records for location (37.336166, -121.890591)
2025-04-17 00:00:11,806 DEBUG fetch_uap_data - Connected to the PostgreSQL database successfully.
2025-04-17 00:00:11,816 INFO fetch_uap_data - Inserted 11 flight records for UAP source https://www.reddit.com/r/UFOs/comments/1k11lu2/orbdrone_over_san_jose_ca_4162025/
2025-04-17 00:00:12,231 INFO fetch_uap_data - Fetched 16 flight records for location (39.952724, -75.163526)
2025-04-17 00:00:12,258 DEBUG fetch_uap_data - Connected to the PostgreSQL database successfully.
2025-04-17 00:00:12,266 INFO fetch_uap_data - Inserted 16 flight records for UAP source https://www.reddit.com/r/UFOs/comments/1k10rgy/coordinated_ufos_maybe_drones_flying_over_south/
2025-04-17 00:00:15,338 INFO fetch_uap_data - Email notification sent successfully.
2025-04-17 00:00:15,338 INFO fetch_uap_data - Script finished. Total runtime: 0:00:12.136277
