2025-04-05 16:43:58,331 INFO <input> - Reddit API initialized successfully.
2025-04-05 16:43:58,348 INFO <input> - Script started.
2025-04-05 16:43:58,348 INFO <input> - Fetching UAP sightings from Reddit...
2025-04-05 16:43:58,348 INFO <input> - Fetching posts from subreddit: UFOs
2025-04-05 16:44:00,065 DEBUG <input> - Skipping post 1jsa6sg as it has no video content.
2025-04-05 16:44:00,065 DEBUG <input> - Parsing event date from: '4/03/2025 11:14pm'
2025-04-05 16:44:00,086 DEBUG <input> - Parsed datetime using dateparser: 2025-03-04 23:14:00+00:00
2025-04-05 16:44:00,599 DEBUG <input> - Geocoded location 'Kidderminster, Worcester, United Kingdom.' to (52.370984, -2.248125).
2025-04-05 16:44:00,599 DEBUG <input> - Skipping post 1jsfc5u because event date (2025-03-04 23:14:00+00:00) is outside the 3-day window from report date (2025-04-05 22:23:33+00:00). Time difference: 31 days, 23:09:33
2025-04-05 16:44:00,599 DEBUG <input> - Parsing event date from: '2/24/25 9pm, and others (always at night)'
2025-04-05 16:44:01,457 DEBUG <input> - Dateparser failed, falling back to custom extraction logic.
2025-04-05 16:44:01,457 DEBUG <input> - Extracted two-digit year from mm/dd/yy: 2025
2025-04-05 16:44:01,458 DEBUG <input> - Extracted numeric month: 2
2025-04-05 16:44:01,458 DEBUG <input> - Extracted day: 2
2025-04-05 16:44:01,458 DEBUG <input> - Time not found in '2/24/25 9pm, and others (always at night)'
2025-04-05 16:44:01,458 DEBUG <input> - Constructed datetime from fallback: 2025-02-02 00:00:00+00:00
2025-04-05 16:44:01,650 DEBUG <input> - Geocoded location 'Joseph City, AZ' to (34.955858, -110.333998).
2025-04-05 16:44:01,650 DEBUG <input> - Skipping post 1js8ova because event date (2025-02-02 00:00:00+00:00) is outside the 3-day window from report date (2025-04-05 17:27:56+00:00). Time difference: 62 days, 17:27:56
2025-04-05 16:44:01,650 INFO <input> - Total raw posts iterated: 100
2025-04-05 16:44:04,461 INFO <input> - Email notification sent successfully.
2025-04-05 16:44:04,461 INFO <input> - Script finished. Total runtime: 0:00:06.113065
