2025-04-05 18:00:02,897 INFO fetch_uap_data - Reddit API initialized successfully.
2025-04-05 18:00:02,913 INFO fetch_uap_data - Script started.
2025-04-05 18:00:02,913 INFO fetch_uap_data - Fetching UAP sightings from Reddit...
2025-04-05 18:00:02,914 INFO fetch_uap_data - Fetching posts from subreddit: UFOs
2025-04-05 18:00:04,986 DEBUG fetch_uap_data - Skipping post 1jsic0d as it has no video content.
2025-04-05 18:00:05,144 DEBUG fetch_uap_data - Skipping post 1jsicly because no event date is available after fallback.
2025-04-05 18:00:05,144 DEBUG fetch_uap_data - Skipping post 1jsa6sg as it has no video content.
2025-04-05 18:00:05,144 DEBUG fetch_uap_data - Parsing event date from: '4/03/2025 11:14pm'
2025-04-05 18:00:05,163 DEBUG fetch_uap_data - Parsed datetime using dateparser: 2025-03-04 23:14:00+00:00
2025-04-05 18:00:05,757 DEBUG fetch_uap_data - Geocoded location 'Kidderminster, Worcester, United Kingdom.' to (52.370984, -2.248125).
2025-04-05 18:00:05,757 DEBUG fetch_uap_data - Skipping post 1jsfc5u because event date (2025-03-04 23:14:00+00:00) is outside the 3-day window from report date (2025-04-05 22:23:33+00:00). Time difference: 31 days, 23:09:33
2025-04-05 18:00:05,757 DEBUG fetch_uap_data - Parsing event date from: '2/24/25 9pm, and others (always at night)'
2025-04-05 18:00:06,556 DEBUG fetch_uap_data - Dateparser failed, falling back to custom extraction logic.
2025-04-05 18:00:06,556 DEBUG fetch_uap_data - Extracted two-digit year from mm/dd/yy: 2025
2025-04-05 18:00:06,556 DEBUG fetch_uap_data - Extracted numeric month: 2
2025-04-05 18:00:06,556 DEBUG fetch_uap_data - Extracted day: 2
2025-04-05 18:00:06,557 DEBUG fetch_uap_data - Time not found in '2/24/25 9pm, and others (always at night)'
2025-04-05 18:00:06,557 DEBUG fetch_uap_data - Constructed datetime from fallback: 2025-02-02 00:00:00+00:00
2025-04-05 18:00:06,725 DEBUG fetch_uap_data - Geocoded location 'Joseph City, AZ' to (34.955858, -110.333998).
2025-04-05 18:00:06,725 DEBUG fetch_uap_data - Skipping post 1js8ova because event date (2025-02-02 00:00:00+00:00) is outside the 3-day window from report date (2025-04-05 17:27:56+00:00). Time difference: 62 days, 17:27:56
2025-04-05 18:00:06,726 INFO fetch_uap_data - Total raw posts iterated: 100
2025-04-05 18:00:09,604 INFO fetch_uap_data - Email notification sent successfully.
2025-04-05 18:00:09,604 INFO fetch_uap_data - Script finished. Total runtime: 0:00:06.691446
