2025-04-15 00:00:03,656 INFO fetch_uap_data - Reddit API initialized successfully.
2025-04-15 00:00:03,672 INFO fetch_uap_data - Script started.
2025-04-15 00:00:03,672 INFO fetch_uap_data - Fetching UAP sightings from Reddit...
2025-04-15 00:00:03,672 INFO fetch_uap_data - Fetching posts from subreddit: UFOs
2025-04-15 00:00:05,719 DEBUG fetch_uap_data - Parsing event date from: '16:30 April 8 2025'
2025-04-15 00:00:05,743 DEBUG fetch_uap_data - Parsed datetime using dateparser: 2025-04-08 16:30:00+00:00
2025-04-15 00:00:06,198 DEBUG fetch_uap_data - Geocoded location 'Tijuana Mexico' to (32.531740, -117.019529).
2025-04-15 00:00:06,371 DEBUG fetch_uap_data - Added post with ID 1jzitob
2025-04-15 00:00:07,372 DEBUG fetch_uap_data - Skipping post 1jzdlvg as it has no video content.
2025-04-15 00:00:07,372 INFO fetch_uap_data - Total raw posts iterated: 100
2025-04-15 00:00:07,372 INFO fetch_uap_data - Fetched 1 sightings. Inserting into database...
2025-04-15 00:00:07,410 DEBUG fetch_uap_data - Connected to the PostgreSQL database successfully.
2025-04-15 00:00:07,412 DEBUG fetch_uap_data - Primary key sequence updated.
2025-04-15 00:00:07,412 INFO fetch_uap_data - Inserting 1 records into the database.
2025-04-15 00:00:07,414 INFO fetch_uap_data - Total records processed: 1
2025-04-15 00:00:07,414 INFO fetch_uap_data - Records inserted: 1
2025-04-15 00:00:07,414 INFO fetch_uap_data - Skipped duplicates: 0
2025-04-15 00:00:07,420 DEBUG fetch_uap_data - Primary key sequence updated.
2025-04-15 00:00:07,420 DEBUG fetch_uap_data - Database connection closed.
2025-04-15 00:00:08,039 INFO fetch_uap_data - Fetched 14 flight records for location (32.531740, -117.019529)
2025-04-15 00:00:08,178 DEBUG fetch_uap_data - Connected to the PostgreSQL database successfully.
2025-04-15 00:00:08,190 INFO fetch_uap_data - Inserted 14 flight records for UAP source https://www.reddit.com/r/UFOs/comments/1jzitob/ufo_jellyfish_recorded_in_tijuana_baja_california/
2025-04-15 00:00:22,335 INFO fetch_uap_data - Email notification sent successfully.
2025-04-15 00:00:22,335 INFO fetch_uap_data - Script finished. Total runtime: 0:00:18.662556
