2025-03-28 18:00:02,631 INFO fetch_uap_data - Reddit API initialized successfully.
2025-03-28 18:00:02,648 INFO fetch_uap_data - Script started.
2025-03-28 18:00:02,648 INFO fetch_uap_data - Fetching UAP sightings from Reddit...
2025-03-28 18:00:02,648 INFO fetch_uap_data - Fetching posts from subreddit: UFOs
2025-03-28 18:00:04,480 DEBUG fetch_uap_data - Parsing event date from: '5:39, 28/03/2025'
2025-03-28 18:00:04,480 DEBUG fetch_uap_data - Extracted 4-digit year: 2025
2025-03-28 18:00:04,481 DEBUG fetch_uap_data - Extracted numeric month: 5
2025-03-28 18:00:04,481 DEBUG fetch_uap_data - Extracted day: 5
2025-03-28 18:00:04,481 DEBUG fetch_uap_data - Extracted time: 05:39:00
2025-03-28 18:00:04,481 DEBUG fetch_uap_data - Constructed datetime: 2025-05-05 05:39:00
2025-03-28 18:00:04,901 DEBUG fetch_uap_data - Geocoded location 'México City, Coyoacán' to (19.349861, -99.161975).
2025-03-28 18:00:05,030 DEBUG fetch_uap_data - Added post with ID 1jm9b5z
2025-03-28 18:00:06,032 INFO fetch_uap_data - Fetched 1 sightings. Inserting into database...
2025-03-28 18:00:06,075 DEBUG fetch_uap_data - Connected to the PostgreSQL database successfully.
2025-03-28 18:00:06,078 DEBUG fetch_uap_data - Primary key sequence updated.
2025-03-28 18:00:06,078 INFO fetch_uap_data - Inserting 1 records into the database.
2025-03-28 18:00:06,079 INFO fetch_uap_data - Total records processed: 1
2025-03-28 18:00:06,079 INFO fetch_uap_data - Records inserted: 0
2025-03-28 18:00:06,079 INFO fetch_uap_data - Skipped duplicates: 1
2025-03-28 18:00:06,084 DEBUG fetch_uap_data - Geometry column updated.
2025-03-28 18:00:06,086 DEBUG fetch_uap_data - Primary key sequence updated.
2025-03-28 18:00:06,086 DEBUG fetch_uap_data - Database connection closed.
2025-03-28 18:00:06,086 INFO fetch_uap_data - 0 records successfully inserted.
2025-03-28 18:00:06,086 INFO fetch_uap_data - 1 records skipped (likely duplicates).
2025-03-28 18:00:06,086 INFO fetch_uap_data - Script finished. Total runtime: 0:00:03.437848
