2025-03-28 20:05:51,963 INFO <input> - Reddit API initialized successfully.
2025-03-28 20:05:51,983 INFO <input> - Script started.
2025-03-28 20:05:51,983 INFO <input> - Fetching UAP sightings from Reddit...
2025-03-28 20:05:51,984 INFO <input> - Fetching posts from subreddit: UFOs
2025-03-28 20:05:54,320 DEBUG <input> - Parsing event date from: '3/28/2025 7:30PM; Location: Plymouth, MA'
2025-03-28 20:05:55,152 DEBUG <input> - Dateparser failed, falling back to custom extraction logic.
2025-03-28 20:05:55,153 DEBUG <input> - Extracted 4-digit year: 2025
2025-03-28 20:05:55,153 DEBUG <input> - Extracted numeric month: 3
2025-03-28 20:05:55,153 DEBUG <input> - Extracted day: 3
2025-03-28 20:05:55,153 DEBUG <input> - Time not found in '3/28/2025 7:30PM; Location: Plymouth, MA'
2025-03-28 20:05:55,153 DEBUG <input> - Constructed datetime from fallback: 2025-03-03 00:00:00
2025-03-28 20:05:57,311 DEBUG <input> - Geocoded location 'Plymouth, MA' to (41.942666, -70.761859).
2025-03-28 20:05:57,464 DEBUG <input> - Added post with ID 1jmaqcd
2025-03-28 20:05:58,465 DEBUG <input> - Parsing event date from: '5:39, 28/03/2025'
2025-03-28 20:05:58,474 DEBUG <input> - Parsed datetime using dateparser: 2025-03-28 05:39:00
2025-03-28 20:05:58,651 DEBUG <input> - Geocoded location 'México City, Coyoacán' to (19.349861, -99.161975).
2025-03-28 20:05:58,810 DEBUG <input> - Added post with ID 1jm9b5z
2025-03-28 20:05:59,811 INFO <input> - Fetched 2 sightings. Inserting into database...
2025-03-28 20:05:59,843 DEBUG <input> - Connected to the PostgreSQL database successfully.
2025-03-28 20:05:59,845 DEBUG <input> - Primary key sequence updated.
2025-03-28 20:05:59,845 INFO <input> - Inserting 2 records into the database.
2025-03-28 20:05:59,846 INFO <input> - Total records processed: 2
2025-03-28 20:05:59,846 INFO <input> - Records inserted: 1
2025-03-28 20:05:59,846 INFO <input> - Skipped duplicates: 1
2025-03-28 20:05:59,852 DEBUG <input> - Geometry column updated.
2025-03-28 20:05:59,852 DEBUG <input> - Primary key sequence updated.
2025-03-28 20:05:59,852 DEBUG <input> - Database connection closed.
2025-03-28 20:05:59,852 INFO <input> - 1 records successfully inserted.
2025-03-28 20:05:59,852 INFO <input> - 1 records skipped (likely duplicates).
2025-03-28 20:06:02,427 INFO <input> - Email notification sent successfully.
2025-03-28 20:06:02,427 INFO <input> - Script finished. Total runtime: 0:00:10.443699
