2025-04-18 18:00:03,372 INFO fetch_uap_data - Reddit API initialized successfully.
2025-04-18 18:00:03,389 INFO fetch_uap_data - Script started.
2025-04-18 18:00:03,390 INFO fetch_uap_data - Fetching UAP sightings from Reddit...
2025-04-18 18:00:03,390 INFO fetch_uap_data - Fetching posts from subreddit: UFOs
2025-04-18 18:00:05,603 DEBUG fetch_uap_data - Skipping post 1k2htvf because no event date is available after fallback.
2025-04-18 18:00:05,603 DEBUG fetch_uap_data - Skipping post 1k2eils as it has no video content.
2025-04-18 18:00:05,603 DEBUG fetch_uap_data - Parsing event date from: '8:31pm, April 18 2025'
2025-04-18 18:00:05,624 DEBUG fetch_uap_data - Parsed datetime using dateparser: 2025-04-18 20:31:00+00:00
2025-04-18 18:00:06,118 DEBUG fetch_uap_data - Geocoded location 'Bacoor Cavite, Philippines' to (14.458816, 120.959579).
2025-04-18 18:00:06,272 DEBUG fetch_uap_data - Added post with ID 1k2aeaa
2025-04-18 18:00:07,272 INFO fetch_uap_data - Total raw posts iterated: 100
2025-04-18 18:00:07,272 INFO fetch_uap_data - Fetched 1 sightings. Inserting into database...
2025-04-18 18:00:07,300 DEBUG fetch_uap_data - Connected to the PostgreSQL database successfully.
2025-04-18 18:00:07,303 DEBUG fetch_uap_data - Primary key sequence updated.
2025-04-18 18:00:07,303 INFO fetch_uap_data - Inserting 1 records into the database.
2025-04-18 18:00:07,304 INFO fetch_uap_data - Total records processed: 1
2025-04-18 18:00:07,304 INFO fetch_uap_data - Records inserted: 0
2025-04-18 18:00:07,304 INFO fetch_uap_data - Skipped duplicates: 1
2025-04-18 18:00:07,309 DEBUG fetch_uap_data - Primary key sequence updated.
2025-04-18 18:00:07,309 DEBUG fetch_uap_data - Database connection closed.
2025-04-18 18:00:10,035 INFO fetch_uap_data - Email notification sent successfully.
2025-04-18 18:00:10,035 INFO fetch_uap_data - Script finished. Total runtime: 0:00:06.646501
