2025-04-13 12:00:02,963 INFO fetch_uap_data - Reddit API initialized successfully.
2025-04-13 12:00:02,979 INFO fetch_uap_data - Script started.
2025-04-13 12:00:02,979 INFO fetch_uap_data - Fetching UAP sightings from Reddit...
2025-04-13 12:00:02,979 INFO fetch_uap_data - Fetching posts from subreddit: UFOs
2025-04-13 12:00:05,156 DEBUG fetch_uap_data - Skipping post 1jyet5n because no event date is available after fallback.
2025-04-13 12:00:05,156 DEBUG fetch_uap_data - Parsing event date from: '1845 from the front of my house'
2025-04-13 12:00:06,121 DEBUG fetch_uap_data - Dateparser failed, falling back to custom extraction logic.
2025-04-13 12:00:06,123 DEBUG fetch_uap_data - Year not found in '1845 from the front of my house'
2025-04-13 12:00:06,123 ERROR fetch_uap_data - Year component not found in '1845 from the front of my house'
2025-04-13 12:00:06,868 DEBUG fetch_uap_data - Skipping post 1jye1v1 because no event date is available after fallback.
2025-04-13 12:00:06,868 DEBUG fetch_uap_data - Skipping post 1jybkia as it has no video content.
2025-04-13 12:00:06,868 DEBUG fetch_uap_data - Parsing event date from: '5:15 pm'
2025-04-13 12:00:06,972 DEBUG fetch_uap_data - Parsed datetime using dateparser: 2025-04-13 17:15:00+00:00
2025-04-13 12:00:07,798 DEBUG fetch_uap_data - Geocoded location 'Charlotte, NC' to (35.227209, -80.843083).
2025-04-13 12:00:07,929 DEBUG fetch_uap_data - Added post with ID 1jybcpf
2025-04-13 12:00:09,202 DEBUG fetch_uap_data - Skipping post 1jy7l18 because no event date is available after fallback.
2025-04-13 12:00:09,202 INFO fetch_uap_data - Total raw posts iterated: 100
2025-04-13 12:00:09,203 INFO fetch_uap_data - Fetched 1 sightings. Inserting into database...
2025-04-13 12:00:09,245 DEBUG fetch_uap_data - Connected to the PostgreSQL database successfully.
2025-04-13 12:00:09,251 DEBUG fetch_uap_data - Primary key sequence updated.
2025-04-13 12:00:09,251 INFO fetch_uap_data - Inserting 1 records into the database.
2025-04-13 12:00:09,257 INFO fetch_uap_data - Total records processed: 1
2025-04-13 12:00:09,258 INFO fetch_uap_data - Records inserted: 1
2025-04-13 12:00:09,258 INFO fetch_uap_data - Skipped duplicates: 0
2025-04-13 12:00:09,303 DEBUG fetch_uap_data - Primary key sequence updated.
2025-04-13 12:00:09,303 DEBUG fetch_uap_data - Database connection closed.
2025-04-13 12:00:09,977 INFO fetch_uap_data - Fetched 80 flight records for location (35.227209, -80.843083)
2025-04-13 12:00:10,007 DEBUG fetch_uap_data - Connected to the PostgreSQL database successfully.
2025-04-13 12:00:10,023 INFO fetch_uap_data - Inserted 80 flight records for UAP source https://www.reddit.com/r/UFOs/comments/1jybcpf/is_this_a_common_sighting/
2025-04-13 12:00:12,763 INFO fetch_uap_data - Email notification sent successfully.
2025-04-13 12:00:12,763 INFO fetch_uap_data - Script finished. Total runtime: 0:00:09.784063
