2025-04-26 18:00:02,293 INFO fetch_uap_data - Reddit API initialized successfully.
2025-04-26 18:00:02,309 INFO fetch_uap_data - Script started.
2025-04-26 18:00:02,309 INFO fetch_uap_data - Fetching UAP sightings from Reddit...
2025-04-26 18:00:02,309 INFO fetch_uap_data - Fetching posts from subreddit: UFOs
2025-04-26 18:00:04,176 DEBUG fetch_uap_data - Parsing event date from: '04.26.2024 @ 15.12 PST'
2025-04-26 18:00:05,463 DEBUG fetch_uap_data - Dateparser failed, falling back to custom extraction logic.
2025-04-26 18:00:05,463 DEBUG fetch_uap_data - Extracted 4-digit year: 2024
2025-04-26 18:00:05,464 DEBUG fetch_uap_data - Extracted numeric month: 4
2025-04-26 18:00:05,464 DEBUG fetch_uap_data - Extracted day: 4
2025-04-26 18:00:05,464 DEBUG fetch_uap_data - Time not found in '04.26.2024 @ 15.12 PST'
2025-04-26 18:00:05,464 DEBUG fetch_uap_data - Constructed datetime from fallback: 2024-04-04 00:00:00+00:00
2025-04-26 18:00:06,209 DEBUG fetch_uap_data - Geocoded location 'Las Vegas, NV' to (36.167272, -115.148354).
2025-04-26 18:00:06,209 DEBUG fetch_uap_data - Skipping post 1k8pg9z because event date (2024-04-04 00:00:00+00:00) is outside the 7-day window from report date (2025-04-26 22:52:36+00:00). Time difference: 387 days, 22:52:36
2025-04-26 18:00:06,210 DEBUG fetch_uap_data - Skipping post 1k8nv4w as it has no video content.
2025-04-26 18:00:06,210 INFO fetch_uap_data - Total raw posts iterated: 100
2025-04-26 18:00:09,420 INFO fetch_uap_data - Email notification sent successfully.
2025-04-26 18:00:09,420 INFO fetch_uap_data - Recomputing confidence ratings…
2025-04-26 18:00:09,450 DEBUG fetch_uap_data - Connected to the PostgreSQL database successfully.
2025-04-26 18:00:09,450 ERROR fetch_uap_data - Error computing confidence ratings: syntax error at or near "WHERE"
LINE 44:     **WHERE vetted = TRUE;**
               ^

2025-04-26 18:00:09,450 INFO fetch_uap_data - Calling export_sightings_to_geojson() now…
2025-04-26 18:00:09,479 DEBUG fetch_uap_data - Connected to the PostgreSQL database successfully.
2025-04-26 18:00:09,490 INFO fetch_uap_data - GeoJSON export complete.
2025-04-26 18:00:09,490 INFO fetch_uap_data - Script finished. Total runtime: 0:00:07.181191
