2025-04-10 12:00:03,570 INFO fetch_uap_data - Reddit API initialized successfully.
2025-04-10 12:00:03,587 INFO fetch_uap_data - Script started.
2025-04-10 12:00:03,587 INFO fetch_uap_data - Fetching UAP sightings from Reddit...
2025-04-10 12:00:03,587 INFO fetch_uap_data - Fetching posts from subreddit: UFOs
2025-04-10 12:00:05,596 DEBUG fetch_uap_data - Parsing event date from: '7:51Pm'
2025-04-10 12:00:05,759 DEBUG fetch_uap_data - Parsed datetime using dateparser: 2025-04-10 19:51:00+00:00
2025-04-10 12:00:06,131 DEBUG fetch_uap_data - Geocoded location 'East Meadow,Ny' to (40.721775, -73.558291).
2025-04-10 12:00:06,253 DEBUG fetch_uap_data - Added post with ID 1jvzse3
2025-04-10 12:00:07,254 DEBUG fetch_uap_data - Skipping post 1jvw8m6 as it has no video content.
2025-04-10 12:00:07,254 INFO fetch_uap_data - Total raw posts iterated: 100
2025-04-10 12:00:07,254 INFO fetch_uap_data - Fetched 1 sightings. Inserting into database...
2025-04-10 12:00:07,309 DEBUG fetch_uap_data - Connected to the PostgreSQL database successfully.
2025-04-10 12:00:07,336 DEBUG fetch_uap_data - Primary key sequence updated.
2025-04-10 12:00:07,336 INFO fetch_uap_data - Inserting 1 records into the database.
2025-04-10 12:00:07,346 INFO fetch_uap_data - Total records processed: 1
2025-04-10 12:00:07,346 INFO fetch_uap_data - Records inserted: 1
2025-04-10 12:00:07,346 INFO fetch_uap_data - Skipped duplicates: 0
2025-04-10 12:00:07,396 DEBUG fetch_uap_data - Primary key sequence updated.
2025-04-10 12:00:07,397 DEBUG fetch_uap_data - Database connection closed.
2025-04-10 12:00:08,713 INFO fetch_uap_data - Fetched 186 flight records for location (40.721775, -73.558291)
2025-04-10 12:00:08,742 DEBUG fetch_uap_data - Connected to the PostgreSQL database successfully.
2025-04-10 12:00:08,769 INFO fetch_uap_data - Inserted 186 flight records for UAP source https://www.reddit.com/r/UFOs/comments/1jvzse3/ufo_in_east_meadowny/
2025-04-10 12:00:12,153 INFO fetch_uap_data - Email notification sent successfully.
2025-04-10 12:00:12,154 INFO fetch_uap_data - Script finished. Total runtime: 0:00:08.567434
