2025-04-04 06:00:02,905 INFO fetch_uap_data - Reddit API initialized successfully.
2025-04-04 06:00:02,920 INFO fetch_uap_data - Script started.
2025-04-04 06:00:02,920 INFO fetch_uap_data - Fetching UAP sightings from Reddit...
2025-04-04 06:00:02,920 INFO fetch_uap_data - Fetching posts from subreddit: UFOs
2025-04-04 06:00:05,719 DEBUG fetch_uap_data - Skipping post 1jrauph as it has no video content.
2025-04-04 06:00:05,719 DEBUG fetch_uap_data - Parsing event date from: 'April 3rd, 2024 at 8:42pm'
2025-04-04 06:00:05,737 DEBUG fetch_uap_data - Parsed datetime using dateparser: 2024-04-03 20:42:00
2025-04-04 06:00:06,157 DEBUG fetch_uap_data - Geocoded location 'Helsinki airport' to (60.321816, 24.947361).
2025-04-04 06:00:06,299 DEBUG fetch_uap_data - Added post with ID 1jr5z92
2025-04-04 06:00:07,300 DEBUG fetch_uap_data - Skipping post 1jr5njy as it has no video content.
2025-04-04 06:00:07,300 INFO fetch_uap_data - Fetched 1 sightings. Inserting into database...
2025-04-04 06:00:07,328 DEBUG fetch_uap_data - Connected to the PostgreSQL database successfully.
2025-04-04 06:00:07,329 DEBUG fetch_uap_data - Primary key sequence updated.
2025-04-04 06:00:07,329 INFO fetch_uap_data - Inserting 1 records into the database.
2025-04-04 06:00:07,331 INFO fetch_uap_data - Total records processed: 1
2025-04-04 06:00:07,331 INFO fetch_uap_data - Records inserted: 1
2025-04-04 06:00:07,331 INFO fetch_uap_data - Skipped duplicates: 0
2025-04-04 06:00:07,337 DEBUG fetch_uap_data - Primary key sequence updated.
2025-04-04 06:00:07,337 DEBUG fetch_uap_data - Database connection closed.
2025-04-04 06:00:08,006 INFO fetch_uap_data - Fetched 8 flight records for location (60.321816, 24.947361)
2025-04-04 06:00:08,034 DEBUG fetch_uap_data - Connected to the PostgreSQL database successfully.
2025-04-04 06:00:08,035 ERROR fetch_uap_data - Error inserting flight data: invalid input syntax for type integer: "ground"
LINE 7: ...t/'),('4676d8',NULL,'adsb_icao_nt',NULL,NULL,NULL,'ground',3...
                                                             ^

2025-04-04 06:00:11,145 INFO fetch_uap_data - Email notification sent successfully.
2025-04-04 06:00:11,145 INFO fetch_uap_data - Script finished. Total runtime: 0:00:08.224572
