2025-04-25 13:47:35,156 INFO <input> - Reddit API initialized successfully.
2025-04-25 13:47:35,173 INFO <input> - Script started.
2025-04-25 13:47:35,173 INFO <input> - Fetching UAP sightings from Reddit...
2025-04-25 13:47:35,173 INFO <input> - Fetching posts from subreddit: UFOs
2025-04-25 13:47:37,102 DEBUG <input> - Parsing event date from: '7:31 PM on Jan 4, 2025.'
2025-04-25 13:47:37,119 DEBUG <input> - Parsed datetime using dateparser: 2025-01-04 19:31:00+00:00
2025-04-25 13:47:37,761 DEBUG <input> - Geocoded location 'Palm beach county, FL' to (26.627980, -80.449417).
2025-04-25 13:47:37,762 DEBUG <input> - Skipping post 1k7orag because event date (2025-01-04 19:31:00+00:00) is outside the 7-day window from report date (2025-04-25 16:09:33+00:00). Time difference: 110 days, 20:38:33
2025-04-25 13:47:37,762 DEBUG <input> - Parsing event date from: '19:52h Local time'
2025-04-25 13:47:38,481 DEBUG <input> - Dateparser failed, falling back to custom extraction logic.
2025-04-25 13:47:38,482 DEBUG <input> - Extracted generic two-digit year: 2019
2025-04-25 13:47:38,482 DEBUG <input> - Month not found in '19:52h Local time'
2025-04-25 13:47:38,482 DEBUG <input> - Extracted day: 19
2025-04-25 13:47:38,482 DEBUG <input> - Time not found in '19:52h Local time'
2025-04-25 13:47:38,482 DEBUG <input> - Constructed datetime from fallback: 2019-01-19 00:00:00+00:00
2025-04-25 13:47:38,723 DEBUG <input> - Geocoded location 'Whetstone Arizona, USA' to (31.692874, -110.350294).
2025-04-25 13:47:38,723 DEBUG <input> - Skipping post 1k7lq60 because event date (2019-01-19 00:00:00+00:00) is outside the 7-day window from report date (2025-04-25 14:03:10+00:00). Time difference: 2288 days, 14:03:10
2025-04-25 13:47:38,723 INFO <input> - Total raw posts iterated: 100
2025-04-25 13:47:42,025 INFO <input> - Email notification sent successfully.
2025-04-25 13:47:42,025 INFO <input> - Calling export_sightings_to_geojson() now…
2025-04-25 13:47:42,052 DEBUG <input> - Connected to the PostgreSQL database successfully.
2025-04-25 13:47:42,063 INFO <input> - GeoJSON export complete.
2025-04-25 13:47:42,063 INFO <input> - Script finished. Total runtime: 0:00:06.890698
