2025-04-14 06:00:03,008 INFO fetch_uap_data - Reddit API initialized successfully.
2025-04-14 06:00:03,025 INFO fetch_uap_data - Script started.
2025-04-14 06:00:03,025 INFO fetch_uap_data - Fetching UAP sightings from Reddit...
2025-04-14 06:00:03,025 INFO fetch_uap_data - Fetching posts from subreddit: UFOs
2025-04-14 06:00:05,698 DEBUG fetch_uap_data - Parsing event date from: '8:52pm PST. Duration: 30 minutes. Number of witnesses: two people, two cameras. Description of sighting: I filmed anomalous orbs in four clips in one night with my Sony RX10 Mk. IV and a Wyze Cam V4'
2025-04-14 06:00:06,493 DEBUG fetch_uap_data - Dateparser failed, falling back to custom extraction logic.
2025-04-14 06:00:06,493 DEBUG fetch_uap_data - Extracted generic two-digit year: 2030
2025-04-14 06:00:06,493 DEBUG fetch_uap_data - Extracted numeric month: 8
2025-04-14 06:00:06,493 DEBUG fetch_uap_data - Extracted day: 8
2025-04-14 06:00:06,493 DEBUG fetch_uap_data - Time not found in '8:52pm PST. Duration: 30 minutes. Number of witnesses: two people, two cameras. Description of sighting: I filmed anomalous orbs in four clips in one night with my Sony RX10 Mk. IV and a Wyze Cam V4'
2025-04-14 06:00:06,493 DEBUG fetch_uap_data - Constructed datetime from fallback: 2030-08-08 00:00:00+00:00
2025-04-14 06:00:07,914 DEBUG fetch_uap_data - Geocoded location 'Veneta, Oregon.' to (44.048881, -123.351514).
2025-04-14 06:00:07,914 DEBUG fetch_uap_data - Parsing event date from: '8:52pm PST.'
2025-04-14 06:00:07,921 DEBUG fetch_uap_data - Parsed datetime using dateparser: 2025-04-14 20:52:00-08:00
2025-04-14 06:00:08,069 DEBUG fetch_uap_data - Added post with ID 1jyu5o2
2025-04-14 06:00:09,069 INFO fetch_uap_data - Total raw posts iterated: 100
2025-04-14 06:00:09,069 INFO fetch_uap_data - Fetched 1 sightings. Inserting into database...
2025-04-14 06:00:09,105 DEBUG fetch_uap_data - Connected to the PostgreSQL database successfully.
2025-04-14 06:00:09,108 DEBUG fetch_uap_data - Primary key sequence updated.
2025-04-14 06:00:09,108 INFO fetch_uap_data - Inserting 1 records into the database.
2025-04-14 06:00:09,110 INFO fetch_uap_data - Total records processed: 1
2025-04-14 06:00:09,110 INFO fetch_uap_data - Records inserted: 1
2025-04-14 06:00:09,110 INFO fetch_uap_data - Skipped duplicates: 0
2025-04-14 06:00:09,116 DEBUG fetch_uap_data - Primary key sequence updated.
2025-04-14 06:00:09,117 DEBUG fetch_uap_data - Database connection closed.
2025-04-14 06:00:09,798 INFO fetch_uap_data - Fetched 3 flight records for location (44.048881, -123.351514)
2025-04-14 06:00:09,825 DEBUG fetch_uap_data - Connected to the PostgreSQL database successfully.
2025-04-14 06:00:09,834 INFO fetch_uap_data - Inserted 3 flight records for UAP source https://www.reddit.com/r/UFOs/comments/1jyu5o2/location_veneta_oregon_date_3122025_time_852pm/
2025-04-14 06:00:13,005 INFO fetch_uap_data - Email notification sent successfully.
2025-04-14 06:00:13,005 INFO fetch_uap_data - Script finished. Total runtime: 0:00:09.980328
