2025-03-29 12:00:02,208 INFO fetch_uap_data - Reddit API initialized successfully.
2025-03-29 12:00:02,224 INFO fetch_uap_data - Script started.
2025-03-29 12:00:02,225 INFO fetch_uap_data - Fetching UAP sightings from Reddit...
2025-03-29 12:00:02,225 INFO fetch_uap_data - Fetching posts from subreddit: UFOs
2025-03-29 12:00:04,004 DEBUG fetch_uap_data - Parsing event date from: 'March 6th 2025'
2025-03-29 12:00:04,022 DEBUG fetch_uap_data - Parsed datetime using dateparser: 2025-03-06 00:00:00
2025-03-29 12:00:04,434 DEBUG fetch_uap_data - Geocoded location 'Englewood Fl' to (26.960612, -82.357632).
2025-03-29 12:00:04,576 DEBUG fetch_uap_data - Added post with ID 1jmmt5t
2025-03-29 12:00:05,577 DEBUG fetch_uap_data - Parsing event date from: 'Wednesday, March 26, 8:26 PM'
2025-03-29 12:00:05,579 DEBUG fetch_uap_data - Parsed datetime using dateparser: 2025-03-26 20:26:00
2025-03-29 12:00:05,819 DEBUG fetch_uap_data - Geocoded location 'Venice, Italy' to (45.437191, 12.334590).
2025-03-29 12:00:05,957 DEBUG fetch_uap_data - Added post with ID 1jmlojz
2025-03-29 12:00:06,958 INFO fetch_uap_data - Fetched 2 sightings. Inserting into database...
2025-03-29 12:00:06,987 DEBUG fetch_uap_data - Connected to the PostgreSQL database successfully.
2025-03-29 12:00:06,989 DEBUG fetch_uap_data - Primary key sequence updated.
2025-03-29 12:00:06,989 INFO fetch_uap_data - Inserting 2 records into the database.
2025-03-29 12:00:06,991 INFO fetch_uap_data - Total records processed: 2
2025-03-29 12:00:06,991 INFO fetch_uap_data - Records inserted: 2
2025-03-29 12:00:06,991 INFO fetch_uap_data - Skipped duplicates: 0
2025-03-29 12:00:06,997 DEBUG fetch_uap_data - Geometry column updated.
2025-03-29 12:00:06,997 DEBUG fetch_uap_data - Primary key sequence updated.
2025-03-29 12:00:06,997 DEBUG fetch_uap_data - Database connection closed.
2025-03-29 12:00:09,796 INFO fetch_uap_data - Email notification sent successfully.
2025-03-29 12:00:09,796 INFO fetch_uap_data - Script finished. Total runtime: 0:00:07.571826
