2025-04-02 12:00:03,158 INFO fetch_uap_data - Reddit API initialized successfully.
2025-04-02 12:00:03,174 INFO fetch_uap_data - Script started.
2025-04-02 12:00:03,174 INFO fetch_uap_data - Fetching UAP sightings from Reddit...
2025-04-02 12:00:03,174 INFO fetch_uap_data - Fetching posts from subreddit: UFOs
2025-04-02 12:00:04,933 DEBUG fetch_uap_data - Skipping post 1jptf9l as it has no video content.
2025-04-02 12:00:04,934 DEBUG fetch_uap_data - Parsing event date from: '2:22pm'
2025-04-02 12:00:05,055 DEBUG fetch_uap_data - Parsed datetime using dateparser: 2025-04-02 14:22:00
2025-04-02 12:00:06,139 DEBUG fetch_uap_data - Added post with ID 1jppp0o
2025-04-02 12:00:07,139 INFO fetch_uap_data - Fetched 1 sightings. Inserting into database...
2025-04-02 12:00:07,177 DEBUG fetch_uap_data - Connected to the PostgreSQL database successfully.
2025-04-02 12:00:07,179 DEBUG fetch_uap_data - Primary key sequence updated.
2025-04-02 12:00:07,179 INFO fetch_uap_data - Inserting 1 records into the database.
2025-04-02 12:00:07,181 INFO fetch_uap_data - Total records processed: 1
2025-04-02 12:00:07,182 INFO fetch_uap_data - Records inserted: 1
2025-04-02 12:00:07,182 INFO fetch_uap_data - Skipped duplicates: 0
2025-04-02 12:00:07,223 DEBUG fetch_uap_data - Geometry column updated.
2025-04-02 12:00:07,223 DEBUG fetch_uap_data - Primary key sequence updated.
2025-04-02 12:00:07,223 DEBUG fetch_uap_data - Database connection closed.
2025-04-02 12:00:10,008 INFO fetch_uap_data - Email notification sent successfully.
2025-04-02 12:00:10,009 INFO fetch_uap_data - Script finished. Total runtime: 0:00:06.834475
