2025-04-03 00:00:02,580 INFO fetch_uap_data - Reddit API initialized successfully.
2025-04-03 00:00:02,596 INFO fetch_uap_data - Script started.
2025-04-03 00:00:02,596 INFO fetch_uap_data - Fetching UAP sightings from Reddit...
2025-04-03 00:00:02,597 INFO fetch_uap_data - Fetching posts from subreddit: UFOs
2025-04-03 00:00:04,430 DEBUG fetch_uap_data - Parsing event date from: 'Last week'
2025-04-03 00:00:04,447 DEBUG fetch_uap_data - Parsed datetime using dateparser: 2025-03-27 00:00:04.446635
2025-04-03 00:00:05,087 DEBUG fetch_uap_data - Geocoded location 'La Serena, Chile' to (-29.902631, -71.252025).
2025-04-03 00:00:05,219 DEBUG fetch_uap_data - Added post with ID 1jq82em
2025-04-03 00:00:06,219 DEBUG fetch_uap_data - Skipping post 1jq3yvf as it has no video content.
2025-04-03 00:00:06,219 INFO fetch_uap_data - Fetched 1 sightings. Inserting into database...
2025-04-03 00:00:06,250 DEBUG fetch_uap_data - Connected to the PostgreSQL database successfully.
2025-04-03 00:00:06,251 DEBUG fetch_uap_data - Primary key sequence updated.
2025-04-03 00:00:06,252 INFO fetch_uap_data - Inserting 1 records into the database.
2025-04-03 00:00:06,253 INFO fetch_uap_data - Total records processed: 1
2025-04-03 00:00:06,253 INFO fetch_uap_data - Records inserted: 0
2025-04-03 00:00:06,253 INFO fetch_uap_data - Skipped duplicates: 1
2025-04-03 00:00:06,258 DEBUG fetch_uap_data - Primary key sequence updated.
2025-04-03 00:00:06,258 DEBUG fetch_uap_data - Database connection closed.
2025-04-03 00:00:08,928 INFO fetch_uap_data - Email notification sent successfully.
2025-04-03 00:00:08,928 INFO fetch_uap_data - Script finished. Total runtime: 0:00:06.331631
