2025-04-02 00:00:02,551 INFO fetch_uap_data - Reddit API initialized successfully.
2025-04-02 00:00:02,567 INFO fetch_uap_data - Script started.
2025-04-02 00:00:02,567 INFO fetch_uap_data - Fetching UAP sightings from Reddit...
2025-04-02 00:00:02,567 INFO fetch_uap_data - Fetching posts from subreddit: UFOs
2025-04-02 00:00:05,574 DEBUG fetch_uap_data - Geocoded location 'Kingsville, MD' to (39.447771, -76.419126).
2025-04-02 00:00:05,575 DEBUG fetch_uap_data - Parsing event date from: '9:00-9:45PM'
2025-04-02 00:00:06,830 DEBUG fetch_uap_data - Dateparser failed, falling back to custom extraction logic.
2025-04-02 00:00:06,831 DEBUG fetch_uap_data - Extracted generic two-digit year: 2000
2025-04-02 00:00:06,831 DEBUG fetch_uap_data - Extracted numeric month: 9
2025-04-02 00:00:06,831 DEBUG fetch_uap_data - Extracted day: 9
2025-04-02 00:00:06,831 DEBUG fetch_uap_data - Extracted time: 09:00:00
2025-04-02 00:00:06,831 DEBUG fetch_uap_data - Constructed datetime from fallback: 2000-09-09 09:00:00
2025-04-02 00:00:06,953 DEBUG fetch_uap_data - Added post with ID 1jpdebu
2025-04-02 00:00:07,953 DEBUG fetch_uap_data - Skipping post 1jpcy6g as it has no video content.
2025-04-02 00:00:07,953 INFO fetch_uap_data - Fetched 1 sightings. Inserting into database...
2025-04-02 00:00:07,985 DEBUG fetch_uap_data - Connected to the PostgreSQL database successfully.
2025-04-02 00:00:07,988 DEBUG fetch_uap_data - Primary key sequence updated.
2025-04-02 00:00:07,988 INFO fetch_uap_data - Inserting 1 records into the database.
2025-04-02 00:00:07,990 INFO fetch_uap_data - Total records processed: 1
2025-04-02 00:00:07,990 INFO fetch_uap_data - Records inserted: 1
2025-04-02 00:00:07,991 INFO fetch_uap_data - Skipped duplicates: 0
2025-04-02 00:00:08,028 DEBUG fetch_uap_data - Geometry column updated.
2025-04-02 00:00:08,028 DEBUG fetch_uap_data - Primary key sequence updated.
2025-04-02 00:00:08,029 DEBUG fetch_uap_data - Database connection closed.
2025-04-02 00:00:10,828 INFO fetch_uap_data - Email notification sent successfully.
2025-04-02 00:00:10,829 INFO fetch_uap_data - Script finished. Total runtime: 0:00:08.262528
