2025-04-07 12:04:16,971 INFO <input> - Reddit API initialized successfully.
2025-04-07 12:04:16,987 INFO <input> - Script started.
2025-04-07 12:04:16,987 INFO <input> - Fetching UAP sightings from Reddit...
2025-04-07 12:04:16,987 INFO <input> - Fetching posts from subreddit: UFOs
2025-04-07 12:04:18,946 DEBUG <input> - Parsing event date from: 'December 9 2009'
2025-04-07 12:04:18,964 DEBUG <input> - Parsed datetime using dateparser: 2009-12-09 00:00:00+00:00
2025-04-07 12:04:19,665 DEBUG <input> - Geocoded location 'Kremlin Moscow Russia' to (55.751621, 37.618122).
2025-04-07 12:04:19,665 DEBUG <input> - Skipping post 1jtsvw7 because event date (2009-12-09 00:00:00+00:00) is outside the 7-day window from report date (2025-04-07 18:46:06+00:00). Time difference: 5598 days, 18:46:06
2025-04-07 12:04:19,665 DEBUG <input> - Parsing event date from: '3-4PM'
2025-04-07 12:04:19,666 DEBUG <input> - Parsed datetime using dateparser: 2025-04-03 16:00:00+00:00
2025-04-07 12:04:20,550 DEBUG <input> - Geocoded location 'UK' to (6.311055, 20.544753).
2025-04-07 12:04:20,728 DEBUG <input> - Added post with ID 1jtrg13
2025-04-07 12:04:21,729 INFO <input> - Total raw posts iterated: 100
2025-04-07 12:04:21,729 INFO <input> - Fetched 1 sightings. Inserting into database...
2025-04-07 12:04:21,769 DEBUG <input> - Connected to the PostgreSQL database successfully.
2025-04-07 12:04:21,772 DEBUG <input> - Primary key sequence updated.
2025-04-07 12:04:21,772 INFO <input> - Inserting 1 records into the database.
2025-04-07 12:04:21,774 INFO <input> - Total records processed: 1
2025-04-07 12:04:21,774 INFO <input> - Records inserted: 1
2025-04-07 12:04:21,774 INFO <input> - Skipped duplicates: 0
2025-04-07 12:04:21,818 DEBUG <input> - Primary key sequence updated.
2025-04-07 12:04:21,818 DEBUG <input> - Database connection closed.
2025-04-07 12:04:22,562 INFO <input> - Fetched 0 flight records for location (6.311055, 20.544753)
2025-04-07 12:04:25,883 INFO <input> - Email notification sent successfully.
2025-04-07 12:04:25,883 INFO <input> - Script finished. Total runtime: 0:00:08.895280
