2025-04-25 12:00:04,761 INFO fetch_uap_data - Reddit API initialized successfully.
2025-04-25 12:00:04,789 INFO fetch_uap_data - Script started.
2025-04-25 12:00:04,789 INFO fetch_uap_data - Fetching UAP sightings from Reddit...
2025-04-25 12:00:04,789 INFO fetch_uap_data - Fetching posts from subreddit: UFOs
2025-04-25 12:00:06,945 DEBUG fetch_uap_data - Skipping post 1k7rx6h as it has no video content.
2025-04-25 12:00:06,946 DEBUG fetch_uap_data - Parsing event date from: '7:31 PM on Jan 4, 2025.'
2025-04-25 12:00:06,986 DEBUG fetch_uap_data - Parsed datetime using dateparser: 2025-01-04 19:31:00+00:00
2025-04-25 12:00:07,641 DEBUG fetch_uap_data - Geocoded location 'Palm beach county, FL' to (26.627980, -80.449417).
2025-04-25 12:00:07,641 DEBUG fetch_uap_data - Skipping post 1k7orag because event date (2025-01-04 19:31:00+00:00) is outside the 7-day window from report date (2025-04-25 16:09:33+00:00). Time difference: 110 days, 20:38:33
2025-04-25 12:00:07,642 DEBUG fetch_uap_data - Parsing event date from: '19:52h Local time'
2025-04-25 12:00:09,139 DEBUG fetch_uap_data - Dateparser failed, falling back to custom extraction logic.
2025-04-25 12:00:09,139 DEBUG fetch_uap_data - Extracted generic two-digit year: 2019
2025-04-25 12:00:09,140 DEBUG fetch_uap_data - Month not found in '19:52h Local time'
2025-04-25 12:00:09,140 DEBUG fetch_uap_data - Extracted day: 19
2025-04-25 12:00:09,140 DEBUG fetch_uap_data - Time not found in '19:52h Local time'
2025-04-25 12:00:09,140 DEBUG fetch_uap_data - Constructed datetime from fallback: 2019-01-19 00:00:00+00:00
2025-04-25 12:00:09,901 DEBUG fetch_uap_data - Geocoded location 'Whetstone Arizona, USA' to (31.692874, -110.350294).
2025-04-25 12:00:09,901 DEBUG fetch_uap_data - Skipping post 1k7lq60 because event date (2019-01-19 00:00:00+00:00) is outside the 7-day window from report date (2025-04-25 14:03:10+00:00). Time difference: 2288 days, 14:03:10
2025-04-25 12:00:09,901 INFO fetch_uap_data - Total raw posts iterated: 100
2025-04-25 12:00:12,819 INFO fetch_uap_data - Email notification sent successfully.
2025-04-25 12:00:12,819 INFO fetch_uap_data - Calling export_sightings_to_geojson() now…
2025-04-25 12:00:12,866 DEBUG fetch_uap_data - Connected to the PostgreSQL database successfully.
2025-04-25 12:00:12,884 INFO fetch_uap_data - GeoJSON export complete.
2025-04-25 12:00:12,884 INFO fetch_uap_data - Script finished. Total runtime: 0:00:08.095592
