2025-04-27 12:00:04,771 INFO fetch_uap_data - Reddit API initialized successfully.
2025-04-27 12:00:04,803 INFO fetch_uap_data - Script started.
2025-04-27 12:00:04,803 INFO fetch_uap_data - Fetching UAP sightings from Reddit...
2025-04-27 12:00:04,803 INFO fetch_uap_data - Fetching posts from subreddit: UFOs
2025-04-27 12:00:07,176 DEBUG fetch_uap_data - Skipping post 1k990le as it has no video content.
2025-04-27 12:00:07,177 DEBUG fetch_uap_data - Parsing event date from: 'April 5, 9:05 pm'
2025-04-27 12:00:07,209 DEBUG fetch_uap_data - Parsed datetime using dateparser: 2025-04-05 21:05:00+00:00
2025-04-27 12:00:07,643 DEBUG fetch_uap_data - Geocoded location 'Abruzzo (Italy)' to (42.227681, 13.854983).
2025-04-27 12:00:07,643 DEBUG fetch_uap_data - Skipping post 1k92grp because event date (2025-04-05 21:05:00+00:00) is outside the 7-day window from report date (2025-04-27 12:08:15+00:00). Time difference: 21 days, 15:03:15
2025-04-27 12:00:07,643 INFO fetch_uap_data - Total raw posts iterated: 100
2025-04-27 12:00:10,553 INFO fetch_uap_data - Email notification sent successfully.
2025-04-27 12:00:10,553 INFO fetch_uap_data - Recomputing confidence ratings…
2025-04-27 12:00:10,593 DEBUG fetch_uap_data - Connected to the PostgreSQL database successfully.
2025-04-27 12:00:10,593 ERROR fetch_uap_data - Error computing confidence ratings: syntax error at or near "WHERE"
LINE 44:     **WHERE vetted = TRUE;**
               ^

2025-04-27 12:00:10,594 INFO fetch_uap_data - Calling export_sightings_to_geojson() now…
2025-04-27 12:00:10,636 DEBUG fetch_uap_data - Connected to the PostgreSQL database successfully.
2025-04-27 12:00:10,653 INFO fetch_uap_data - GeoJSON export complete.
2025-04-27 12:00:10,653 INFO fetch_uap_data - Script finished. Total runtime: 0:00:05.849568
