2025-03-28 19:32:32,858 INFO <input> - Reddit API initialized successfully.
2025-03-28 19:32:32,874 INFO <input> - Script started.
2025-03-28 19:32:32,874 INFO <input> - Fetching UAP sightings from Reddit...
2025-03-28 19:32:32,874 INFO <input> - Fetching posts from subreddit: UFOs
2025-03-28 19:32:34,776 DEBUG <input> - Parsing event date from: '5:39, 28/03/2025'
2025-03-28 19:32:34,794 DEBUG <input> - Parsed datetime using dateparser: 2025-03-28 05:39:00
2025-03-28 19:32:35,161 DEBUG <input> - Geocoded location 'México City, Coyoacán' to (19.349861, -99.161975).
2025-03-28 19:32:35,288 DEBUG <input> - Added post with ID 1jm9b5z
2025-03-28 19:32:36,289 INFO <input> - Fetched 1 sightings. Inserting into database...
2025-03-28 19:32:36,319 DEBUG <input> - Connected to the PostgreSQL database successfully.
2025-03-28 19:32:36,320 DEBUG <input> - Primary key sequence updated.
2025-03-28 19:32:36,321 INFO <input> - Inserting 1 records into the database.
2025-03-28 19:32:36,322 INFO <input> - Total records processed: 1
2025-03-28 19:32:36,322 INFO <input> - Records inserted: 0
2025-03-28 19:32:36,322 INFO <input> - Skipped duplicates: 1
2025-03-28 19:32:36,326 DEBUG <input> - Geometry column updated.
2025-03-28 19:32:36,326 DEBUG <input> - Primary key sequence updated.
2025-03-28 19:32:36,326 DEBUG <input> - Database connection closed.
2025-03-28 19:32:36,326 INFO <input> - 0 records successfully inserted.
2025-03-28 19:32:36,326 INFO <input> - 1 records skipped (likely duplicates).
2025-03-28 19:32:36,326 INFO <input> - Script finished. Total runtime: 0:00:03.452408
2025-03-28 19:32:38,888 INFO <input> - Email notification sent successfully.
