2025-03-29 00:00:02,124 INFO fetch_uap_data - Reddit API initialized successfully.
2025-03-29 00:00:02,141 INFO fetch_uap_data - Script started.
2025-03-29 00:00:02,141 INFO fetch_uap_data - Fetching UAP sightings from Reddit...
2025-03-29 00:00:02,141 INFO fetch_uap_data - Fetching posts from subreddit: UFOs
2025-03-29 00:00:03,949 DEBUG fetch_uap_data - Parsing event date from: '3/28/2025 7:30PM; Location: Plymouth, MA'
2025-03-29 00:00:04,678 DEBUG fetch_uap_data - Dateparser failed, falling back to custom extraction logic.
2025-03-29 00:00:04,678 DEBUG fetch_uap_data - Extracted 4-digit year: 2025
2025-03-29 00:00:04,679 DEBUG fetch_uap_data - Extracted numeric month: 3
2025-03-29 00:00:04,679 DEBUG fetch_uap_data - Extracted day: 3
2025-03-29 00:00:04,679 DEBUG fetch_uap_data - Time not found in '3/28/2025 7:30PM; Location: Plymouth, MA'
2025-03-29 00:00:04,679 DEBUG fetch_uap_data - Constructed datetime from fallback: 2025-03-03 00:00:00
2025-03-29 00:00:05,690 DEBUG fetch_uap_data - Geocoded location 'Plymouth, MA' to (41.942666, -70.761859).
2025-03-29 00:00:05,839 DEBUG fetch_uap_data - Added post with ID 1jmaqcd
2025-03-29 00:00:06,839 DEBUG fetch_uap_data - Parsing event date from: '5:39, 28/03/2025'
2025-03-29 00:00:06,847 DEBUG fetch_uap_data - Parsed datetime using dateparser: 2025-03-28 05:39:00
2025-03-29 00:00:07,023 DEBUG fetch_uap_data - Geocoded location 'México City, Coyoacán' to (19.349861, -99.161975).
2025-03-29 00:00:07,179 DEBUG fetch_uap_data - Added post with ID 1jm9b5z
2025-03-29 00:00:08,181 INFO fetch_uap_data - Fetched 2 sightings. Inserting into database...
2025-03-29 00:00:08,208 DEBUG fetch_uap_data - Connected to the PostgreSQL database successfully.
2025-03-29 00:00:08,210 DEBUG fetch_uap_data - Primary key sequence updated.
2025-03-29 00:00:08,210 INFO fetch_uap_data - Inserting 2 records into the database.
2025-03-29 00:00:08,211 INFO fetch_uap_data - Total records processed: 2
2025-03-29 00:00:08,211 INFO fetch_uap_data - Records inserted: 0
2025-03-29 00:00:08,212 INFO fetch_uap_data - Skipped duplicates: 2
2025-03-29 00:00:08,217 DEBUG fetch_uap_data - Geometry column updated.
2025-03-29 00:00:08,217 DEBUG fetch_uap_data - Primary key sequence updated.
2025-03-29 00:00:08,217 DEBUG fetch_uap_data - Database connection closed.
2025-03-29 00:00:11,237 INFO fetch_uap_data - Email notification sent successfully.
2025-03-29 00:00:11,237 INFO fetch_uap_data - Script finished. Total runtime: 0:00:09.096668
