2025-04-22 18:00:03,591 INFO fetch_uap_data - Reddit API initialized successfully.
2025-04-22 18:00:03,625 INFO fetch_uap_data - Script started.
2025-04-22 18:00:03,625 INFO fetch_uap_data - Fetching UAP sightings from Reddit...
2025-04-22 18:00:03,625 INFO fetch_uap_data - Fetching posts from subreddit: UFOs
2025-04-22 18:00:05,491 DEBUG fetch_uap_data - Skipping post 1k5fwdo as it has no video content.
2025-04-22 18:00:05,491 DEBUG fetch_uap_data - Parsing event date from: 'August 3, 2022, 20:40 UTC+3'
2025-04-22 18:00:05,512 DEBUG fetch_uap_data - Parsed datetime using dateparser: 2022-08-03 20:40:00+03:00
2025-04-22 18:00:06,067 DEBUG fetch_uap_data - Skipping post 1k5ieau because event date (2022-08-03 20:40:00+03:00) is outside the 7-day window from report date (2025-04-22 21:40:16+00:00). Time difference: 993 days, 4:00:16
2025-04-22 18:00:06,067 DEBUG fetch_uap_data - Parsing event date from: 'September 8th 2023'
2025-04-22 18:00:06,071 DEBUG fetch_uap_data - Parsed datetime using dateparser: 2023-09-08 00:00:00+00:00
2025-04-22 18:00:08,107 DEBUG fetch_uap_data - Geocoded location 'Porto, Portugal' to (41.149451, -8.610788).
2025-04-22 18:00:08,107 DEBUG fetch_uap_data - Skipping post 1k5fmxc because event date (2023-09-08 00:00:00+00:00) is outside the 7-day window from report date (2025-04-22 19:47:10+00:00). Time difference: 592 days, 19:47:10
2025-04-22 18:00:08,107 DEBUG fetch_uap_data - Parsing event date from: 'April 12, 9:26PM'
2025-04-22 18:00:08,109 DEBUG fetch_uap_data - Parsed datetime using dateparser: 2025-04-12 21:26:00+00:00
2025-04-22 18:00:08,939 DEBUG fetch_uap_data - Geocoded location 'Abilene, TX' to (32.446450, -99.747591).
2025-04-22 18:00:08,939 DEBUG fetch_uap_data - Skipping post 1k5c54n because event date (2025-04-12 21:26:00+00:00) is outside the 7-day window from report date (2025-04-22 17:28:31+00:00). Time difference: 9 days, 20:02:31
2025-04-22 18:00:08,939 DEBUG fetch_uap_data - Skipping post 1k5dkqy as it has no video content.
2025-04-22 18:00:08,939 DEBUG fetch_uap_data - Skipping post 1k5eyrh as it has no video content.
2025-04-22 18:00:08,939 DEBUG fetch_uap_data - Skipping post 1k5etp2 as it has no video content.
2025-04-22 18:00:09,322 DEBUG fetch_uap_data - Skipping post 1k5dpmk because no event date is available after fallback.
2025-04-22 18:00:09,323 DEBUG fetch_uap_data - Parsing event date from: '4:33AM, 21 April, 2025'
2025-04-22 18:00:09,324 DEBUG fetch_uap_data - Parsed datetime using dateparser: 2025-04-21 04:33:00+00:00
2025-04-22 18:00:09,912 DEBUG fetch_uap_data - Geocoded location 'Jonkoping, Sweden' to (57.782563, 14.165719).
2025-04-22 18:00:10,042 DEBUG fetch_uap_data - Added post with ID 1k5dgrw
2025-04-22 18:00:11,043 DEBUG fetch_uap_data - Parsing event date from: '6:42pm - 8:13pm 2/9/25'
2025-04-22 18:00:12,302 DEBUG fetch_uap_data - Dateparser failed, falling back to custom extraction logic.
2025-04-22 18:00:12,303 DEBUG fetch_uap_data - Extracted two-digit year from mm/dd/yy: 2025
2025-04-22 18:00:12,303 DEBUG fetch_uap_data - Extracted numeric month: 6
2025-04-22 18:00:12,303 DEBUG fetch_uap_data - Extracted day: 6
2025-04-22 18:00:12,303 DEBUG fetch_uap_data - Time not found in '6:42pm - 8:13pm 2/9/25'
2025-04-22 18:00:12,303 DEBUG fetch_uap_data - Constructed datetime from fallback: 2025-06-06 00:00:00+00:00
2025-04-22 18:00:12,678 DEBUG fetch_uap_data - Geocoded location 'Phoenix, Arizona' to (33.448437, -112.074141).
2025-04-22 18:00:12,679 DEBUG fetch_uap_data - Skipping post 1k5bkc3 because event date (2025-06-06 00:00:00+00:00) is outside the 7-day window from report date (2025-04-22 17:05:29+00:00). Time difference: 44 days, 6:54:31
2025-04-22 18:00:12,679 INFO fetch_uap_data - Total raw posts iterated: 100
2025-04-22 18:00:12,679 INFO fetch_uap_data - Fetched 1 sightings. Inserting into database...
2025-04-22 18:00:12,822 DEBUG fetch_uap_data - Connected to the PostgreSQL database successfully.
2025-04-22 18:00:12,824 DEBUG fetch_uap_data - Primary key sequence updated.
2025-04-22 18:00:12,824 INFO fetch_uap_data - Inserting 1 records into the database.
2025-04-22 18:00:12,827 INFO fetch_uap_data - Total records processed: 1
2025-04-22 18:00:12,827 INFO fetch_uap_data - Records inserted: 0
2025-04-22 18:00:12,827 INFO fetch_uap_data - Skipped duplicates: 1
2025-04-22 18:00:12,832 DEBUG fetch_uap_data - Primary key sequence updated.
2025-04-22 18:00:12,832 DEBUG fetch_uap_data - Database connection closed.
2025-04-22 18:00:15,971 INFO fetch_uap_data - Email notification sent successfully.
2025-04-22 18:00:15,971 INFO fetch_uap_data - Script finished. Total runtime: 0:00:12.345604
