2025-04-15 18:00:04,648 INFO fetch_uap_data - Reddit API initialized successfully.
2025-04-15 18:00:04,669 INFO fetch_uap_data - Script started.
2025-04-15 18:00:04,669 INFO fetch_uap_data - Fetching UAP sightings from Reddit...
2025-04-15 18:00:04,669 INFO fetch_uap_data - Fetching posts from subreddit: UFOs
2025-04-15 18:00:07,238 DEBUG fetch_uap_data - Parsing event date from: 'April 15, 2025, 8:00 PM'
2025-04-15 18:00:07,274 DEBUG fetch_uap_data - Parsed datetime using dateparser: 2025-04-15 20:00:00+00:00
2025-04-15 18:00:07,669 DEBUG fetch_uap_data - Geocoded location 'Poland, Nowy Targ' to (49.489209, 20.026341).
2025-04-15 18:00:07,833 DEBUG fetch_uap_data - Added post with ID 1k03k71
2025-04-15 18:00:08,833 DEBUG fetch_uap_data - Parsing event date from: '04/11/2025 at 7:30PM EST'
2025-04-15 18:00:08,836 DEBUG fetch_uap_data - Parsed datetime using dateparser: 2025-11-04 19:30:00-05:00
2025-04-15 18:00:09,453 DEBUG fetch_uap_data - Geocoded location 'E of Charlotte, NC' to (35.216533, -80.784083).
2025-04-15 18:00:09,453 DEBUG fetch_uap_data - Skipping post 1jzyc8g because event date (2025-11-04 19:30:00-05:00) is outside the 7-day window from report date (2025-04-15 17:52:03+00:00). Time difference: 203 days, 6:37:57
2025-04-15 18:00:09,453 INFO fetch_uap_data - Total raw posts iterated: 100
2025-04-15 18:00:09,454 INFO fetch_uap_data - Fetched 1 sightings. Inserting into database...
2025-04-15 18:00:09,514 DEBUG fetch_uap_data - Connected to the PostgreSQL database successfully.
2025-04-15 18:00:09,521 DEBUG fetch_uap_data - Primary key sequence updated.
2025-04-15 18:00:09,521 INFO fetch_uap_data - Inserting 1 records into the database.
2025-04-15 18:00:09,528 INFO fetch_uap_data - Total records processed: 1
2025-04-15 18:00:09,528 INFO fetch_uap_data - Records inserted: 1
2025-04-15 18:00:09,528 INFO fetch_uap_data - Skipped duplicates: 0
2025-04-15 18:00:09,576 DEBUG fetch_uap_data - Primary key sequence updated.
2025-04-15 18:00:09,576 DEBUG fetch_uap_data - Database connection closed.
2025-04-15 18:00:10,239 INFO fetch_uap_data - Fetched 0 flight records for location (49.489209, 20.026341)
2025-04-15 18:00:24,405 INFO fetch_uap_data - Email notification sent successfully.
2025-04-15 18:00:24,405 INFO fetch_uap_data - Script finished. Total runtime: 0:00:19.736527
