2025-04-26 12:00:03,231 INFO fetch_uap_data - Reddit API initialized successfully.
2025-04-26 12:00:03,248 INFO fetch_uap_data - Script started.
2025-04-26 12:00:03,248 INFO fetch_uap_data - Fetching UAP sightings from Reddit...
2025-04-26 12:00:03,248 INFO fetch_uap_data - Fetching posts from subreddit: UFOs
2025-04-26 12:00:05,267 DEBUG fetch_uap_data - Parsing event date from: '08 Sept 2023, 13:52'
2025-04-26 12:00:05,288 DEBUG fetch_uap_data - Parsed datetime using dateparser: 2023-09-08 13:52:00+00:00
2025-04-26 12:00:05,787 DEBUG fetch_uap_data - Geocoded location 'Porto, Portugal' to (41.149451, -8.610788).
2025-04-26 12:00:05,787 DEBUG fetch_uap_data - Skipping post 1k8ct3h because event date (2023-09-08 13:52:00+00:00) is outside the 7-day window from report date (2025-04-26 13:20:49+00:00). Time difference: 595 days, 23:28:49
2025-04-26 12:00:05,788 DEBUG fetch_uap_data - Parsing event date from: '10:22 pm'
2025-04-26 12:00:05,902 DEBUG fetch_uap_data - Parsed datetime using dateparser: 2025-04-26 22:22:00+00:00
2025-04-26 12:00:06,769 DEBUG fetch_uap_data - Geocoded location 'San Mateo, Ca' to (37.496904, -122.333057).
2025-04-26 12:00:06,893 DEBUG fetch_uap_data - Added post with ID 1k8bxwh
2025-04-26 12:00:07,894 INFO fetch_uap_data - Total raw posts iterated: 100
2025-04-26 12:00:07,894 INFO fetch_uap_data - Fetched 1 sightings. Inserting into database...
2025-04-26 12:00:07,921 DEBUG fetch_uap_data - Connected to the PostgreSQL database successfully.
2025-04-26 12:00:07,924 DEBUG fetch_uap_data - Primary key sequence updated.
2025-04-26 12:00:07,924 INFO fetch_uap_data - Inserting 1 records into the database.
2025-04-26 12:00:07,925 INFO fetch_uap_data - Total records processed: 1
2025-04-26 12:00:07,925 INFO fetch_uap_data - Records inserted: 0
2025-04-26 12:00:07,925 INFO fetch_uap_data - Skipped duplicates: 1
2025-04-26 12:00:07,930 DEBUG fetch_uap_data - Primary key sequence updated.
2025-04-26 12:00:07,930 DEBUG fetch_uap_data - Database connection closed.
2025-04-26 12:00:10,780 INFO fetch_uap_data - Email notification sent successfully.
2025-04-26 12:00:10,780 INFO fetch_uap_data - Recomputing confidence ratings…
2025-04-26 12:00:10,808 DEBUG fetch_uap_data - Connected to the PostgreSQL database successfully.
2025-04-26 12:00:10,808 ERROR fetch_uap_data - Error computing confidence ratings: syntax error at or near "WHERE"
LINE 44:     **WHERE vetted = TRUE;**
               ^

2025-04-26 12:00:10,808 INFO fetch_uap_data - Calling export_sightings_to_geojson() now…
2025-04-26 12:00:10,834 DEBUG fetch_uap_data - Connected to the PostgreSQL database successfully.
2025-04-26 12:00:10,847 INFO fetch_uap_data - GeoJSON export complete.
2025-04-26 12:00:10,847 INFO fetch_uap_data - Script finished. Total runtime: 0:00:07.599100
