2025-03-23 18:35:39,784 INFO <input> - Reddit API initialized successfully.
2025-03-23 18:35:39,800 INFO <input> - Script started.
2025-03-23 18:35:39,800 INFO <input> - Fetching UAP sightings from Reddit...
2025-03-23 18:35:39,800 INFO <input> - Fetching posts from subreddit: UFOs
2025-03-23 18:35:41,817 ERROR <input> - dateparser failed to parse: 3/22/25 at 11:56AM pacific
2025-03-23 18:35:42,167 DEBUG <input> - Geocoded location 'Mesa AZ' to (33.415101, -111.831455).
2025-03-23 18:35:42,813 DEBUG <input> - Added post from source: https://www.reddit.com/r/UFOs/comments/1ji3fa5/anyone_know_what_this_is/
2025-03-23 18:35:43,824 ERROR <input> - dateparser failed to parse: November 2001, around 9:00pm
2025-03-23 18:35:44,026 DEBUG <input> - Geocoded location 'Formby, United Kingdom' to (53.556303, -3.065656).
2025-03-23 18:35:44,379 DEBUG <input> - Added post from source: https://www.reddit.com/r/UFOs/comments/1jhz6di/my_ufo_sighting_as_a_child_has_anyone_seen/
2025-03-23 18:35:45,387 ERROR <input> - dateparser failed to parse: 9:00pm (approx)
2025-03-23 18:35:45,652 DEBUG <input> - Geocoded location 'Northern Oklahoma' to (36.275938, -97.296914).
2025-03-23 18:35:46,044 DEBUG <input> - Added post from source: https://www.reddit.com/r/UFOs/comments/1jhqu5d/blue_ufo/
2025-03-23 18:35:47,058 ERROR <input> - dateparser failed to parse: September of 2021, Around 4:00pm**
2025-03-23 18:35:49,499 DEBUG <input> - Added post from source: https://www.reddit.com/r/UFOs/comments/1jhomf8/can_anyone_help_figure_out_what_exactly_my_mom/
2025-03-23 18:35:50,529 ERROR <input> - dateparser failed to parse: 11 PM / 10 AM, August 20th + 21st 2023
2025-03-23 18:35:50,834 DEBUG <input> - Geocoded location 'Llanelli, South Wales, UK' to (51.672215, -4.139609).
2025-03-23 18:35:51,257 DEBUG <input> - Added post from source: https://www.reddit.com/r/UFOs/comments/1jhki51/ufouap_above_uk_2023/
2025-03-23 18:35:53,109 DEBUG <input> - Geocoded location 'North Phoenix, Arizona' to (32.257877, -109.835840).
2025-03-23 18:35:53,111 DEBUG <input> - Parsed event date using dateparser: 2025-03-21 20:16:00-08:00
2025-03-23 18:35:53,277 DEBUG <input> - Added post from source: https://www.reddit.com/r/UFOs/comments/1jhm8oo/anyone_know_what_this_is/
2025-03-23 18:35:54,279 DEBUG <input> - Parsed event date using dateparser: 2015-10-04 18:18:00
2025-03-23 18:35:55,121 DEBUG <input> - Added post from source: https://www.reddit.com/r/UFOs/comments/1jhjvy4/ufo_caught_on_camera/
2025-03-23 18:35:56,121 INFO <input> - Fetched 7 sightings. Inserting into database...
2025-03-23 18:35:56,151 DEBUG <input> - Connected to the PostgreSQL database successfully.
2025-03-23 18:35:56,153 DEBUG <input> - Primary key sequence updated.
2025-03-23 18:35:56,153 INFO <input> - Inserting 7 records into the database.
2025-03-23 18:35:56,154 INFO <input> - Total records processed: 7
2025-03-23 18:35:56,154 INFO <input> - Records inserted: 0
2025-03-23 18:35:56,154 INFO <input> - Skipped duplicates: 7
2025-03-23 18:35:56,159 DEBUG <input> - Geometry column updated.
2025-03-23 18:35:56,159 DEBUG <input> - Primary key sequence updated.
2025-03-23 18:35:56,159 DEBUG <input> - Database connection closed.
2025-03-23 18:35:56,159 INFO <input> - 0 records successfully inserted.
2025-03-23 18:35:56,159 INFO <input> - 7 records skipped (likely duplicates).
2025-03-23 18:35:56,159 INFO <input> - Script finished. Total runtime: 0:00:16.359660
