2025-03-23 19:14:23,473 INFO <input> - Reddit API initialized successfully.
2025-03-23 19:14:23,618 INFO <input> - Script started.
2025-03-23 19:14:23,618 INFO <input> - Fetching UAP sightings from Reddit...
2025-03-23 19:14:23,618 INFO <input> - Fetching posts from subreddit: UFOs
2025-03-23 19:14:25,218 DEBUG <input> - Added post from source: https://www.reddit.com/r/UFOs/comments/1jifptn/cow_abduction_caught_by_the_news_network/
2025-03-23 19:14:26,219 DEBUG <input> - Parsing event date from: '3/22/25 at 11:56AM pacific'
2025-03-23 19:14:26,219 DEBUG <input> - Year not found in '3/22/25 at 11:56AM pacific'
2025-03-23 19:14:26,219 ERROR <input> - Year component not found in '3/22/25 at 11:56AM pacific'
2025-03-23 19:14:26,566 DEBUG <input> - Geocoded location 'Mesa AZ' to (33.415101, -111.831455).
2025-03-23 19:14:27,087 DEBUG <input> - Added post from source: https://www.reddit.com/r/UFOs/comments/1ji3fa5/anyone_know_what_this_is/
2025-03-23 19:14:28,089 DEBUG <input> - Parsing event date from: 'November 2001, around 9:00pm'
2025-03-23 19:14:28,089 DEBUG <input> - Extracted year: 2001
2025-03-23 19:14:28,089 DEBUG <input> - Extracted month name 'november' as 11
2025-03-23 19:14:28,089 DEBUG <input> - Extracted day: 9
2025-03-23 19:14:28,089 DEBUG <input> - Time not found in 'November 2001, around 9:00pm'
2025-03-23 19:14:28,089 DEBUG <input> - Defaulting time to 00:00:00
2025-03-23 19:14:28,089 DEBUG <input> - Constructed datetime: 2001-11-09 00:00:00
2025-03-23 19:14:28,286 DEBUG <input> - Geocoded location 'Formby, United Kingdom' to (53.556303, -3.065656).
2025-03-23 19:14:28,417 DEBUG <input> - Added post from source: https://www.reddit.com/r/UFOs/comments/1jhz6di/my_ufo_sighting_as_a_child_has_anyone_seen/
2025-03-23 19:14:29,418 DEBUG <input> - Parsing event date from: '9:00pm (approx)'
2025-03-23 19:14:29,418 DEBUG <input> - Year not found in '9:00pm (approx)'
2025-03-23 19:14:29,418 ERROR <input> - Year component not found in '9:00pm (approx)'
2025-03-23 19:14:29,659 DEBUG <input> - Geocoded location 'Northern Oklahoma' to (36.275938, -97.296914).
2025-03-23 19:14:29,976 DEBUG <input> - Added post from source: https://www.reddit.com/r/UFOs/comments/1jhqu5d/blue_ufo/
2025-03-23 19:14:30,977 DEBUG <input> - Parsing event date from: 'September of 2021, Around 4:00pm**'
2025-03-23 19:14:30,977 DEBUG <input> - Extracted year: 2021
2025-03-23 19:14:30,977 DEBUG <input> - Extracted month name 'september' as 9
2025-03-23 19:14:30,977 DEBUG <input> - Extracted day: 4
2025-03-23 19:14:30,977 DEBUG <input> - Time not found in 'September of 2021, Around 4:00pm**'
2025-03-23 19:14:30,977 DEBUG <input> - Defaulting time to 00:00:00
2025-03-23 19:14:30,977 DEBUG <input> - Constructed datetime: 2021-09-04 00:00:00
2025-03-23 19:14:32,151 DEBUG <input> - Added post from source: https://www.reddit.com/r/UFOs/comments/1jhomf8/can_anyone_help_figure_out_what_exactly_my_mom/
2025-03-23 19:14:33,152 DEBUG <input> - Parsing event date from: '11 PM / 10 AM, August 20th + 21st 2023'
2025-03-23 19:14:33,152 DEBUG <input> - Extracted year: 2023
2025-03-23 19:14:33,152 DEBUG <input> - Extracted month name 'august' as 8
2025-03-23 19:14:33,152 DEBUG <input> - Extracted day: 11
2025-03-23 19:14:33,152 DEBUG <input> - Time not found in '11 PM / 10 AM, August 20th + 21st 2023'
2025-03-23 19:14:33,152 DEBUG <input> - Defaulting time to 00:00:00
2025-03-23 19:14:33,152 DEBUG <input> - Constructed datetime: 2023-08-11 00:00:00
2025-03-23 19:14:33,454 DEBUG <input> - Geocoded location 'Llanelli, South Wales, UK' to (51.672215, -4.139609).
2025-03-23 19:14:33,589 DEBUG <input> - Added post from source: https://www.reddit.com/r/UFOs/comments/1jhki51/ufouap_above_uk_2023/
2025-03-23 19:14:35,676 DEBUG <input> - Geocoded location 'North Phoenix, Arizona' to (32.257877, -109.835840).
2025-03-23 19:14:35,676 DEBUG <input> - Parsing event date from: '3/21/2025 , 8:16pm PT'
2025-03-23 19:14:35,676 DEBUG <input> - Extracted year: 2025
2025-03-23 19:14:35,677 DEBUG <input> - Extracted numeric month: 3
2025-03-23 19:14:35,677 DEBUG <input> - Extracted day: 3
2025-03-23 19:14:35,677 DEBUG <input> - Time not found in '3/21/2025 , 8:16pm PT'
2025-03-23 19:14:35,677 DEBUG <input> - Defaulting time to 00:00:00
2025-03-23 19:14:35,677 DEBUG <input> - Constructed datetime: 2025-03-03 00:00:00
2025-03-23 19:14:35,845 DEBUG <input> - Added post from source: https://www.reddit.com/r/UFOs/comments/1jhm8oo/anyone_know_what_this_is/
2025-03-23 19:14:36,846 DEBUG <input> - Parsing event date from: '10/04/2015 @ 6:18PM'
2025-03-23 19:14:36,846 DEBUG <input> - Extracted year: 2015
2025-03-23 19:14:36,846 DEBUG <input> - Extracted numeric month: 10
2025-03-23 19:14:36,846 DEBUG <input> - Extracted day: 10
2025-03-23 19:14:36,846 DEBUG <input> - Time not found in '10/04/2015 @ 6:18PM'
2025-03-23 19:14:36,846 DEBUG <input> - Defaulting time to 00:00:00
2025-03-23 19:14:36,846 DEBUG <input> - Constructed datetime: 2015-10-10 00:00:00
2025-03-23 19:14:37,803 DEBUG <input> - Added post from source: https://www.reddit.com/r/UFOs/comments/1jhjvy4/ufo_caught_on_camera/
2025-03-23 19:14:38,803 INFO <input> - Fetched 8 sightings. Inserting into database...
2025-03-23 19:14:38,836 DEBUG <input> - Connected to the PostgreSQL database successfully.
2025-03-23 19:14:38,838 DEBUG <input> - Primary key sequence updated.
2025-03-23 19:14:38,838 INFO <input> - Inserting 8 records into the database.
2025-03-23 19:14:38,840 INFO <input> - Total records processed: 8
2025-03-23 19:14:38,841 INFO <input> - Records inserted: 1
2025-03-23 19:14:38,841 INFO <input> - Skipped duplicates: 7
2025-03-23 19:14:38,845 DEBUG <input> - Geometry column updated.
2025-03-23 19:14:38,846 DEBUG <input> - Primary key sequence updated.
2025-03-23 19:14:38,846 DEBUG <input> - Database connection closed.
2025-03-23 19:14:38,846 INFO <input> - 1 records successfully inserted.
2025-03-23 19:14:38,846 INFO <input> - 7 records skipped (likely duplicates).
2025-03-23 19:14:38,846 INFO <input> - Script finished. Total runtime: 0:00:15.228119
