2025-04-21 18:00:03,230 INFO fetch_uap_data - Reddit API initialized successfully.
2025-04-21 18:00:03,246 INFO fetch_uap_data - Script started.
2025-04-21 18:00:03,246 INFO fetch_uap_data - Fetching UAP sightings from Reddit...
2025-04-21 18:00:03,246 INFO fetch_uap_data - Fetching posts from subreddit: UFOs
2025-04-21 18:00:05,559 DEBUG fetch_uap_data - Skipping post 1k4s33r as it has no video content.
2025-04-21 18:00:05,559 DEBUG fetch_uap_data - Skipping post 1k4q0u0 as it has no video content.
2025-04-21 18:00:05,559 DEBUG fetch_uap_data - Parsing event date from: '9:20 pm local time (GMT+2)'
2025-04-21 18:00:06,444 DEBUG fetch_uap_data - Dateparser failed, falling back to custom extraction logic.
2025-04-21 18:00:06,445 DEBUG fetch_uap_data - Extracted generic two-digit year: 2020
2025-04-21 18:00:06,445 DEBUG fetch_uap_data - Extracted numeric month: 9
2025-04-21 18:00:06,445 DEBUG fetch_uap_data - Extracted day: 9
2025-04-21 18:00:06,445 DEBUG fetch_uap_data - Extracted time: 09:20:00
2025-04-21 18:00:06,445 DEBUG fetch_uap_data - Constructed datetime from fallback: 2020-09-09 09:20:00+00:00
2025-04-21 18:00:06,836 DEBUG fetch_uap_data - Geocoded location 'Berlin, Germany' to (52.510885, 13.398937).
2025-04-21 18:00:06,837 DEBUG fetch_uap_data - Skipping post 1k4kmpi because event date (2020-09-09 09:20:00+00:00) is outside the 7-day window from report date (2025-04-21 18:23:47+00:00). Time difference: 1685 days, 9:03:47
2025-04-21 18:00:06,837 DEBUG fetch_uap_data - Skipping post 1k4jgc3 as it has no video content.
2025-04-21 18:00:06,837 DEBUG fetch_uap_data - Parsing event date from: '6:42pm - 8:13pm 2/9/25'
2025-04-21 18:00:07,277 DEBUG fetch_uap_data - Dateparser failed, falling back to custom extraction logic.
2025-04-21 18:00:07,277 DEBUG fetch_uap_data - Extracted two-digit year from mm/dd/yy: 2025
2025-04-21 18:00:07,277 DEBUG fetch_uap_data - Extracted numeric month: 6
2025-04-21 18:00:07,277 DEBUG fetch_uap_data - Extracted day: 6
2025-04-21 18:00:07,277 DEBUG fetch_uap_data - Time not found in '6:42pm - 8:13pm 2/9/25'
2025-04-21 18:00:07,277 DEBUG fetch_uap_data - Constructed datetime from fallback: 2025-06-06 00:00:00+00:00
2025-04-21 18:00:07,979 DEBUG fetch_uap_data - Geocoded location 'Phoenix, Arizona' to (33.448437, -112.074141).
2025-04-21 18:00:07,979 DEBUG fetch_uap_data - Skipping post 1k4ihdl because event date (2025-06-06 00:00:00+00:00) is outside the 7-day window from report date (2025-04-21 17:00:26+00:00). Time difference: 45 days, 6:59:34
2025-04-21 18:00:07,979 INFO fetch_uap_data - Total raw posts iterated: 100
2025-04-21 18:00:11,424 INFO fetch_uap_data - Email notification sent successfully.
2025-04-21 18:00:11,424 INFO fetch_uap_data - Script finished. Total runtime: 0:00:08.177977
