2025-03-27 20:18:05,642 INFO <input> - Reddit API initialized successfully.
2025-03-27 20:18:21,759 INFO <input> - Fetching posts from subreddit: UFOs
2025-03-27 20:18:23,183 DEBUG <input> - Parsing event date from: '745pm to 8pm'
2025-03-27 20:18:23,183 DEBUG <input> - Year not found in '745pm to 8pm'
2025-03-27 20:18:23,183 ERROR <input> - Year component not found in '745pm to 8pm'
2025-03-27 20:18:23,509 DEBUG <input> - Added post with ID 1jll5s5
2025-03-27 20:18:24,509 DEBUG <input> - Parsing event date from: 'January 15th at 2000. Location: ClallClallam Bay, WA.'
2025-03-27 20:18:24,509 DEBUG <input> - Extracted 4-digit year: 2000
2025-03-27 20:18:24,509 DEBUG <input> - Extracted month name 'january' as 1
2025-03-27 20:18:24,509 DEBUG <input> - Extracted day: 15
2025-03-27 20:18:24,509 DEBUG <input> - Time not found in 'January 15th at 2000. Location: ClallClallam Bay, WA.'
2025-03-27 20:18:24,509 DEBUG <input> - Defaulting time to 00:00:00
2025-03-27 20:18:24,509 DEBUG <input> - Constructed datetime: 2000-01-15 00:00:00
2025-03-27 20:18:25,134 DEBUG <input> - Added post with ID 1jll676
2025-03-27 20:18:26,134 DEBUG <input> - Parsing event date from: 'Seen at 8:30 PM central time in'
2025-03-27 20:18:26,134 DEBUG <input> - Extracted generic two-digit year: 2030
2025-03-27 20:18:26,134 DEBUG <input> - Extracted numeric month: 8
2025-03-27 20:18:26,134 DEBUG <input> - Extracted day: 8
2025-03-27 20:18:26,134 DEBUG <input> - Extracted time: 08:30:00
2025-03-27 20:18:26,134 DEBUG <input> - Constructed datetime: 2030-08-08 08:30:00
2025-03-27 20:18:26,384 DEBUG <input> - Geocoded location 'Lincoln, Nebraska' to (40.808886, -96.707775).
2025-03-27 20:18:26,521 DEBUG <input> - Added post with ID 1jlk8z8
2025-03-27 20:18:27,522 DEBUG <input> - Parsing event date from: '2200gmt'
2025-03-27 20:18:27,522 DEBUG <input> - Year not found in '2200gmt'
2025-03-27 20:18:27,522 ERROR <input> - Year component not found in '2200gmt'
2025-03-27 20:18:27,640 DEBUG <input> - Geocoded location 'Kent' to (51.207075, 0.721036).
2025-03-27 20:18:31,285 ERROR <input> - Geocoding failed for 'Kent UK': HTTPSConnectionPool(host='nominatim.openstreetmap.org', port=443): Max retries exceeded with url: /search?q=Kent+UK&format=json&limit=1 (Caused by ReadTimeoutError("HTTPSConnectionPool(host='nominatim.openstreetmap.org', port=443): Read timed out. (read timeout=1)"))
2025-03-27 20:18:31,285 DEBUG <input> - Parsing event date from: '2200GMT'
2025-03-27 20:18:31,285 DEBUG <input> - Year not found in '2200GMT'
2025-03-27 20:18:31,285 ERROR <input> - Year component not found in '2200GMT'
2025-03-27 20:18:31,413 DEBUG <input> - Added post with ID 1jlfzsm
2025-03-27 20:18:32,414 DEBUG <input> - Skipping post 1jkuueq as it has no video content.
2025-03-27 20:18:32,414 DEBUG <input> - Skipping post 1jkz2sy as it has no video content.
2025-03-27 20:18:32,414 INFO <input> - Returning results as a test DataFrame (test_mode=True).
2025-03-27 20:21:29,159 INFO <input> - Fetching posts from subreddit: UFOs
2025-03-27 20:21:30,231 DEBUG <input> - Parsing event date from: 'January 15th at 2000. Location: ClallClallam Bay, WA.'
2025-03-27 20:21:30,231 DEBUG <input> - Extracted 4-digit year: 2000
2025-03-27 20:21:30,231 DEBUG <input> - Extracted month name 'january' as 1
2025-03-27 20:21:30,231 DEBUG <input> - Extracted day: 15
2025-03-27 20:21:30,231 DEBUG <input> - Time not found in 'January 15th at 2000. Location: ClallClallam Bay, WA.'
2025-03-27 20:21:30,231 DEBUG <input> - Defaulting time to 00:00:00
2025-03-27 20:21:30,231 DEBUG <input> - Constructed datetime: 2000-01-15 00:00:00
2025-03-27 20:21:30,897 DEBUG <input> - Added post with ID 1jll676
2025-03-27 20:21:31,898 DEBUG <input> - Parsing event date from: 'Seen at 8:30 PM central time in'
2025-03-27 20:21:31,898 DEBUG <input> - Extracted generic two-digit year: 2030
2025-03-27 20:21:31,898 DEBUG <input> - Extracted numeric month: 8
2025-03-27 20:21:31,898 DEBUG <input> - Extracted day: 8
2025-03-27 20:21:31,898 DEBUG <input> - Extracted time: 08:30:00
2025-03-27 20:21:31,898 DEBUG <input> - Constructed datetime: 2030-08-08 08:30:00
2025-03-27 20:21:32,096 DEBUG <input> - Geocoded location 'Lincoln, Nebraska' to (40.808886, -96.707775).
2025-03-27 20:21:32,232 DEBUG <input> - Added post with ID 1jlk8z8
2025-03-27 20:21:33,233 DEBUG <input> - Parsing event date from: '2200gmt'
2025-03-27 20:21:33,233 DEBUG <input> - Year not found in '2200gmt'
2025-03-27 20:21:33,233 ERROR <input> - Year component not found in '2200gmt'
2025-03-27 20:21:33,355 DEBUG <input> - Geocoded location 'Kent' to (51.207075, 0.721036).
2025-03-27 20:21:37,005 ERROR <input> - Geocoding failed for 'Kent UK': HTTPSConnectionPool(host='nominatim.openstreetmap.org', port=443): Max retries exceeded with url: /search?q=Kent+UK&format=json&limit=1 (Caused by ReadTimeoutError("HTTPSConnectionPool(host='nominatim.openstreetmap.org', port=443): Read timed out. (read timeout=1)"))
2025-03-27 20:21:37,005 DEBUG <input> - Parsing event date from: '2200GMT'
2025-03-27 20:21:37,005 DEBUG <input> - Year not found in '2200GMT'
2025-03-27 20:21:37,005 ERROR <input> - Year component not found in '2200GMT'
2025-03-27 20:21:37,144 DEBUG <input> - Added post with ID 1jlfzsm
2025-03-27 20:21:38,146 DEBUG <input> - Skipping post 1jkuueq as it has no video content.
2025-03-27 20:21:38,146 DEBUG <input> - Skipping post 1jkz2sy as it has no video content.
2025-03-27 20:21:38,146 INFO <input> - Returning results as a test DataFrame (test_mode=True).
2025-03-27 20:39:54,108 INFO <input> - Fetching posts from subreddit: UFOs
2025-03-27 20:39:55,886 DEBUG <input> - Skipping post 1jllxv7 as it has no video content.
2025-03-27 20:39:56,217 DEBUG <input> - Added post with ID 1jllv28
2025-03-27 20:39:57,218 DEBUG <input> - Parsing event date from: 'January 15th at 2000. Location: ClallClallam Bay, WA.'
2025-03-27 20:39:57,218 DEBUG <input> - Extracted 4-digit year: 2000
2025-03-27 20:39:57,218 DEBUG <input> - Extracted month name 'january' as 1
2025-03-27 20:39:57,218 DEBUG <input> - Extracted day: 15
2025-03-27 20:39:57,218 DEBUG <input> - Time not found in 'January 15th at 2000. Location: ClallClallam Bay, WA.'
2025-03-27 20:39:57,218 DEBUG <input> - Defaulting time to 00:00:00
2025-03-27 20:39:57,218 DEBUG <input> - Constructed datetime: 2000-01-15 00:00:00
2025-03-27 20:39:57,880 DEBUG <input> - Added post with ID 1jll676
2025-03-27 20:39:58,881 DEBUG <input> - Parsing event date from: 'Seen at 8:30 PM central time in'
2025-03-27 20:39:58,881 DEBUG <input> - Extracted generic two-digit year: 2030
2025-03-27 20:39:58,881 DEBUG <input> - Extracted numeric month: 8
2025-03-27 20:39:58,881 DEBUG <input> - Extracted day: 8
2025-03-27 20:39:58,881 DEBUG <input> - Extracted time: 08:30:00
2025-03-27 20:39:58,881 DEBUG <input> - Constructed datetime: 2030-08-08 08:30:00
2025-03-27 20:39:59,113 DEBUG <input> - Geocoded location 'Lincoln, Nebraska' to (40.808886, -96.707775).
2025-03-27 20:39:59,241 DEBUG <input> - Added post with ID 1jlk8z8
2025-03-27 20:40:00,243 DEBUG <input> - Parsing event date from: '2200gmt'
2025-03-27 20:40:00,243 DEBUG <input> - Year not found in '2200gmt'
2025-03-27 20:40:00,243 ERROR <input> - Year component not found in '2200gmt'
2025-03-27 20:40:00,371 DEBUG <input> - Geocoded location 'Kent' to (51.207075, 0.721036).
2025-03-27 20:40:03,834 DEBUG <input> - Geocoded location 'Kent UK' to (51.207075, 0.721036).
2025-03-27 20:40:03,834 DEBUG <input> - Parsing event date from: '2200GMT'
2025-03-27 20:40:03,834 DEBUG <input> - Year not found in '2200GMT'
2025-03-27 20:40:03,834 ERROR <input> - Year component not found in '2200GMT'
2025-03-27 20:40:03,961 DEBUG <input> - Added post with ID 1jlfzsm
2025-03-27 20:40:04,962 DEBUG <input> - Skipping post 1jkz2sy as it has no video content.
2025-03-27 20:40:04,962 INFO <input> - Returning results as a test DataFrame (test_mode=True).
