2025-03-28 22:15:48,309 INFO fetch_uap_data - Reddit API initialized successfully.
2025-03-28 22:15:48,328 INFO fetch_uap_data - Script started.
2025-03-28 22:15:48,329 INFO fetch_uap_data - Fetching UAP sightings from Reddit...
2025-03-28 22:15:48,329 INFO fetch_uap_data - Fetching posts from subreddit: UFOs
2025-03-28 22:15:50,490 DEBUG fetch_uap_data - Parsing event date from: '3/28/2025 7:30PM; Location: Plymouth, MA'
2025-03-28 22:15:51,289 DEBUG fetch_uap_data - Dateparser failed, falling back to custom extraction logic.
2025-03-28 22:15:51,289 DEBUG fetch_uap_data - Extracted 4-digit year: 2025
2025-03-28 22:15:51,290 DEBUG fetch_uap_data - Extracted numeric month: 3
2025-03-28 22:15:51,291 DEBUG fetch_uap_data - Extracted day: 3
2025-03-28 22:15:51,291 DEBUG fetch_uap_data - Time not found in '3/28/2025 7:30PM; Location: Plymouth, MA'
2025-03-28 22:15:51,291 DEBUG fetch_uap_data - Constructed datetime from fallback: 2025-03-03 00:00:00
2025-03-28 22:15:52,436 DEBUG fetch_uap_data - Geocoded location 'Plymouth, MA' to (41.942666, -70.761859).
2025-03-28 22:15:52,563 DEBUG fetch_uap_data - Added post with ID 1jmaqcd
2025-03-28 22:15:53,564 DEBUG fetch_uap_data - Parsing event date from: '5:39, 28/03/2025'
2025-03-28 22:15:53,573 DEBUG fetch_uap_data - Parsed datetime using dateparser: 2025-03-28 05:39:00
2025-03-28 22:15:53,771 DEBUG fetch_uap_data - Geocoded location 'México City, Coyoacán' to (19.349861, -99.161975).
2025-03-28 22:15:53,906 DEBUG fetch_uap_data - Added post with ID 1jm9b5z
2025-03-28 22:15:54,907 INFO fetch_uap_data - Fetched 2 sightings. Inserting into database...
2025-03-28 22:15:54,938 DEBUG fetch_uap_data - Connected to the PostgreSQL database successfully.
2025-03-28 22:15:54,940 DEBUG fetch_uap_data - Primary key sequence updated.
2025-03-28 22:15:54,940 INFO fetch_uap_data - Inserting 2 records into the database.
2025-03-28 22:15:54,942 INFO fetch_uap_data - Total records processed: 2
2025-03-28 22:15:54,942 INFO fetch_uap_data - Records inserted: 0
2025-03-28 22:15:54,942 INFO fetch_uap_data - Skipped duplicates: 2
2025-03-28 22:15:54,947 DEBUG fetch_uap_data - Geometry column updated.
2025-03-28 22:15:54,947 DEBUG fetch_uap_data - Primary key sequence updated.
2025-03-28 22:15:54,947 DEBUG fetch_uap_data - Database connection closed.
2025-03-28 22:15:57,586 INFO fetch_uap_data - Email notification sent successfully.
2025-03-28 22:15:57,586 INFO fetch_uap_data - Script finished. Total runtime: 0:00:09.258658
