2025-04-23 12:00:04,189 INFO fetch_uap_data - Reddit API initialized successfully.
2025-04-23 12:00:04,209 INFO fetch_uap_data - Script started.
2025-04-23 12:00:04,209 INFO fetch_uap_data - Fetching UAP sightings from Reddit...
2025-04-23 12:00:04,209 INFO fetch_uap_data - Fetching posts from subreddit: UFOs
2025-04-23 12:00:06,757 DEBUG fetch_uap_data - Skipping post 1k62njq as it has no video content.
2025-04-23 12:00:06,757 DEBUG fetch_uap_data - Parsing event date from: '** April 20, 2025, 11:46 PM'
2025-04-23 12:00:06,790 DEBUG fetch_uap_data - Parsed datetime using dateparser: 2025-04-20 23:46:00+00:00
2025-04-23 12:00:10,620 ERROR fetch_uap_data - Geocoding failed for '** Malaysia': HTTPSConnectionPool(host='nominatim.openstreetmap.org', port=443): Max retries exceeded with url: /search?q=%2A%2A+Malaysia&format=json&limit=1 (Caused by ReadTimeoutError("HTTPSConnectionPool(host='nominatim.openstreetmap.org', port=443): Read timed out. (read timeout=1)"))
2025-04-23 12:00:11,653 DEBUG fetch_uap_data - Added post with ID 1k5xraz
2025-04-23 12:00:12,655 INFO fetch_uap_data - Total raw posts iterated: 100
2025-04-23 12:00:12,655 INFO fetch_uap_data - Fetched 1 sightings. Inserting into database...
2025-04-23 12:00:12,810 DEBUG fetch_uap_data - Connected to the PostgreSQL database successfully.
2025-04-23 12:00:12,812 DEBUG fetch_uap_data - Primary key sequence updated.
2025-04-23 12:00:12,812 INFO fetch_uap_data - Inserting 1 records into the database.
2025-04-23 12:00:12,816 INFO fetch_uap_data - Total records processed: 1
2025-04-23 12:00:12,816 INFO fetch_uap_data - Records inserted: 0
2025-04-23 12:00:12,816 INFO fetch_uap_data - Skipped duplicates: 1
2025-04-23 12:00:12,823 DEBUG fetch_uap_data - Primary key sequence updated.
2025-04-23 12:00:12,823 DEBUG fetch_uap_data - Database connection closed.
2025-04-23 12:00:15,929 INFO fetch_uap_data - Email notification sent successfully.
2025-04-23 12:00:15,929 INFO fetch_uap_data - Script finished. Total runtime: 0:00:11.719581
