2025-03-23 18:38:57,498 INFO <input> - Reddit API initialized successfully.
2025-03-23 18:38:57,649 INFO <input> - Script started.
2025-03-23 18:38:57,649 INFO <input> - Fetching UAP sightings from Reddit...
2025-03-23 18:38:57,649 INFO <input> - Fetching posts from subreddit: UFOs
2025-03-23 18:38:58,781 DEBUG <input> - Parsed event date using fuzzy parser: 2025-03-03 00:00:00
2025-03-23 18:38:59,140 DEBUG <input> - Geocoded location 'Mesa AZ' to (33.415101, -111.831455).
2025-03-23 18:38:59,265 DEBUG <input> - Added postarsed event date using fuzzy parser: 2001-1 from source: https://www.reddit.com/r/UFOs/comments/1ji3fa5/anyone_know_what_this_is/
2025-03-23 18:39:00,265 DEBUG <input> - P1-23 21:00:00
2025-03-23 18:39:00,456 DEBUG <input> - Geocoded location 'Formby, United Kingdom' to (53.556303, -3.065656).
2025-03-23 18:39:00,602 DEBUG <input> - Added post from source: https://www.reddit.com/r/UFOs/comments/1jhz6di/my_ufo_sighting_as_a_child_has_anyone_seen/
2025-03-23 18:39:01,603 DEBUG <input> - Parsed event date using fuzzy parser: 2025-03-23 21:00:00
2025-03-23 18:39:01,807 DEBUG <input> - Geocoded location 'Northern Oklahoma' to (36.275938, -97.296914).
2025-03-23 18:39:01,957 DEBUG <input> - Added post from source: https://www.reddit.com/r/UFOs/comments/1jhqu5d/blue_ufo/
2025-03-23 18:39:02,958 DEBUG <input> - Parsed event date using fuzzy parser: 2021-09-23 16:00:00
2025-03-23 18:39:04,467 DEBUG <input> - Added post from source: https://www.reddit.com/r/UFOs/comments/1jhomf8/can_anyone_help_figure_out_what_exactly_my_mom/
2025-03-23 18:39:05,468 DEBUG <input> - Parsed event date using fuzzy parser: 2025-03-23 23:00:00
2025-03-23 18:39:05,752 DEBUG <input> - Geocoded location 'Llanelli, South Wales, UK' to (51.672215, -4.139609).
2025-03-23 18:39:05,873 DEBUG <input> - Added post from source: https://www.reddit.com/r/UFOs/comments/1jhki51/ufouap_above_uk_2023/
2025-03-23 18:39:08,191 DEBUG <input> - Geocoded location 'North Phoenix, Arizona' to (32.257877, -109.835840).
2025-03-23 18:39:08,191 DEBUG <input> - Parsed event date using fuzzy parser: 2025-03-03 00:00:00
2025-03-23 18:39:08,333 DEBUG <input> - Added post from source: https://www.reddit.com/r/UFOs/comments/1jhm8oo/anyone_know_what_this_is/
2025-03-23 18:39:09,335 DEBUG <input> - Parsed event date using fuzzy parser: 2025-03-10 00:00:00
2025-03-23 18:39:10,157 DEBUG <input> - Added post from source: https://www.reddit.com/r/UFOs/comments/1jhjvy4/ufo_caught_on_camera/
2025-03-23 18:39:11,158 INFO <input> - Fetched 7 sightings. Inserting into database...
2025-03-23 18:39:11,299 DEBUG <input> - Connected to the PostgreSQL database successfully.
2025-03-23 18:39:11,300 DEBUG <input> - Primary key sequence updated.
2025-03-23 18:39:11,300 INFO <input> - Inserting 7 records into the database.
2025-03-23 18:39:11,302 INFO <input> - Total records processed: 7
2025-03-23 18:39:11,302 INFO <input> - Records inserted: 0
2025-03-23 18:39:11,302 INFO <input> - Skipped duplicates: 7
2025-03-23 18:39:11,307 DEBUG <input> - Geometry column updated.
2025-03-23 18:39:11,307 DEBUG <input> - Primary key sequence updated.
2025-03-23 18:39:11,307 DEBUG <input> - Database connection closed.
2025-03-23 18:39:11,307 INFO <input> - 0 records successfully inserted.
2025-03-23 18:39:11,308 INFO <input> - 7 records skipped (likely duplicates).
2025-03-23 18:39:11,308 INFO <input> - Script finished. Total runtime: 0:00:13.659588
