2025-03-31 14:41:51,137 INFO fetch_uap_data - Reddit API initialized successfully.
2025-03-31 14:41:51,154 INFO fetch_uap_data - Script started.
2025-03-31 14:41:51,154 INFO fetch_uap_data - Fetching UAP sightings from Reddit...
2025-03-31 14:41:51,154 INFO fetch_uap_data - Fetching posts from subreddit: UFOs
2025-03-31 14:41:52,990 DEBUG fetch_uap_data - Parsing event date from: '2:40pm (UTC-6), 29/03/2025'
2025-03-31 14:41:53,008 DEBUG fetch_uap_data - Parsed datetime using dateparser: 2025-03-06 14:40:00+00:00
2025-03-31 14:41:53,439 DEBUG fetch_uap_data - Geocoded location 'México City, Coyoacán' to (19.349861, -99.161975).
2025-03-31 14:41:53,573 DEBUG fetch_uap_data - Added post with ID 1jobcjh
2025-03-31 14:41:54,574 DEBUG fetch_uap_data - Skipping post 1joa5p2 as it has no video content.
2025-03-31 14:41:54,574 DEBUG fetch_uap_data - Parsing event date from: '31/03/2025 1:44am'
2025-03-31 14:41:54,577 DEBUG fetch_uap_data - Parsed datetime using dateparser: 2025-03-31 01:44:00
2025-03-31 14:41:54,912 DEBUG fetch_uap_data - Geocoded location 'UK, Kidderminster, Worcestershire.' to (52.389503, -2.251812).
2025-03-31 14:41:55,039 DEBUG fetch_uap_data - Added post with ID 1jo8aly
2025-03-31 14:41:56,040 INFO fetch_uap_data - Fetched 2 sightings. Inserting into database...
2025-03-31 14:41:56,068 DEBUG fetch_uap_data - Connected to the PostgreSQL database successfully.
2025-03-31 14:41:56,070 DEBUG fetch_uap_data - Primary key sequence updated.
2025-03-31 14:41:56,070 INFO fetch_uap_data - Inserting 2 records into the database.
2025-03-31 14:41:56,072 INFO fetch_uap_data - Total records processed: 2
2025-03-31 14:41:56,072 INFO fetch_uap_data - Records inserted: 2
2025-03-31 14:41:56,072 INFO fetch_uap_data - Skipped duplicates: 0
2025-03-31 14:41:56,080 DEBUG fetch_uap_data - Geometry column updated.
2025-03-31 14:41:56,081 DEBUG fetch_uap_data - Primary key sequence updated.
2025-03-31 14:41:56,081 DEBUG fetch_uap_data - Database connection closed.
2025-03-31 14:41:59,001 INFO fetch_uap_data - Email notification sent successfully.
2025-03-31 14:41:59,001 INFO fetch_uap_data - Script finished. Total runtime: 0:00:07.847314
