2025-04-25 18:00:03,395 INFO fetch_uap_data - Reddit API initialized successfully.
2025-04-25 18:00:03,445 INFO fetch_uap_data - Script started.
2025-04-25 18:00:03,445 INFO fetch_uap_data - Fetching UAP sightings from Reddit...
2025-04-25 18:00:03,445 INFO fetch_uap_data - Fetching posts from subreddit: UFOs
2025-04-25 18:00:06,325 DEBUG fetch_uap_data - Skipping post 1k7xd1x because no event date is available after fallback.
2025-04-25 18:00:06,326 DEBUG fetch_uap_data - Skipping post 1k7tsq1 as it has no video content.
2025-04-25 18:00:06,326 DEBUG fetch_uap_data - Parsing event date from: 'Thursday 4/24/25 at 8:24 pm PST'
2025-04-25 18:00:07,996 DEBUG fetch_uap_data - Dateparser failed, falling back to custom extraction logic.
2025-04-25 18:00:07,996 DEBUG fetch_uap_data - Extracted two-digit year from mm/dd/yy: 2025
2025-04-25 18:00:07,996 DEBUG fetch_uap_data - Extracted numeric month: 4
2025-04-25 18:00:07,996 DEBUG fetch_uap_data - Extracted day: 4
2025-04-25 18:00:07,996 DEBUG fetch_uap_data - Extracted time: 08:24:00
2025-04-25 18:00:07,996 DEBUG fetch_uap_data - Constructed datetime from fallback: 2025-04-04 08:24:00+00:00
2025-04-25 18:00:08,416 DEBUG fetch_uap_data - Geocoded location 'Joshua Tree, CA' to (34.123380, -116.312879).
2025-04-25 18:00:08,416 DEBUG fetch_uap_data - Skipping post 1k7ru08 because event date (2025-04-04 08:24:00+00:00) is outside the 7-day window from report date (2025-04-25 18:14:52+00:00). Time difference: 21 days, 9:50:52
2025-04-25 18:00:08,417 INFO fetch_uap_data - Total raw posts iterated: 100
2025-04-25 18:00:11,036 INFO fetch_uap_data - Email notification sent successfully.
2025-04-25 18:00:11,037 INFO fetch_uap_data - Recomputing confidence ratings…
2025-04-25 18:00:11,092 DEBUG fetch_uap_data - Connected to the PostgreSQL database successfully.
2025-04-25 18:00:11,093 ERROR fetch_uap_data - Error computing confidence ratings: syntax error at or near "WHERE"
LINE 44:     **WHERE vetted = TRUE;**
               ^

2025-04-25 18:00:11,093 INFO fetch_uap_data - Calling export_sightings_to_geojson() now…
2025-04-25 18:00:11,139 DEBUG fetch_uap_data - Connected to the PostgreSQL database successfully.
2025-04-25 18:00:11,161 INFO fetch_uap_data - GeoJSON export complete.
2025-04-25 18:00:11,161 INFO fetch_uap_data - Script finished. Total runtime: 0:00:07.716191
