2025-04-16 00:00:03,971 INFO fetch_uap_data - Reddit API initialized successfully.
2025-04-16 00:00:03,992 INFO fetch_uap_data - Script started.
2025-04-16 00:00:03,992 INFO fetch_uap_data - Fetching UAP sightings from Reddit...
2025-04-16 00:00:03,992 INFO fetch_uap_data - Fetching posts from subreddit: UFOs
2025-04-16 00:00:06,178 DEBUG fetch_uap_data - Parsing event date from: '6:46pm'
2025-04-16 00:00:06,514 DEBUG fetch_uap_data - Parsed datetime using dateparser: 2025-04-16 18:46:00+00:00
2025-04-16 00:00:08,786 DEBUG fetch_uap_data - Parsing event date from: '6:46pm'
2025-04-16 00:00:08,788 DEBUG fetch_uap_data - Parsed datetime using dateparser: 2025-04-16 18:46:00+00:00
2025-04-16 00:00:08,948 DEBUG fetch_uap_data - Added post with ID 1k0bayj
2025-04-16 00:00:09,949 DEBUG fetch_uap_data - Parsing event date from: 'April 15th, 8:08PM'
2025-04-16 00:00:09,951 DEBUG fetch_uap_data - Parsed datetime using dateparser: 2025-04-15 20:08:00+00:00
2025-04-16 00:00:10,178 DEBUG fetch_uap_data - Geocoded location 'North County San Diego, California”' to (33.191981, -117.255036).
2025-04-16 00:00:10,347 DEBUG fetch_uap_data - Added post with ID 1k0ba50
2025-04-16 00:00:11,348 DEBUG fetch_uap_data - Parsing event date from: '4/15/25 around 9PM'
2025-04-16 00:00:12,749 DEBUG fetch_uap_data - Dateparser failed, falling back to custom extraction logic.
2025-04-16 00:00:12,750 DEBUG fetch_uap_data - Extracted two-digit year from mm/dd/yy: 2025
2025-04-16 00:00:12,750 DEBUG fetch_uap_data - Extracted numeric month: 4
2025-04-16 00:00:12,750 DEBUG fetch_uap_data - Extracted day: 4
2025-04-16 00:00:12,750 DEBUG fetch_uap_data - Time not found in '4/15/25 around 9PM'
2025-04-16 00:00:12,750 DEBUG fetch_uap_data - Constructed datetime from fallback: 2025-04-04 00:00:00+00:00
2025-04-16 00:00:13,623 DEBUG fetch_uap_data - Skipping post 1k0ab0y because event date (2025-04-04 00:00:00+00:00) is outside the 7-day window from report date (2025-04-16 02:55:20+00:00). Time difference: 12 days, 2:55:20
2025-04-16 00:00:13,623 INFO fetch_uap_data - Total raw posts iterated: 100
2025-04-16 00:00:13,624 INFO fetch_uap_data - Fetched 2 sightings. Inserting into database...
2025-04-16 00:00:13,667 DEBUG fetch_uap_data - Connected to the PostgreSQL database successfully.
2025-04-16 00:00:13,671 DEBUG fetch_uap_data - Primary key sequence updated.
2025-04-16 00:00:13,671 INFO fetch_uap_data - Inserting 2 records into the database.
2025-04-16 00:00:13,675 INFO fetch_uap_data - Total records processed: 2
2025-04-16 00:00:13,675 INFO fetch_uap_data - Records inserted: 2
2025-04-16 00:00:13,675 INFO fetch_uap_data - Skipped duplicates: 0
2025-04-16 00:00:13,683 DEBUG fetch_uap_data - Primary key sequence updated.
2025-04-16 00:00:13,683 DEBUG fetch_uap_data - Database connection closed.
2025-04-16 00:00:13,684 WARNING fetch_uap_data - Skipping flight data fetch due to missing event_date or location for UAP source https://www.reddit.com/r/UFOs/comments/1k0bayj/phoenix_az_did_anyone_else_see_this/
2025-04-16 00:00:14,329 INFO fetch_uap_data - Fetched 0 flight records for location (33.191981, -117.255036)
2025-04-16 00:00:28,400 INFO fetch_uap_data - Email notification sent successfully.
2025-04-16 00:00:28,400 INFO fetch_uap_data - Script finished. Total runtime: 0:00:24.408463
