2025-04-23 06:00:03,774 INFO fetch_uap_data - Reddit API initialized successfully.
2025-04-23 06:00:03,794 INFO fetch_uap_data - Script started.
2025-04-23 06:00:03,794 INFO fetch_uap_data - Fetching UAP sightings from Reddit...
2025-04-23 06:00:03,795 INFO fetch_uap_data - Fetching posts from subreddit: UFOs
2025-04-23 06:00:05,880 DEBUG fetch_uap_data - Parsing event date from: '** April 20, 2025, 11:46 PM'
2025-04-23 06:00:05,928 DEBUG fetch_uap_data - Parsed datetime using dateparser: 2025-04-20 23:46:00+00:00
2025-04-23 06:00:06,350 DEBUG fetch_uap_data - Geocoded location '** Malaysia' to (4.569375, 102.265682).
2025-04-23 06:00:06,476 DEBUG fetch_uap_data - Added post with ID 1k5xraz
2025-04-23 06:00:07,477 INFO fetch_uap_data - Total raw posts iterated: 100
2025-04-23 06:00:07,478 INFO fetch_uap_data - Fetched 1 sightings. Inserting into database...
2025-04-23 06:00:07,522 DEBUG fetch_uap_data - Connected to the PostgreSQL database successfully.
2025-04-23 06:00:07,524 DEBUG fetch_uap_data - Primary key sequence updated.
2025-04-23 06:00:07,524 INFO fetch_uap_data - Inserting 1 records into the database.
2025-04-23 06:00:07,527 INFO fetch_uap_data - Total records processed: 1
2025-04-23 06:00:07,527 INFO fetch_uap_data - Records inserted: 1
2025-04-23 06:00:07,527 INFO fetch_uap_data - Skipped duplicates: 0
2025-04-23 06:00:07,535 DEBUG fetch_uap_data - Primary key sequence updated.
2025-04-23 06:00:07,535 DEBUG fetch_uap_data - Database connection closed.
2025-04-23 06:00:08,431 INFO fetch_uap_data - Fetched 0 flight records for location (4.569375, 102.265682)
2025-04-23 06:00:11,742 INFO fetch_uap_data - Email notification sent successfully.
2025-04-23 06:00:11,742 INFO fetch_uap_data - Script finished. Total runtime: 0:00:07.948370
