2025-04-15 06:00:03,573 INFO fetch_uap_data - Reddit API initialized successfully.
2025-04-15 06:00:03,588 INFO fetch_uap_data - Script started.
2025-04-15 06:00:03,588 INFO fetch_uap_data - Fetching UAP sightings from Reddit...
2025-04-15 06:00:03,588 INFO fetch_uap_data - Fetching posts from subreddit: UFOs
2025-04-15 06:00:05,833 DEBUG fetch_uap_data - Parsing event date from: '9.15pm, 12th April'
2025-04-15 06:00:05,855 DEBUG fetch_uap_data - Parsed datetime using dateparser: 2025-04-12 21:15:00+00:00
2025-04-15 06:00:06,471 DEBUG fetch_uap_data - Geocoded location 'Waikato/Waipa, New Zealand' to (-37.895365, 175.453220).
2025-04-15 06:00:06,647 DEBUG fetch_uap_data - Added post with ID 1jzq7yh
2025-04-15 06:00:07,648 INFO fetch_uap_data - Total raw posts iterated: 100
2025-04-15 06:00:07,648 INFO fetch_uap_data - Fetched 1 sightings. Inserting into database...
2025-04-15 06:00:07,684 DEBUG fetch_uap_data - Connected to the PostgreSQL database successfully.
2025-04-15 06:00:07,686 DEBUG fetch_uap_data - Primary key sequence updated.
2025-04-15 06:00:07,687 INFO fetch_uap_data - Inserting 1 records into the database.
2025-04-15 06:00:07,688 INFO fetch_uap_data - Total records processed: 1
2025-04-15 06:00:07,688 INFO fetch_uap_data - Records inserted: 1
2025-04-15 06:00:07,688 INFO fetch_uap_data - Skipped duplicates: 0
2025-04-15 06:00:07,694 DEBUG fetch_uap_data - Primary key sequence updated.
2025-04-15 06:00:07,694 DEBUG fetch_uap_data - Database connection closed.
2025-04-15 06:00:08,259 INFO fetch_uap_data - Fetched 0 flight records for location (-37.895365, 175.453220)
2025-04-15 06:00:22,412 INFO fetch_uap_data - Email notification sent successfully.
2025-04-15 06:00:22,412 INFO fetch_uap_data - Script finished. Total runtime: 0:00:18.824230
