2025-04-12 12:00:02,878 INFO fetch_uap_data - Reddit API initialized successfully.
2025-04-12 12:00:02,893 INFO fetch_uap_data - Script started.
2025-04-12 12:00:02,893 INFO fetch_uap_data - Fetching UAP sightings from Reddit...
2025-04-12 12:00:02,894 INFO fetch_uap_data - Fetching posts from subreddit: UFOs
2025-04-12 12:00:05,283 DEBUG fetch_uap_data - Skipping post 1jxl2i5 because no event date is available after fallback.
2025-04-12 12:00:05,283 DEBUG fetch_uap_data - Parsing event date from: '9:27pm'
2025-04-12 12:00:05,396 DEBUG fetch_uap_data - Parsed datetime using dateparser: 2025-04-12 21:27:00+00:00
2025-04-12 12:00:07,158 DEBUG fetch_uap_data - Geocoded location 'Tampa, Fl.' to (27.947760, -82.458444).
2025-04-12 12:00:07,405 DEBUG fetch_uap_data - Added post with ID 1jxisfl
2025-04-12 12:00:08,405 INFO fetch_uap_data - Total raw posts iterated: 100
2025-04-12 12:00:08,406 INFO fetch_uap_data - Fetched 1 sightings. Inserting into database...
2025-04-12 12:00:08,437 DEBUG fetch_uap_data - Connected to the PostgreSQL database successfully.
2025-04-12 12:00:08,439 DEBUG fetch_uap_data - Primary key sequence updated.
2025-04-12 12:00:08,439 INFO fetch_uap_data - Inserting 1 records into the database.
2025-04-12 12:00:08,441 INFO fetch_uap_data - Total records processed: 1
2025-04-12 12:00:08,441 INFO fetch_uap_data - Records inserted: 1
2025-04-12 12:00:08,441 INFO fetch_uap_data - Skipped duplicates: 0
2025-04-12 12:00:08,446 DEBUG fetch_uap_data - Primary key sequence updated.
2025-04-12 12:00:08,447 DEBUG fetch_uap_data - Database connection closed.
2025-04-12 12:00:09,089 INFO fetch_uap_data - Fetched 50 flight records for location (27.947760, -82.458444)
2025-04-12 12:00:09,117 DEBUG fetch_uap_data - Connected to the PostgreSQL database successfully.
2025-04-12 12:00:09,135 INFO fetch_uap_data - Inserted 50 flight records for UAP source https://www.reddit.com/r/UFOs/comments/1jxisfl/drone_seems_to_disappear/
2025-04-12 12:00:13,297 INFO fetch_uap_data - Email notification sent successfully.
2025-04-12 12:00:13,297 INFO fetch_uap_data - Script finished. Total runtime: 0:00:10.403781
