2025-03-28 19:36:54,912 INFO fetch_uap_data - Reddit API initialized successfully.
2025-03-28 19:36:54,929 INFO fetch_uap_data - Script started.
2025-03-28 19:36:54,929 INFO fetch_uap_data - Fetching UAP sightings from Reddit...
2025-03-28 19:36:54,929 INFO fetch_uap_data - Fetching posts from subreddit: UFOs
2025-03-28 19:36:56,526 DEBUG fetch_uap_data - Parsing event date from: '5:39, 28/03/2025'
2025-03-28 19:36:56,544 DEBUG fetch_uap_data - Parsed datetime using dateparser: 2025-03-28 05:39:00
2025-03-28 19:36:56,968 DEBUG fetch_uap_data - Geocoded location 'México City, Coyoacán' to (19.349861, -99.161975).
2025-03-28 19:36:57,102 DEBUG fetch_uap_data - Added post with ID 1jm9b5z
2025-03-28 19:36:58,103 INFO fetch_uap_data - Fetched 1 sightings. Inserting into database...
2025-03-28 19:36:58,131 DEBUG fetch_uap_data - Connected to the PostgreSQL database successfully.
2025-03-28 19:36:58,133 DEBUG fetch_uap_data - Primary key sequence updated.
2025-03-28 19:36:58,133 INFO fetch_uap_data - Inserting 1 records into the database.
2025-03-28 19:36:58,134 INFO fetch_uap_data - Total records processed: 1
2025-03-28 19:36:58,134 INFO fetch_uap_data - Records inserted: 0
2025-03-28 19:36:58,134 INFO fetch_uap_data - Skipped duplicates: 1
2025-03-28 19:36:58,139 DEBUG fetch_uap_data - Geometry column updated.
2025-03-28 19:36:58,139 DEBUG fetch_uap_data - Primary key sequence updated.
2025-03-28 19:36:58,139 DEBUG fetch_uap_data - Database connection closed.
2025-03-28 19:36:58,139 INFO fetch_uap_data - 0 records successfully inserted.
2025-03-28 19:36:58,139 INFO fetch_uap_data - 1 records skipped (likely duplicates).
2025-03-28 19:36:58,139 INFO fetch_uap_data - Script finished. Total runtime: 0:00:03.209999
