2025-04-04 00:00:02,637 INFO fetch_uap_data - Reddit API initialized successfully.
2025-04-04 00:00:02,653 INFO fetch_uap_data - Script started.
2025-04-04 00:00:02,653 INFO fetch_uap_data - Fetching UAP sightings from Reddit...
2025-04-04 00:00:02,653 INFO fetch_uap_data - Fetching posts from subreddit: UFOs
2025-04-04 00:00:04,616 DEBUG fetch_uap_data - Skipping post 1jr3t4e as it has no video content.
2025-04-04 00:00:04,616 DEBUG fetch_uap_data - Parsing event date from: '04/03/25 8:00pm'
2025-04-04 00:00:04,636 DEBUG fetch_uap_data - Parsed datetime using dateparser: 2025-03-04 20:00:00
2025-04-04 00:00:05,326 DEBUG fetch_uap_data - Geocoded location 'Bristol Connecticut' to (41.673521, -72.946486).
2025-04-04 00:00:05,453 DEBUG fetch_uap_data - Added post with ID 1jqzbqj
2025-04-04 00:00:06,454 INFO fetch_uap_data - Fetched 1 sightings. Inserting into database...
2025-04-04 00:00:06,485 DEBUG fetch_uap_data - Connected to the PostgreSQL database successfully.
2025-04-04 00:00:06,487 DEBUG fetch_uap_data - Primary key sequence updated.
2025-04-04 00:00:06,487 INFO fetch_uap_data - Inserting 1 records into the database.
2025-04-04 00:00:06,489 INFO fetch_uap_data - Total records processed: 1
2025-04-04 00:00:06,489 INFO fetch_uap_data - Records inserted: 1
2025-04-04 00:00:06,489 INFO fetch_uap_data - Skipped duplicates: 0
2025-04-04 00:00:06,496 DEBUG fetch_uap_data - Primary key sequence updated.
2025-04-04 00:00:06,496 DEBUG fetch_uap_data - Database connection closed.
2025-04-04 00:00:06,965 INFO fetch_uap_data - Fetched 1 flight records for location (41.673521, -72.946486)
2025-04-04 00:00:06,994 DEBUG fetch_uap_data - Connected to the PostgreSQL database successfully.
2025-04-04 00:00:06,995 ERROR fetch_uap_data - Error inserting flight data: null value in column "flight_id" of relation "flight_data" violates not-null constraint
DETAIL:  Failing row contains (null, null, null, null, null, null, https://www.reddit.com/r/UFOs/comments/1jqzbqj/low_flying_orange..., null, a1afec, adsb_icao, MXY535  , N208BZ, BCS3, 125, 1, null, null, null, null, null, null, null, 0, null, null, null, null, 2170, 1013, null, null, 41.931602, -72.684525, 8, 186, 1.72, 0, 0, [], [], 79166355, 0, -5.9, null, null).

2025-04-04 00:00:09,675 INFO fetch_uap_data - Email notification sent successfully.
2025-04-04 00:00:09,675 INFO fetch_uap_data - Script finished. Total runtime: 0:00:07.021400
