2025-04-18 12:00:03,209 INFO fetch_uap_data - Reddit API initialized successfully.
2025-04-18 12:00:03,225 INFO fetch_uap_data - Script started.
2025-04-18 12:00:03,225 INFO fetch_uap_data - Fetching UAP sightings from Reddit...
2025-04-18 12:00:03,226 INFO fetch_uap_data - Fetching posts from subreddit: UFOs
2025-04-18 12:00:05,876 DEBUG fetch_uap_data - Skipping post 1k2cbzo as it has no video content.
2025-04-18 12:00:05,876 DEBUG fetch_uap_data - Parsing event date from: '6:42pm - 8:13pm 2/9/25'
2025-04-18 12:00:07,236 DEBUG fetch_uap_data - Dateparser failed, falling back to custom extraction logic.
2025-04-18 12:00:07,237 DEBUG fetch_uap_data - Extracted two-digit year from mm/dd/yy: 2025
2025-04-18 12:00:07,237 DEBUG fetch_uap_data - Extracted numeric month: 6
2025-04-18 12:00:07,237 DEBUG fetch_uap_data - Extracted day: 6
2025-04-18 12:00:07,237 DEBUG fetch_uap_data - Time not found in '6:42pm - 8:13pm 2/9/25'
2025-04-18 12:00:07,237 DEBUG fetch_uap_data - Constructed datetime from fallback: 2025-06-06 00:00:00+00:00
2025-04-18 12:00:07,818 DEBUG fetch_uap_data - Geocoded location 'Phoenix, Arizona' to (33.448437, -112.074141).
2025-04-18 12:00:07,819 DEBUG fetch_uap_data - Skipping post 1k2at0e because event date (2025-06-06 00:00:00+00:00) is outside the 7-day window from report date (2025-04-18 17:39:00+00:00). Time difference: 48 days, 6:21:00
2025-04-18 12:00:07,819 DEBUG fetch_uap_data - Parsing event date from: '6:42pm - 8:13pm 2/9/25'
2025-04-18 12:00:07,914 DEBUG fetch_uap_data - Dateparser failed, falling back to custom extraction logic.
2025-04-18 12:00:07,914 DEBUG fetch_uap_data - Extracted two-digit year from mm/dd/yy: 2025
2025-04-18 12:00:07,914 DEBUG fetch_uap_data - Extracted numeric month: 6
2025-04-18 12:00:07,914 DEBUG fetch_uap_data - Extracted day: 6
2025-04-18 12:00:07,914 DEBUG fetch_uap_data - Time not found in '6:42pm - 8:13pm 2/9/25'
2025-04-18 12:00:07,914 DEBUG fetch_uap_data - Constructed datetime from fallback: 2025-06-06 00:00:00+00:00
2025-04-18 12:00:08,820 DEBUG fetch_uap_data - Geocoded location 'Phoenix, Arizona' to (33.448437, -112.074141).
2025-04-18 12:00:08,820 DEBUG fetch_uap_data - Skipping post 1k2afch because event date (2025-06-06 00:00:00+00:00) is outside the 7-day window from report date (2025-04-18 17:22:52+00:00). Time difference: 48 days, 6:37:08
2025-04-18 12:00:08,820 DEBUG fetch_uap_data - Parsing event date from: '8:31pm, April 18 2025'
2025-04-18 12:00:08,821 DEBUG fetch_uap_data - Parsed datetime using dateparser: 2025-04-18 20:31:00+00:00
2025-04-18 12:00:09,815 DEBUG fetch_uap_data - Geocoded location 'Bacoor Cavite, Philippines' to (14.458816, 120.959579).
2025-04-18 12:00:09,944 DEBUG fetch_uap_data - Added post with ID 1k2aeaa
2025-04-18 12:00:10,945 DEBUG fetch_uap_data - Parsing event date from: '11:00pm, April 12th, 2025'
2025-04-18 12:00:10,946 DEBUG fetch_uap_data - Parsed datetime using dateparser: 2025-04-12 23:00:00+00:00
2025-04-18 12:00:11,719 DEBUG fetch_uap_data - Added post with ID 1k24xde
2025-04-18 12:00:12,719 DEBUG fetch_uap_data - Skipping post 1k28eqm as it has no video content.
2025-04-18 12:00:12,719 DEBUG fetch_uap_data - Skipping post 1k27nox as it has no video content.
2025-04-18 12:00:12,719 DEBUG fetch_uap_data - Skipping post 1k23vtu as it has no video content.
2025-04-18 12:00:12,719 INFO fetch_uap_data - Total raw posts iterated: 100
2025-04-18 12:00:12,720 INFO fetch_uap_data - Fetched 2 sightings. Inserting into database...
2025-04-18 12:00:12,749 DEBUG fetch_uap_data - Connected to the PostgreSQL database successfully.
2025-04-18 12:00:12,751 DEBUG fetch_uap_data - Primary key sequence updated.
2025-04-18 12:00:12,751 INFO fetch_uap_data - Inserting 2 records into the database.
2025-04-18 12:00:12,753 INFO fetch_uap_data - Total records processed: 2
2025-04-18 12:00:12,753 INFO fetch_uap_data - Records inserted: 2
2025-04-18 12:00:12,753 INFO fetch_uap_data - Skipped duplicates: 0
2025-04-18 12:00:12,760 DEBUG fetch_uap_data - Primary key sequence updated.
2025-04-18 12:00:12,760 DEBUG fetch_uap_data - Database connection closed.
2025-04-18 12:00:13,247 INFO fetch_uap_data - Fetched 8 flight records for location (14.458816, 120.959579)
2025-04-18 12:00:13,384 DEBUG fetch_uap_data - Connected to the PostgreSQL database successfully.
2025-04-18 12:00:13,397 INFO fetch_uap_data - Inserted 8 flight records for UAP source https://www.reddit.com/r/UFOs/comments/1k2aeaa/ufoorb_sightings_with_my_kid/
2025-04-18 12:00:13,399 WARNING fetch_uap_data - Skipping flight data fetch due to missing event_date or location for UAP source https://www.reddit.com/r/UFOs/comments/1k24xde/can_someone_tell_me_what_we_saw/
2025-04-18 12:00:16,539 INFO fetch_uap_data - Email notification sent successfully.
2025-04-18 12:00:16,539 INFO fetch_uap_data - Script finished. Total runtime: 0:00:13.313350
