2025-04-02 20:54:16,652 INFO <input> - Reddit API initialized successfully.
2025-04-02 20:54:16,667 INFO <input> - Script started.
2025-04-02 20:54:16,667 INFO <input> - Fetching UAP sightings from Reddit...
2025-04-02 20:54:16,667 INFO <input> - Fetching posts from subreddit: UFOs
2025-04-02 20:54:18,995 DEBUG <input> - Parsing event date from: 'Last week'
2025-04-02 20:54:19,017 DEBUG <input> - Parsed datetime using dateparser: 2025-03-26 20:54:19.016718
2025-04-02 20:54:19,619 DEBUG <input> - Geocoded location 'La Serena, Chile' to (-29.902631, -71.252025).
2025-04-02 20:54:19,745 DEBUG <input> - Added post with ID 1jq82em
2025-04-02 20:54:20,745 DEBUG <input> - Skipping post 1jq3yvf as it has no video content.
2025-04-02 20:54:20,746 INFO <input> - Fetched 1 sightings. Inserting into database...
2025-04-02 20:54:20,773 DEBUG <input> - Connected to the PostgreSQL database successfully.
2025-04-02 20:54:20,774 DEBUG <input> - Primary key sequence updated.
2025-04-02 20:54:20,775 INFO <input> - Inserting 1 records into the database.
2025-04-02 20:54:20,776 INFO <input> - Total records processed: 1
2025-04-02 20:54:20,776 INFO <input> - Records inserted: 1
2025-04-02 20:54:20,776 INFO <input> - Skipped duplicates: 0
2025-04-02 20:54:20,782 DEBUG <input> - Primary key sequence updated.
2025-04-02 20:54:20,782 INFO <input> - Dry run mode enabled: transaction rolled back. No changes were saved.
2025-04-02 20:54:20,782 DEBUG <input> - Database connection closed.
2025-04-02 20:54:21,392 INFO <input> - Fetched 4 flight records for location (-29.902631, -71.252025)
2025-04-02 20:54:21,422 DEBUG <input> - Connected to the PostgreSQL database successfully.
2025-04-02 20:54:21,422 ERROR <input> - Error inserting flight data: 'str' object has no attribute 'get'
2025-04-02 20:54:24,248 INFO <input> - Email notification sent successfully.
2025-04-02 20:54:24,248 INFO <input> - Script finished. Total runtime: 0:00:07.581169
